{"D:\\nepalink-backend\\src\\index.ts": {"path":"D:\\nepalink-backend\\src\\index.ts","statementMap":{"0":{"start":{"line":51,"column":0},"end":{"line":51,"column":66}},"1":{"start":{"line":52,"column":0},"end":{"line":52,"column":45}},"2":{"start":{"line":53,"column":0},"end":{"line":53,"column":46}},"3":{"start":{"line":54,"column":0},"end":{"line":54,"column":47}},"4":{"start":{"line":55,"column":0},"end":{"line":55,"column":53}},"5":{"start":{"line":56,"column":0},"end":{"line":56,"column":24}},"6":{"start":{"line":57,"column":0},"end":{"line":57,"column":24}},"7":{"start":{"line":58,"column":0},"end":{"line":58,"column":41}},"8":{"start":{"line":60,"column":25},"end":{"line":60,"column":34}},"9":{"start":{"line":62,"column":0},"end":{"line":65,"column":4}},"10":{"start":{"line":67,"column":0},"end":{"line":67,"column":24}},"11":{"start":{"line":68,"column":0},"end":{"line":68,"column":24}},"12":{"start":{"line":69,"column":0},"end":{"line":69,"column":48}},"13":{"start":{"line":71,"column":0},"end":{"line":71,"column":33}},"14":{"start":{"line":72,"column":0},"end":{"line":72,"column":34}},"15":{"start":{"line":73,"column":0},"end":{"line":73,"column":35}},"16":{"start":{"line":74,"column":0},"end":{"line":74,"column":37}},"17":{"start":{"line":76,"column":0},"end":{"line":76,"column":72}},"18":{"start":{"line":78,"column":0},"end":{"line":80,"column":3}},"19":{"start":{"line":79,"column":2},"end":{"line":79,"column":80}},"20":{"start":{"line":82,"column":0},"end":{"line":82,"column":19}}},"fnMap":{"0":{"name":"(anonymous_1)","decl":{"start":{"line":78,"column":13},"end":{"line":78,"column":14}},"loc":{"start":{"line":78,"column":45},"end":{"line":80,"column":1}}}},"branchMap":{},"s":{"0":5,"1":5,"2":5,"3":5,"4":5,"5":5,"6":5,"7":5,"8":5,"9":5,"10":5,"11":5,"12":5,"13":5,"14":5,"15":5,"16":5,"17":5,"18":5,"19":0,"20":5},"f":{"0":0},"b":{}}
,"D:\\nepalink-backend\\src\\config\\index.ts": {"path":"D:\\nepalink-backend\\src\\config\\index.ts","statementMap":{"0":{"start":{"line":1,"column":0},"end":{"line":1,"column":28}},"1":{"start":{"line":2,"column":0},"end":{"line":2,"column":16}},"2":{"start":{"line":5,"column":13},"end":{"line":6,"column":55}},"3":{"start":{"line":8,"column":13},"end":{"line":9,"column":66}},"4":{"start":{"line":11,"column":13},"end":{"line":12,"column":38}}},"fnMap":{},"branchMap":{"0":{"loc":{"start":{"line":6,"column":2},"end":{"line":6,"column":54}},"type":"cond-expr","locations":[{"start":{"line":6,"column":21},"end":{"line":6,"column":47}},{"start":{"line":6,"column":50},"end":{"line":6,"column":54}}]},"1":{"loc":{"start":{"line":9,"column":2},"end":{"line":9,"column":65}},"type":"binary-expr","locations":[{"start":{"line":9,"column":2},"end":{"line":9,"column":25}},{"start":{"line":9,"column":29},"end":{"line":9,"column":65}}]},"2":{"loc":{"start":{"line":12,"column":2},"end":{"line":12,"column":37}},"type":"binary-expr","locations":[{"start":{"line":12,"column":2},"end":{"line":12,"column":24}},{"start":{"line":12,"column":28},"end":{"line":12,"column":37}}]}},"s":{"0":5,"1":5,"2":5,"3":5,"4":5},"f":{},"b":{"0":[5,0],"1":[5,0],"2":[5,0]}}
,"D:\\nepalink-backend\\src\\controllers\\auth.controller.ts": {"path":"D:\\nepalink-backend\\src\\controllers\\auth.controller.ts","statementMap":{"0":{"start":{"line":2,"column":0},"end":{"line":2,"column":63}},"1":{"start":{"line":3,"column":0},"end":{"line":3,"column":55}},"2":{"start":{"line":5,"column":20},"end":{"line":5,"column":37}},"3":{"start":{"line":9,"column":4},"end":{"line":32,"column":5}},"4":{"start":{"line":10,"column":25},"end":{"line":10,"column":58}},"5":{"start":{"line":11,"column":6},"end":{"line":16,"column":7}},"6":{"start":{"line":12,"column":8},"end":{"line":15,"column":11}},"7":{"start":{"line":14,"column":56},"end":{"line":14,"column":69}},"8":{"start":{"line":18,"column":23},"end":{"line":18,"column":38}},"9":{"start":{"line":19,"column":19},"end":{"line":19,"column":43}},"10":{"start":{"line":20,"column":22},"end":{"line":20,"column":73}},"11":{"start":{"line":22,"column":6},"end":{"line":26,"column":9}},"12":{"start":{"line":28,"column":6},"end":{"line":31,"column":9}},"13":{"start":{"line":36,"column":4},"end":{"line":66,"column":5}},"14":{"start":{"line":37,"column":25},"end":{"line":37,"column":57}},"15":{"start":{"line":38,"column":6},"end":{"line":43,"column":7}},"16":{"start":{"line":39,"column":8},"end":{"line":42,"column":11}},"17":{"start":{"line":41,"column":56},"end":{"line":41,"column":69}},"18":{"start":{"line":45,"column":24},"end":{"line":45,"column":39}},"19":{"start":{"line":46,"column":30},"end":{"line":46,"column":68}},"20":{"start":{"line":49,"column":6},"end":{"line":53,"column":9}},"21":{"start":{"line":55,"column":6},"end":{"line":60,"column":9}},"22":{"start":{"line":62,"column":6},"end":{"line":65,"column":9}},"23":{"start":{"line":7,"column":0},"end":{"line":7,"column":13}}},"fnMap":{"0":{"name":"(anonymous_0)","decl":{"start":{"line":8,"column":2},"end":{"line":8,"column":7}},"loc":{"start":{"line":8,"column":44},"end":{"line":33,"column":3}}},"1":{"name":"(anonymous_1)","decl":{"start":{"line":14,"column":47},"end":{"line":14,"column":52}},"loc":{"start":{"line":14,"column":56},"end":{"line":14,"column":69}}},"2":{"name":"(anonymous_2)","decl":{"start":{"line":35,"column":2},"end":{"line":35,"column":7}},"loc":{"start":{"line":35,"column":41},"end":{"line":67,"column":3}}},"3":{"name":"(anonymous_3)","decl":{"start":{"line":41,"column":47},"end":{"line":41,"column":52}},"loc":{"start":{"line":41,"column":56},"end":{"line":41,"column":69}}}},"branchMap":{"0":{"loc":{"start":{"line":11,"column":6},"end":{"line":16,"column":7}},"type":"if","locations":[{"start":{"line":11,"column":6},"end":{"line":16,"column":7}},{"start":{},"end":{}}]},"1":{"loc":{"start":{"line":19,"column":19},"end":{"line":19,"column":43}},"type":"binary-expr","locations":[{"start":{"line":19,"column":19},"end":{"line":19,"column":32}},{"start":{"line":19,"column":36},"end":{"line":19,"column":43}}]},"2":{"loc":{"start":{"line":28,"column":24},"end":{"line":28,"column":47}},"type":"binary-expr","locations":[{"start":{"line":28,"column":24},"end":{"line":28,"column":40}},{"start":{"line":28,"column":44},"end":{"line":28,"column":47}}]},"3":{"loc":{"start":{"line":30,"column":17},"end":{"line":30,"column":57}},"type":"binary-expr","locations":[{"start":{"line":30,"column":17},"end":{"line":30,"column":30}},{"start":{"line":30,"column":34},"end":{"line":30,"column":57}}]},"4":{"loc":{"start":{"line":38,"column":6},"end":{"line":43,"column":7}},"type":"if","locations":[{"start":{"line":38,"column":6},"end":{"line":43,"column":7}},{"start":{},"end":{}}]},"5":{"loc":{"start":{"line":62,"column":24},"end":{"line":62,"column":47}},"type":"binary-expr","locations":[{"start":{"line":62,"column":24},"end":{"line":62,"column":40}},{"start":{"line":62,"column":44},"end":{"line":62,"column":47}}]},"6":{"loc":{"start":{"line":64,"column":17},"end":{"line":64,"column":57}},"type":"binary-expr","locations":[{"start":{"line":64,"column":17},"end":{"line":64,"column":30}},{"start":{"line":64,"column":34},"end":{"line":64,"column":57}}]}},"s":{"0":5,"1":5,"2":5,"3":20,"4":20,"5":20,"6":1,"7":3,"8":19,"9":19,"10":19,"11":17,"12":2,"13":0,"14":0,"15":0,"16":0,"17":0,"18":0,"19":0,"20":0,"21":0,"22":0,"23":5},"f":{"0":20,"1":3,"2":0,"3":0},"b":{"0":[1,19],"1":[19,19],"2":[2,0],"3":[2,0],"4":[0,0],"5":[0,0],"6":[0,0]}}
,"D:\\nepalink-backend\\src\\controllers\\password.controller.ts": {"path":"D:\\nepalink-backend\\src\\controllers\\password.controller.ts","statementMap":{"0":{"start":{"line":2,"column":0},"end":{"line":2,"column":28}},"1":{"start":{"line":3,"column":0},"end":{"line":3,"column":32}},"2":{"start":{"line":4,"column":0},"end":{"line":4,"column":49}},"3":{"start":{"line":5,"column":0},"end":{"line":5,"column":62}},"4":{"start":{"line":6,"column":0},"end":{"line":6,"column":59}},"5":{"start":{"line":10,"column":4},"end":{"line":28,"column":5}},"6":{"start":{"line":11,"column":24},"end":{"line":11,"column":32}},"7":{"start":{"line":12,"column":19},"end":{"line":12,"column":53}},"8":{"start":{"line":13,"column":6},"end":{"line":15,"column":7}},"9":{"start":{"line":14,"column":8},"end":{"line":14,"column":83}},"10":{"start":{"line":18,"column":20},"end":{"line":18,"column":58}},"11":{"start":{"line":19,"column":24},"end":{"line":19,"column":61}},"12":{"start":{"line":21,"column":6},"end":{"line":21,"column":75}},"13":{"start":{"line":23,"column":6},"end":{"line":23,"column":46}},"14":{"start":{"line":25,"column":6},"end":{"line":25,"column":82}},"15":{"start":{"line":27,"column":6},"end":{"line":27,"column":78}},"16":{"start":{"line":32,"column":4},"end":{"line":54,"column":5}},"17":{"start":{"line":33,"column":24},"end":{"line":33,"column":34}},"18":{"start":{"line":34,"column":27},"end":{"line":34,"column":35}},"19":{"start":{"line":36,"column":25},"end":{"line":36,"column":65}},"20":{"start":{"line":37,"column":6},"end":{"line":39,"column":7}},"21":{"start":{"line":38,"column":8},"end":{"line":38,"column":93}},"22":{"start":{"line":41,"column":19},"end":{"line":41,"column":62}},"23":{"start":{"line":42,"column":6},"end":{"line":44,"column":7}},"24":{"start":{"line":43,"column":8},"end":{"line":43,"column":83}},"25":{"start":{"line":46,"column":6},"end":{"line":46,"column":56}},"26":{"start":{"line":47,"column":6},"end":{"line":47,"column":24}},"27":{"start":{"line":49,"column":6},"end":{"line":49,"column":63}},"28":{"start":{"line":51,"column":6},"end":{"line":51,"column":91}},"29":{"start":{"line":53,"column":6},"end":{"line":53,"column":78}},"30":{"start":{"line":8,"column":0},"end":{"line":8,"column":13}}},"fnMap":{"0":{"name":"(anonymous_1)","decl":{"start":{"line":9,"column":2},"end":{"line":9,"column":7}},"loc":{"start":{"line":9,"column":50},"end":{"line":29,"column":3}}},"1":{"name":"(anonymous_2)","decl":{"start":{"line":31,"column":2},"end":{"line":31,"column":7}},"loc":{"start":{"line":31,"column":49},"end":{"line":55,"column":3}}}},"branchMap":{"0":{"loc":{"start":{"line":13,"column":6},"end":{"line":15,"column":7}},"type":"if","locations":[{"start":{"line":13,"column":6},"end":{"line":15,"column":7}},{"start":{},"end":{}}]},"1":{"loc":{"start":{"line":37,"column":6},"end":{"line":39,"column":7}},"type":"if","locations":[{"start":{"line":37,"column":6},"end":{"line":39,"column":7}},{"start":{},"end":{}}]},"2":{"loc":{"start":{"line":37,"column":10},"end":{"line":37,"column":58}},"type":"binary-expr","locations":[{"start":{"line":37,"column":10},"end":{"line":37,"column":21}},{"start":{"line":37,"column":25},"end":{"line":37,"column":58}}]},"3":{"loc":{"start":{"line":42,"column":6},"end":{"line":44,"column":7}},"type":"if","locations":[{"start":{"line":42,"column":6},"end":{"line":44,"column":7}},{"start":{},"end":{}}]}},"s":{"0":5,"1":5,"2":5,"3":5,"4":5,"5":2,"6":2,"7":2,"8":2,"9":1,"10":1,"11":1,"12":1,"13":1,"14":1,"15":0,"16":4,"17":4,"18":4,"19":4,"20":4,"21":2,"22":2,"23":2,"24":1,"25":1,"26":1,"27":1,"28":1,"29":0,"30":5},"f":{"0":2,"1":4},"b":{"0":[1,1],"1":[2,2],"2":[4,3],"3":[1,1]}}
,"D:\\nepalink-backend\\src\\controllers\\user.controller.ts": {"path":"D:\\nepalink-backend\\src\\controllers\\user.controller.ts","statementMap":{"0":{"start":{"line":2,"column":0},"end":{"line":2,"column":49}},"1":{"start":{"line":3,"column":0},"end":{"line":3,"column":24}},"2":{"start":{"line":4,"column":0},"end":{"line":4,"column":20}},"3":{"start":{"line":7,"column":27},"end":{"line":23,"column":1}},"4":{"start":{"line":8,"column":2},"end":{"line":22,"column":3}},"5":{"start":{"line":9,"column":19},"end":{"line":9,"column":32}},"6":{"start":{"line":10,"column":17},"end":{"line":10,"column":69}},"7":{"start":{"line":12,"column":4},"end":{"line":14,"column":5}},"8":{"start":{"line":13,"column":6},"end":{"line":13,"column":81}},"9":{"start":{"line":16,"column":4},"end":{"line":19,"column":7}},"10":{"start":{"line":21,"column":4},"end":{"line":21,"column":76}},"11":{"start":{"line":7,"column":13},"end":{"line":7,"column":27}},"12":{"start":{"line":26,"column":36},"end":{"line":60,"column":1}},"13":{"start":{"line":27,"column":2},"end":{"line":59,"column":3}},"14":{"start":{"line":28,"column":19},"end":{"line":28,"column":32}},"15":{"start":{"line":30,"column":4},"end":{"line":32,"column":5}},"16":{"start":{"line":31,"column":6},"end":{"line":31,"column":83}},"17":{"start":{"line":34,"column":17},"end":{"line":34,"column":49}},"18":{"start":{"line":35,"column":4},"end":{"line":37,"column":5}},"19":{"start":{"line":36,"column":6},"end":{"line":36,"column":81}},"20":{"start":{"line":40,"column":4},"end":{"line":45,"column":5}},"21":{"start":{"line":41,"column":22},"end":{"line":41,"column":74}},"22":{"start":{"line":42,"column":6},"end":{"line":44,"column":7}},"23":{"start":{"line":43,"column":8},"end":{"line":43,"column":31}},"24":{"start":{"line":48,"column":21},"end":{"line":48,"column":38}},"25":{"start":{"line":49,"column":4},"end":{"line":49,"column":29}},"26":{"start":{"line":50,"column":4},"end":{"line":50,"column":22}},"27":{"start":{"line":52,"column":4},"end":{"line":56,"column":7}},"28":{"start":{"line":58,"column":4},"end":{"line":58,"column":76}},"29":{"start":{"line":26,"column":13},"end":{"line":26,"column":36}}},"fnMap":{"0":{"name":"(anonymous_1)","decl":{"start":{"line":7,"column":27},"end":{"line":7,"column":32}},"loc":{"start":{"line":7,"column":65},"end":{"line":23,"column":1}}},"1":{"name":"(anonymous_2)","decl":{"start":{"line":26,"column":36},"end":{"line":26,"column":41}},"loc":{"start":{"line":26,"column":74},"end":{"line":60,"column":1}}}},"branchMap":{"0":{"loc":{"start":{"line":12,"column":4},"end":{"line":14,"column":5}},"type":"if","locations":[{"start":{"line":12,"column":4},"end":{"line":14,"column":5}},{"start":{},"end":{}}]},"1":{"loc":{"start":{"line":30,"column":4},"end":{"line":32,"column":5}},"type":"if","locations":[{"start":{"line":30,"column":4},"end":{"line":32,"column":5}},{"start":{},"end":{}}]},"2":{"loc":{"start":{"line":35,"column":4},"end":{"line":37,"column":5}},"type":"if","locations":[{"start":{"line":35,"column":4},"end":{"line":37,"column":5}},{"start":{},"end":{}}]},"3":{"loc":{"start":{"line":40,"column":4},"end":{"line":45,"column":5}},"type":"if","locations":[{"start":{"line":40,"column":4},"end":{"line":45,"column":5}},{"start":{},"end":{}}]},"4":{"loc":{"start":{"line":40,"column":8},"end":{"line":40,"column":64}},"type":"binary-expr","locations":[{"start":{"line":40,"column":8},"end":{"line":40,"column":21}},{"start":{"line":40,"column":25},"end":{"line":40,"column":64}}]},"5":{"loc":{"start":{"line":42,"column":6},"end":{"line":44,"column":7}},"type":"if","locations":[{"start":{"line":42,"column":6},"end":{"line":44,"column":7}},{"start":{},"end":{}}]}},"s":{"0":5,"1":5,"2":5,"3":5,"4":0,"5":0,"6":0,"7":0,"8":0,"9":0,"10":0,"11":5,"12":5,"13":5,"14":5,"15":5,"16":1,"17":4,"18":4,"19":0,"20":4,"21":0,"22":0,"23":0,"24":4,"25":4,"26":4,"27":4,"28":0,"29":5},"f":{"0":0,"1":5},"b":{"0":[0,0],"1":[1,4],"2":[0,4],"3":[0,4],"4":[4,4],"5":[0,0]}}
,"D:\\nepalink-backend\\src\\dtos\\user.dto.ts": {"path":"D:\\nepalink-backend\\src\\dtos\\user.dto.ts","statementMap":{"0":{"start":{"line":1,"column":0},"end":{"line":1,"column":20}},"1":{"start":{"line":4,"column":13},"end":{"line":9,"column":3}},"2":{"start":{"line":14,"column":13},"end":{"line":17,"column":3}}},"fnMap":{},"branchMap":{},"s":{"0":5,"1":5,"2":5},"f":{},"b":{}}
,"D:\\nepalink-backend\\src\\errors\\http-error.ts": {"path":"D:\\nepalink-backend\\src\\errors\\http-error.ts","statementMap":{"0":{"start":{"line":5,"column":4},"end":{"line":5,"column":19}},"1":{"start":{"line":6,"column":4},"end":{"line":6,"column":33}},"2":{"start":{"line":1,"column":0},"end":{"line":1,"column":13}}},"fnMap":{"0":{"name":"(anonymous_0)","decl":{"start":{"line":4,"column":2},"end":{"line":4,"column":14}},"loc":{"start":{"line":4,"column":49},"end":{"line":7,"column":3}}}},"branchMap":{},"s":{"0":4,"1":4,"2":5},"f":{"0":4},"b":{}}
,"D:\\nepalink-backend\\src\\middlewares\\admin.middleware.ts": {"path":"D:\\nepalink-backend\\src\\middlewares\\admin.middleware.ts","statementMap":{"0":{"start":{"line":2,"column":0},"end":{"line":2,"column":31}},"1":{"start":{"line":3,"column":0},"end":{"line":3,"column":39}},"2":{"start":{"line":5,"column":23},"end":{"line":25,"column":1}},"3":{"start":{"line":6,"column":2},"end":{"line":24,"column":3}},"4":{"start":{"line":8,"column":18},"end":{"line":8,"column":41}},"5":{"start":{"line":9,"column":4},"end":{"line":11,"column":5}},"6":{"start":{"line":10,"column":6},"end":{"line":10,"column":84}},"7":{"start":{"line":13,"column":25},"end":{"line":13,"column":54}},"8":{"start":{"line":15,"column":4},"end":{"line":17,"column":5}},"9":{"start":{"line":16,"column":6},"end":{"line":16,"column":94}},"10":{"start":{"line":20,"column":5},"end":{"line":20,"column":32}},"11":{"start":{"line":21,"column":4},"end":{"line":21,"column":11}},"12":{"start":{"line":23,"column":4},"end":{"line":23,"column":78}},"13":{"start":{"line":5,"column":13},"end":{"line":5,"column":23}}},"fnMap":{"0":{"name":"(anonymous_1)","decl":{"start":{"line":5,"column":23},"end":{"line":5,"column":24}},"loc":{"start":{"line":5,"column":75},"end":{"line":25,"column":1}}}},"branchMap":{"0":{"loc":{"start":{"line":9,"column":4},"end":{"line":11,"column":5}},"type":"if","locations":[{"start":{"line":9,"column":4},"end":{"line":11,"column":5}},{"start":{},"end":{}}]},"1":{"loc":{"start":{"line":15,"column":4},"end":{"line":17,"column":5}},"type":"if","locations":[{"start":{"line":15,"column":4},"end":{"line":17,"column":5}},{"start":{},"end":{}}]}},"s":{"0":5,"1":5,"2":5,"3":16,"4":16,"5":16,"6":0,"7":16,"8":16,"9":1,"10":15,"11":15,"12":0,"13":5},"f":{"0":16},"b":{"0":[0,16],"1":[1,15]}}
,"D:\\nepalink-backend\\src\\middlewares\\upload.middleware.ts": {"path":"D:\\nepalink-backend\\src\\middlewares\\upload.middleware.ts","statementMap":{"0":{"start":{"line":1,"column":0},"end":{"line":1,"column":28}},"1":{"start":{"line":2,"column":0},"end":{"line":2,"column":24}},"2":{"start":{"line":3,"column":0},"end":{"line":3,"column":24}},"3":{"start":{"line":4,"column":0},"end":{"line":4,"column":20}},"4":{"start":{"line":6,"column":0},"end":{"line":6,"column":49}},"5":{"start":{"line":8,"column":18},"end":{"line":8,"column":55}},"6":{"start":{"line":9,"column":0},"end":{"line":11,"column":1}},"7":{"start":{"line":10,"column":4},"end":{"line":10,"column":49}},"8":{"start":{"line":12,"column":16},"end":{"line":21,"column":2}},"9":{"start":{"line":14,"column":8},"end":{"line":14,"column":28}},"10":{"start":{"line":17,"column":20},"end":{"line":17,"column":51}},"11":{"start":{"line":18,"column":25},"end":{"line":18,"column":45}},"12":{"start":{"line":19,"column":8},"end":{"line":19,"column":27}},"13":{"start":{"line":22,"column":19},"end":{"line":29,"column":1}},"14":{"start":{"line":23,"column":29},"end":{"line":23,"column":69}},"15":{"start":{"line":24,"column":4},"end":{"line":28,"column":5}},"16":{"start":{"line":25,"column":8},"end":{"line":25,"column":23}},"17":{"start":{"line":27,"column":8},"end":{"line":27,"column":89}},"18":{"start":{"line":31,"column":15},"end":{"line":36,"column":null}},"19":{"start":{"line":39,"column":13},"end":{"line":43,"column":null}},"20":{"start":{"line":40,"column":35},"end":{"line":40,"column":59}},"21":{"start":{"line":41,"column":52},"end":{"line":41,"column":85}},"22":{"start":{"line":42,"column":63},"end":{"line":42,"column":84}}},"fnMap":{"0":{"name":"(anonymous_1)","decl":{"start":{"line":13,"column":17},"end":{"line":13,"column":27}},"loc":{"start":{"line":13,"column":40},"end":{"line":15,"column":5}}},"1":{"name":"(anonymous_2)","decl":{"start":{"line":16,"column":14},"end":{"line":16,"column":24}},"loc":{"start":{"line":16,"column":37},"end":{"line":20,"column":5}}},"2":{"name":"(anonymous_3)","decl":{"start":{"line":22,"column":19},"end":{"line":22,"column":20}},"loc":{"start":{"line":22,"column":94},"end":{"line":29,"column":1}}},"3":{"name":"(anonymous_4)","decl":{"start":{"line":40,"column":12},"end":{"line":40,"column":13}},"loc":{"start":{"line":40,"column":35},"end":{"line":40,"column":59}}},"4":{"name":"(anonymous_5)","decl":{"start":{"line":41,"column":11},"end":{"line":41,"column":12}},"loc":{"start":{"line":41,"column":52},"end":{"line":41,"column":85}}},"5":{"name":"(anonymous_6)","decl":{"start":{"line":42,"column":12},"end":{"line":42,"column":13}},"loc":{"start":{"line":42,"column":63},"end":{"line":42,"column":84}}}},"branchMap":{"0":{"loc":{"start":{"line":9,"column":0},"end":{"line":11,"column":1}},"type":"if","locations":[{"start":{"line":9,"column":0},"end":{"line":11,"column":1}},{"start":{},"end":{}}]},"1":{"loc":{"start":{"line":24,"column":4},"end":{"line":28,"column":5}},"type":"if","locations":[{"start":{"line":24,"column":4},"end":{"line":28,"column":5}},{"start":{"line":26,"column":11},"end":{"line":28,"column":5}}]}},"s":{"0":5,"1":5,"2":5,"3":5,"4":5,"5":5,"6":5,"7":0,"8":5,"9":5,"10":5,"11":5,"12":5,"13":5,"14":7,"15":7,"16":5,"17":2,"18":5,"19":5,"20":20,"21":0,"22":0},"f":{"0":5,"1":5,"2":7,"3":20,"4":0,"5":0},"b":{"0":[0,5],"1":[5,2]}}
,"D:\\nepalink-backend\\src\\models\\reset-token.model.ts": {"path":"D:\\nepalink-backend\\src\\models\\reset-token.model.ts","statementMap":{"0":{"start":{"line":1,"column":0},"end":{"line":1,"column":54}},"1":{"start":{"line":3,"column":25},"end":{"line":7,"column":2}},"2":{"start":{"line":15,"column":13},"end":{"line":15,"column":91}}},"fnMap":{},"branchMap":{},"s":{"0":5,"1":5,"2":5},"f":{},"b":{}}
,"D:\\nepalink-backend\\src\\models\\user.model.ts": {"path":"D:\\nepalink-backend\\src\\models\\user.model.ts","statementMap":{"0":{"start":{"line":1,"column":0},"end":{"line":1,"column":54}},"1":{"start":{"line":4,"column":27},"end":{"line":19,"column":null}},"2":{"start":{"line":35,"column":13},"end":{"line":35,"column":67}}},"fnMap":{},"branchMap":{},"s":{"0":5,"1":5,"2":5},"f":{},"b":{}}
,"D:\\nepalink-backend\\src\\repositories\\user.repository.ts": {"path":"D:\\nepalink-backend\\src\\repositories\\user.repository.ts","statementMap":{"0":{"start":{"line":1,"column":0},"end":{"line":1,"column":56}},"1":{"start":{"line":2,"column":0},"end":{"line":2,"column":32}},"2":{"start":{"line":16,"column":17},"end":{"line":16,"column":40}},"3":{"start":{"line":17,"column":4},"end":{"line":17,"column":29}},"4":{"start":{"line":21,"column":4},"end":{"line":21,"column":46}},"5":{"start":{"line":25,"column":4},"end":{"line":25,"column":46}},"6":{"start":{"line":30,"column":4},"end":{"line":30,"column":58}},"7":{"start":{"line":30,"column":46},"end":{"line":30,"column":58}},"8":{"start":{"line":31,"column":4},"end":{"line":31,"column":60}},"9":{"start":{"line":36,"column":4},"end":{"line":36,"column":34}},"10":{"start":{"line":40,"column":4},"end":{"line":40,"column":76}},"11":{"start":{"line":44,"column":19},"end":{"line":44,"column":56}},"12":{"start":{"line":45,"column":4},"end":{"line":45,"column":33}},"13":{"start":{"line":14,"column":0},"end":{"line":14,"column":13}}},"fnMap":{"0":{"name":"(anonymous_1)","decl":{"start":{"line":15,"column":2},"end":{"line":15,"column":7}},"loc":{"start":{"line":15,"column":43},"end":{"line":18,"column":3}}},"1":{"name":"(anonymous_2)","decl":{"start":{"line":20,"column":2},"end":{"line":20,"column":7}},"loc":{"start":{"line":20,"column":36},"end":{"line":22,"column":3}}},"2":{"name":"(anonymous_3)","decl":{"start":{"line":24,"column":2},"end":{"line":24,"column":7}},"loc":{"start":{"line":24,"column":36},"end":{"line":26,"column":3}}},"3":{"name":"(anonymous_4)","decl":{"start":{"line":29,"column":2},"end":{"line":29,"column":7}},"loc":{"start":{"line":29,"column":30},"end":{"line":32,"column":3}}},"4":{"name":"(anonymous_5)","decl":{"start":{"line":35,"column":2},"end":{"line":35,"column":7}},"loc":{"start":{"line":35,"column":19},"end":{"line":37,"column":3}}},"5":{"name":"(anonymous_6)","decl":{"start":{"line":39,"column":2},"end":{"line":39,"column":7}},"loc":{"start":{"line":39,"column":57},"end":{"line":41,"column":3}}},"6":{"name":"(anonymous_7)","decl":{"start":{"line":43,"column":2},"end":{"line":43,"column":7}},"loc":{"start":{"line":43,"column":29},"end":{"line":46,"column":3}}}},"branchMap":{"0":{"loc":{"start":{"line":30,"column":4},"end":{"line":30,"column":58}},"type":"if","locations":[{"start":{"line":30,"column":4},"end":{"line":30,"column":58}},{"start":{},"end":{}}]},"1":{"loc":{"start":{"line":45,"column":11},"end":{"line":45,"column":32}},"type":"cond-expr","locations":[{"start":{"line":45,"column":20},"end":{"line":45,"column":24}},{"start":{"line":45,"column":27},"end":{"line":45,"column":32}}]}},"s":{"0":5,"1":5,"2":21,"3":21,"4":19,"5":18,"6":5,"7":1,"8":4,"9":0,"10":1,"11":1,"12":1,"13":5},"f":{"0":21,"1":19,"2":18,"3":5,"4":0,"5":1,"6":1},"b":{"0":[1,4],"1":[1,0]}}
,"D:\\nepalink-backend\\src\\routes\\admin.route.ts": {"path":"D:\\nepalink-backend\\src\\routes\\admin.route.ts","statementMap":{"0":{"start":{"line":1,"column":0},"end":{"line":1,"column":30}},"1":{"start":{"line":2,"column":0},"end":{"line":2,"column":59}},"2":{"start":{"line":3,"column":0},"end":{"line":3,"column":65}},"3":{"start":{"line":4,"column":0},"end":{"line":4,"column":58}},"4":{"start":{"line":5,"column":0},"end":{"line":5,"column":49}},"5":{"start":{"line":6,"column":0},"end":{"line":6,"column":32}},"6":{"start":{"line":8,"column":20},"end":{"line":8,"column":36}},"7":{"start":{"line":9,"column":23},"end":{"line":9,"column":43}},"8":{"start":{"line":12,"column":0},"end":{"line":36,"column":3}},"9":{"start":{"line":13,"column":2},"end":{"line":35,"column":3}},"10":{"start":{"line":14,"column":4},"end":{"line":14,"column":35}},"11":{"start":{"line":15,"column":4},"end":{"line":15,"column":35}},"12":{"start":{"line":17,"column":21},"end":{"line":17,"column":29}},"13":{"start":{"line":18,"column":4},"end":{"line":20,"column":5}},"14":{"start":{"line":19,"column":6},"end":{"line":19,"column":44}},"15":{"start":{"line":23,"column":4},"end":{"line":25,"column":5}},"16":{"start":{"line":24,"column":6},"end":{"line":24,"column":90}},"17":{"start":{"line":28,"column":4},"end":{"line":28,"column":67}},"18":{"start":{"line":30,"column":20},"end":{"line":30,"column":61}},"19":{"start":{"line":31,"column":4},"end":{"line":31,"column":66}},"20":{"start":{"line":33,"column":4},"end":{"line":33,"column":47}},"21":{"start":{"line":34,"column":4},"end":{"line":34,"column":76}},"22":{"start":{"line":39,"column":0},"end":{"line":59,"column":3}},"23":{"start":{"line":40,"column":2},"end":{"line":58,"column":3}},"24":{"start":{"line":41,"column":17},"end":{"line":41,"column":56}},"25":{"start":{"line":42,"column":18},"end":{"line":42,"column":59}},"26":{"start":{"line":43,"column":17},"end":{"line":43,"column":35}},"27":{"start":{"line":45,"column":17},"end":{"line":45,"column":41}},"28":{"start":{"line":46,"column":17},"end":{"line":46,"column":41}},"29":{"start":{"line":48,"column":23},"end":{"line":48,"column":25}},"30":{"start":{"line":49,"column":4},"end":{"line":49,"column":32}},"31":{"start":{"line":49,"column":14},"end":{"line":49,"column":32}},"32":{"start":{"line":50,"column":4},"end":{"line":50,"column":49}},"33":{"start":{"line":50,"column":14},"end":{"line":50,"column":49}},"34":{"start":{"line":52,"column":18},"end":{"line":52,"column":69}},"35":{"start":{"line":53,"column":18},"end":{"line":53,"column":55}},"36":{"start":{"line":55,"column":4},"end":{"line":55,"column":84}},"37":{"start":{"line":57,"column":4},"end":{"line":57,"column":76}},"38":{"start":{"line":62,"column":0},"end":{"line":70,"column":3}},"39":{"start":{"line":63,"column":2},"end":{"line":69,"column":3}},"40":{"start":{"line":64,"column":17},"end":{"line":64,"column":64}},"41":{"start":{"line":65,"column":4},"end":{"line":65,"column":90}},"42":{"start":{"line":65,"column":15},"end":{"line":65,"column":90}},"43":{"start":{"line":66,"column":4},"end":{"line":66,"column":63}},"44":{"start":{"line":68,"column":4},"end":{"line":68,"column":76}},"45":{"start":{"line":73,"column":0},"end":{"line":91,"column":3}},"46":{"start":{"line":74,"column":2},"end":{"line":90,"column":3}},"47":{"start":{"line":75,"column":23},"end":{"line":75,"column":31}},"48":{"start":{"line":76,"column":4},"end":{"line":78,"column":5}},"49":{"start":{"line":77,"column":6},"end":{"line":77,"column":46}},"50":{"start":{"line":81,"column":4},"end":{"line":83,"column":5}},"51":{"start":{"line":82,"column":6},"end":{"line":82,"column":73}},"52":{"start":{"line":85,"column":24},"end":{"line":85,"column":82}},"53":{"start":{"line":86,"column":4},"end":{"line":86,"column":97}},"54":{"start":{"line":86,"column":22},"end":{"line":86,"column":97}},"55":{"start":{"line":87,"column":4},"end":{"line":87,"column":70}},"56":{"start":{"line":89,"column":4},"end":{"line":89,"column":76}},"57":{"start":{"line":94,"column":0},"end":{"line":102,"column":3}},"58":{"start":{"line":95,"column":2},"end":{"line":101,"column":3}},"59":{"start":{"line":96,"column":20},"end":{"line":96,"column":66}},"60":{"start":{"line":97,"column":4},"end":{"line":97,"column":93}},"61":{"start":{"line":97,"column":18},"end":{"line":97,"column":93}},"62":{"start":{"line":98,"column":4},"end":{"line":98,"column":89}},"63":{"start":{"line":100,"column":4},"end":{"line":100,"column":76}},"64":{"start":{"line":104,"column":0},"end":{"line":104,"column":27}}},"fnMap":{"0":{"name":"(anonymous_1)","decl":{"start":{"line":12,"column":61},"end":{"line":12,"column":66}},"loc":{"start":{"line":12,"column":80},"end":{"line":36,"column":1}}},"1":{"name":"(anonymous_2)","decl":{"start":{"line":39,"column":35},"end":{"line":39,"column":40}},"loc":{"start":{"line":39,"column":54},"end":{"line":59,"column":1}}},"2":{"name":"(anonymous_3)","decl":{"start":{"line":62,"column":39},"end":{"line":62,"column":44}},"loc":{"start":{"line":62,"column":58},"end":{"line":70,"column":1}}},"3":{"name":"(anonymous_4)","decl":{"start":{"line":73,"column":64},"end":{"line":73,"column":69}},"loc":{"start":{"line":73,"column":83},"end":{"line":91,"column":1}}},"4":{"name":"(anonymous_5)","decl":{"start":{"line":94,"column":42},"end":{"line":94,"column":47}},"loc":{"start":{"line":94,"column":61},"end":{"line":102,"column":1}}}},"branchMap":{"0":{"loc":{"start":{"line":18,"column":4},"end":{"line":20,"column":5}},"type":"if","locations":[{"start":{"line":18,"column":4},"end":{"line":20,"column":5}},{"start":{},"end":{}}]},"1":{"loc":{"start":{"line":23,"column":4},"end":{"line":25,"column":5}},"type":"if","locations":[{"start":{"line":23,"column":4},"end":{"line":25,"column":5}},{"start":{},"end":{}}]},"2":{"loc":{"start":{"line":23,"column":8},"end":{"line":23,"column":81}},"type":"binary-expr","locations":[{"start":{"line":23,"column":8},"end":{"line":23,"column":22}},{"start":{"line":23,"column":26},"end":{"line":23,"column":41}},{"start":{"line":23,"column":45},"end":{"line":23,"column":59}},{"start":{"line":23,"column":63},"end":{"line":23,"column":81}}]},"3":{"loc":{"start":{"line":41,"column":17},"end":{"line":41,"column":56}},"type":"binary-expr","locations":[{"start":{"line":41,"column":17},"end":{"line":41,"column":51}},{"start":{"line":41,"column":55},"end":{"line":41,"column":56}}]},"4":{"loc":{"start":{"line":42,"column":18},"end":{"line":42,"column":59}},"type":"binary-expr","locations":[{"start":{"line":42,"column":18},"end":{"line":42,"column":53}},{"start":{"line":42,"column":57},"end":{"line":42,"column":59}}]},"5":{"loc":{"start":{"line":49,"column":4},"end":{"line":49,"column":32}},"type":"if","locations":[{"start":{"line":49,"column":4},"end":{"line":49,"column":32}},{"start":{},"end":{}}]},"6":{"loc":{"start":{"line":50,"column":4},"end":{"line":50,"column":49}},"type":"if","locations":[{"start":{"line":50,"column":4},"end":{"line":50,"column":49}},{"start":{},"end":{}}]},"7":{"loc":{"start":{"line":65,"column":4},"end":{"line":65,"column":90}},"type":"if","locations":[{"start":{"line":65,"column":4},"end":{"line":65,"column":90}},{"start":{},"end":{}}]},"8":{"loc":{"start":{"line":76,"column":4},"end":{"line":78,"column":5}},"type":"if","locations":[{"start":{"line":76,"column":4},"end":{"line":78,"column":5}},{"start":{},"end":{}}]},"9":{"loc":{"start":{"line":81,"column":4},"end":{"line":83,"column":5}},"type":"if","locations":[{"start":{"line":81,"column":4},"end":{"line":83,"column":5}},{"start":{},"end":{}}]},"10":{"loc":{"start":{"line":86,"column":4},"end":{"line":86,"column":97}},"type":"if","locations":[{"start":{"line":86,"column":4},"end":{"line":86,"column":97}},{"start":{},"end":{}}]},"11":{"loc":{"start":{"line":97,"column":4},"end":{"line":97,"column":93}},"type":"if","locations":[{"start":{"line":97,"column":4},"end":{"line":97,"column":93}},{"start":{},"end":{}}]}},"s":{"0":5,"1":5,"2":5,"3":5,"4":5,"5":5,"6":5,"7":5,"8":5,"9":5,"10":5,"11":5,"12":5,"13":5,"14":0,"15":5,"16":1,"17":4,"18":4,"19":4,"20":0,"21":0,"22":5,"23":3,"24":3,"25":3,"26":3,"27":3,"28":3,"29":3,"30":3,"31":1,"32":3,"33":1,"34":3,"35":3,"36":3,"37":0,"38":5,"39":5,"40":5,"41":5,"42":3,"43":2,"44":0,"45":5,"46":1,"47":1,"48":1,"49":0,"50":1,"51":0,"52":1,"53":1,"54":0,"55":1,"56":0,"57":5,"58":1,"59":1,"60":1,"61":0,"62":1,"63":0,"64":5},"f":{"0":5,"1":3,"2":5,"3":1,"4":1},"b":{"0":[0,5],"1":[1,4],"2":[5,4,4,4],"3":[3,2],"4":[3,2],"5":[1,2],"6":[1,2],"7":[3,2],"8":[0,1],"9":[0,1],"10":[0,1],"11":[0,1]}}
,"D:\\nepalink-backend\\src\\routes\\auth.route.ts": {"path":"D:\\nepalink-backend\\src\\routes\\auth.route.ts","statementMap":{"0":{"start":{"line":1,"column":0},"end":{"line":1,"column":33}},"1":{"start":{"line":2,"column":0},"end":{"line":2,"column":64}},"2":{"start":{"line":3,"column":0},"end":{"line":3,"column":59}},"3":{"start":{"line":4,"column":0},"end":{"line":4,"column":65}},"4":{"start":{"line":5,"column":0},"end":{"line":5,"column":31}},"5":{"start":{"line":6,"column":0},"end":{"line":6,"column":49}},"6":{"start":{"line":7,"column":0},"end":{"line":7,"column":39}},"7":{"start":{"line":9,"column":23},"end":{"line":9,"column":43}},"8":{"start":{"line":10,"column":19},"end":{"line":10,"column":27}},"9":{"start":{"line":11,"column":23},"end":{"line":11,"column":43}},"10":{"start":{"line":14,"column":0},"end":{"line":16,"column":2}},"11":{"start":{"line":15,"column":2},"end":{"line":15,"column":47}},"12":{"start":{"line":19,"column":0},"end":{"line":59,"column":3}},"13":{"start":{"line":20,"column":2},"end":{"line":58,"column":3}},"14":{"start":{"line":21,"column":32},"end":{"line":21,"column":40}},"15":{"start":{"line":22,"column":17},"end":{"line":22,"column":51}},"16":{"start":{"line":23,"column":4},"end":{"line":25,"column":5}},"17":{"start":{"line":24,"column":6},"end":{"line":24,"column":86}},"18":{"start":{"line":28,"column":21},"end":{"line":28,"column":40}},"19":{"start":{"line":29,"column":20},"end":{"line":29,"column":67}},"20":{"start":{"line":30,"column":4},"end":{"line":32,"column":5}},"21":{"start":{"line":31,"column":6},"end":{"line":31,"column":86}},"22":{"start":{"line":35,"column":18},"end":{"line":35,"column":94}},"23":{"start":{"line":38,"column":4},"end":{"line":42,"column":7}},"24":{"start":{"line":45,"column":4},"end":{"line":55,"column":7}},"25":{"start":{"line":57,"column":4},"end":{"line":57,"column":14}},"26":{"start":{"line":62,"column":0},"end":{"line":80,"column":3}},"27":{"start":{"line":63,"column":2},"end":{"line":79,"column":3}},"28":{"start":{"line":64,"column":18},"end":{"line":64,"column":41}},"29":{"start":{"line":65,"column":4},"end":{"line":67,"column":5}},"30":{"start":{"line":66,"column":6},"end":{"line":66,"column":84}},"31":{"start":{"line":69,"column":25},"end":{"line":69,"column":54}},"32":{"start":{"line":70,"column":17},"end":{"line":70,"column":79}},"33":{"start":{"line":72,"column":4},"end":{"line":74,"column":5}},"34":{"start":{"line":73,"column":6},"end":{"line":73,"column":81}},"35":{"start":{"line":76,"column":4},"end":{"line":76,"column":63}},"36":{"start":{"line":78,"column":4},"end":{"line":78,"column":78}},"37":{"start":{"line":83,"column":0},"end":{"line":97,"column":3}},"38":{"start":{"line":84,"column":2},"end":{"line":96,"column":3}},"39":{"start":{"line":85,"column":23},"end":{"line":85,"column":31}},"40":{"start":{"line":86,"column":4},"end":{"line":88,"column":5}},"41":{"start":{"line":87,"column":6},"end":{"line":87,"column":46}},"42":{"start":{"line":89,"column":24},"end":{"line":89,"column":82}},"43":{"start":{"line":90,"column":4},"end":{"line":92,"column":5}},"44":{"start":{"line":91,"column":6},"end":{"line":91,"column":81}},"45":{"start":{"line":93,"column":4},"end":{"line":93,"column":70}},"46":{"start":{"line":95,"column":4},"end":{"line":95,"column":76}},"47":{"start":{"line":99,"column":0},"end":{"line":99,"column":26}}},"fnMap":{"0":{"name":"(anonymous_1)","decl":{"start":{"line":14,"column":29},"end":{"line":14,"column":30}},"loc":{"start":{"line":15,"column":2},"end":{"line":15,"column":47}}},"1":{"name":"(anonymous_2)","decl":{"start":{"line":19,"column":26},"end":{"line":19,"column":31}},"loc":{"start":{"line":19,"column":51},"end":{"line":59,"column":1}}},"2":{"name":"(anonymous_3)","decl":{"start":{"line":62,"column":22},"end":{"line":62,"column":27}},"loc":{"start":{"line":62,"column":41},"end":{"line":80,"column":1}}},"3":{"name":"(anonymous_4)","decl":{"start":{"line":83,"column":48},"end":{"line":83,"column":53}},"loc":{"start":{"line":83,"column":67},"end":{"line":97,"column":1}}}},"branchMap":{"0":{"loc":{"start":{"line":23,"column":4},"end":{"line":25,"column":5}},"type":"if","locations":[{"start":{"line":23,"column":4},"end":{"line":25,"column":5}},{"start":{},"end":{}}]},"1":{"loc":{"start":{"line":30,"column":4},"end":{"line":32,"column":5}},"type":"if","locations":[{"start":{"line":30,"column":4},"end":{"line":32,"column":5}},{"start":{},"end":{}}]},"2":{"loc":{"start":{"line":65,"column":4},"end":{"line":67,"column":5}},"type":"if","locations":[{"start":{"line":65,"column":4},"end":{"line":67,"column":5}},{"start":{},"end":{}}]},"3":{"loc":{"start":{"line":72,"column":4},"end":{"line":74,"column":5}},"type":"if","locations":[{"start":{"line":72,"column":4},"end":{"line":74,"column":5}},{"start":{},"end":{}}]},"4":{"loc":{"start":{"line":86,"column":4},"end":{"line":88,"column":5}},"type":"if","locations":[{"start":{"line":86,"column":4},"end":{"line":88,"column":5}},{"start":{},"end":{}}]},"5":{"loc":{"start":{"line":90,"column":4},"end":{"line":92,"column":5}},"type":"if","locations":[{"start":{"line":90,"column":4},"end":{"line":92,"column":5}},{"start":{},"end":{}}]}},"s":{"0":5,"1":5,"2":5,"3":5,"4":5,"5":5,"6":5,"7":5,"8":5,"9":5,"10":5,"11":20,"12":5,"13":4,"14":4,"15":4,"16":4,"17":1,"18":3,"19":3,"20":3,"21":1,"22":2,"23":2,"24":2,"25":0,"26":5,"27":3,"28":3,"29":3,"30":1,"31":2,"32":1,"33":1,"34":0,"35":1,"36":1,"37":5,"38":0,"39":0,"40":0,"41":0,"42":0,"43":0,"44":0,"45":0,"46":0,"47":5},"f":{"0":20,"1":4,"2":3,"3":0},"b":{"0":[1,3],"1":[1,2],"2":[1,2],"3":[0,1],"4":[0,0],"5":[0,0]}}
,"D:\\nepalink-backend\\src\\routes\\password.route.ts": {"path":"D:\\nepalink-backend\\src\\routes\\password.route.ts","statementMap":{"0":{"start":{"line":1,"column":0},"end":{"line":1,"column":33}},"1":{"start":{"line":2,"column":0},"end":{"line":2,"column":72}},"2":{"start":{"line":4,"column":27},"end":{"line":4,"column":51}},"3":{"start":{"line":5,"column":23},"end":{"line":5,"column":31}},"4":{"start":{"line":8,"column":0},"end":{"line":10,"column":2}},"5":{"start":{"line":9,"column":2},"end":{"line":9,"column":45}},"6":{"start":{"line":13,"column":0},"end":{"line":15,"column":2}},"7":{"start":{"line":14,"column":2},"end":{"line":14,"column":44}},"8":{"start":{"line":17,"column":0},"end":{"line":17,"column":30}}},"fnMap":{"0":{"name":"(anonymous_0)","decl":{"start":{"line":8,"column":40},"end":{"line":8,"column":41}},"loc":{"start":{"line":9,"column":2},"end":{"line":9,"column":45}}},"1":{"name":"(anonymous_1)","decl":{"start":{"line":13,"column":46},"end":{"line":13,"column":47}},"loc":{"start":{"line":14,"column":2},"end":{"line":14,"column":44}}}},"branchMap":{},"s":{"0":5,"1":5,"2":5,"3":5,"4":5,"5":2,"6":5,"7":4,"8":5},"f":{"0":2,"1":4},"b":{}}
,"D:\\nepalink-backend\\src\\routes\\user.routes.ts": {"path":"D:\\nepalink-backend\\src\\routes\\user.routes.ts","statementMap":{"0":{"start":{"line":1,"column":0},"end":{"line":1,"column":30}},"1":{"start":{"line":2,"column":0},"end":{"line":2,"column":59}},"2":{"start":{"line":3,"column":0},"end":{"line":3,"column":70}},"3":{"start":{"line":5,"column":15},"end":{"line":5,"column":31}},"4":{"start":{"line":8,"column":0},"end":{"line":8,"column":74}},"5":{"start":{"line":10,"column":0},"end":{"line":10,"column":22}}},"fnMap":{},"branchMap":{},"s":{"0":5,"1":5,"2":5,"3":5,"4":5,"5":5},"f":{},"b":{}}
,"D:\\nepalink-backend\\src\\services\\user.service.ts": {"path":"D:\\nepalink-backend\\src\\services\\user.service.ts","statementMap":{"0":{"start":{"line":1,"column":0},"end":{"line":1,"column":32}},"1":{"start":{"line":2,"column":0},"end":{"line":2,"column":31}},"2":{"start":{"line":3,"column":0},"end":{"line":3,"column":39}},"3":{"start":{"line":5,"column":0},"end":{"line":5,"column":49}},"4":{"start":{"line":6,"column":0},"end":{"line":6,"column":65}},"5":{"start":{"line":8,"column":23},"end":{"line":8,"column":43}},"6":{"start":{"line":12,"column":23},"end":{"line":12,"column":70}},"7":{"start":{"line":13,"column":4},"end":{"line":15,"column":5}},"8":{"start":{"line":14,"column":6},"end":{"line":14,"column":55}},"9":{"start":{"line":17,"column":23},"end":{"line":17,"column":70}},"10":{"start":{"line":18,"column":4},"end":{"line":20,"column":5}},"11":{"start":{"line":19,"column":6},"end":{"line":19,"column":62}},"12":{"start":{"line":22,"column":27},"end":{"line":22,"column":65}},"13":{"start":{"line":23,"column":4},"end":{"line":23,"column":35}},"14":{"start":{"line":26,"column":47},"end":{"line":26,"column":67}},"15":{"start":{"line":28,"column":20},"end":{"line":28,"column":70}},"16":{"start":{"line":30,"column":49},"end":{"line":30,"column":67}},"17":{"start":{"line":31,"column":4},"end":{"line":31,"column":31}},"18":{"start":{"line":35,"column":17},"end":{"line":35,"column":64}},"19":{"start":{"line":36,"column":4},"end":{"line":38,"column":5}},"20":{"start":{"line":37,"column":6},"end":{"line":37,"column":49}},"21":{"start":{"line":40,"column":26},"end":{"line":40,"column":78}},"22":{"start":{"line":41,"column":4},"end":{"line":43,"column":5}},"23":{"start":{"line":42,"column":6},"end":{"line":42,"column":54}},"24":{"start":{"line":45,"column":20},"end":{"line":51,"column":6}},"25":{"start":{"line":53,"column":18},"end":{"line":53,"column":69}},"26":{"start":{"line":55,"column":49},"end":{"line":55,"column":64}},"27":{"start":{"line":56,"column":4},"end":{"line":56,"column":48}},"28":{"start":{"line":60,"column":24},"end":{"line":60,"column":77}},"29":{"start":{"line":61,"column":4},"end":{"line":63,"column":5}},"30":{"start":{"line":62,"column":6},"end":{"line":62,"column":49}},"31":{"start":{"line":64,"column":49},"end":{"line":64,"column":71}},"32":{"start":{"line":65,"column":4},"end":{"line":65,"column":31}},"33":{"start":{"line":10,"column":0},"end":{"line":10,"column":13}}},"fnMap":{"0":{"name":"(anonymous_1)","decl":{"start":{"line":11,"column":2},"end":{"line":11,"column":7}},"loc":{"start":{"line":11,"column":80},"end":{"line":32,"column":3}}},"1":{"name":"(anonymous_2)","decl":{"start":{"line":34,"column":2},"end":{"line":34,"column":7}},"loc":{"start":{"line":34,"column":36},"end":{"line":57,"column":3}}},"2":{"name":"(anonymous_3)","decl":{"start":{"line":59,"column":2},"end":{"line":59,"column":7}},"loc":{"start":{"line":59,"column":56},"end":{"line":66,"column":3}}}},"branchMap":{"0":{"loc":{"start":{"line":13,"column":4},"end":{"line":15,"column":5}},"type":"if","locations":[{"start":{"line":13,"column":4},"end":{"line":15,"column":5}},{"start":{},"end":{}}]},"1":{"loc":{"start":{"line":18,"column":4},"end":{"line":20,"column":5}},"type":"if","locations":[{"start":{"line":18,"column":4},"end":{"line":20,"column":5}},{"start":{},"end":{}}]},"2":{"loc":{"start":{"line":26,"column":47},"end":{"line":26,"column":67}},"type":"binary-expr","locations":[{"start":{"line":26,"column":47},"end":{"line":26,"column":56}},{"start":{"line":26,"column":60},"end":{"line":26,"column":67}}]},"3":{"loc":{"start":{"line":36,"column":4},"end":{"line":38,"column":5}},"type":"if","locations":[{"start":{"line":36,"column":4},"end":{"line":38,"column":5}},{"start":{},"end":{}}]},"4":{"loc":{"start":{"line":41,"column":4},"end":{"line":43,"column":5}},"type":"if","locations":[{"start":{"line":41,"column":4},"end":{"line":43,"column":5}},{"start":{},"end":{}}]},"5":{"loc":{"start":{"line":61,"column":4},"end":{"line":63,"column":5}},"type":"if","locations":[{"start":{"line":61,"column":4},"end":{"line":63,"column":5}},{"start":{},"end":{}}]}},"s":{"0":5,"1":5,"2":5,"3":5,"4":5,"5":5,"6":19,"7":19,"8":1,"9":18,"10":18,"11":1,"12":17,"13":17,"14":17,"15":17,"16":17,"17":17,"18":0,"19":0,"20":0,"21":0,"22":0,"23":0,"24":0,"25":0,"26":0,"27":0,"28":0,"29":0,"30":0,"31":0,"32":0,"33":5},"f":{"0":19,"1":0,"2":0},"b":{"0":[1,18],"1":[1,17],"2":[17,0],"3":[0,0],"4":[0,0],"5":[0,0]}}
}
