{"D:\\nepalink-backend\\src\\index.ts": {"path":"D:\\nepalink-backend\\src\\index.ts","statementMap":{"0":{"start":{"line":1,"column":0},"end":{"line":1,"column":66}},"1":{"start":{"line":2,"column":0},"end":{"line":2,"column":45}},"2":{"start":{"line":3,"column":0},"end":{"line":3,"column":46}},"3":{"start":{"line":4,"column":0},"end":{"line":4,"column":47}},"4":{"start":{"line":5,"column":0},"end":{"line":5,"column":53}},"5":{"start":{"line":6,"column":0},"end":{"line":6,"column":24}},"6":{"start":{"line":7,"column":0},"end":{"line":7,"column":24}},"7":{"start":{"line":8,"column":0},"end":{"line":8,"column":41}},"8":{"start":{"line":9,"column":0},"end":{"line":9,"column":50}},"9":{"start":{"line":10,"column":0},"end":{"line":10,"column":51}},"10":{"start":{"line":11,"column":0},"end":{"line":11,"column":53}},"11":{"start":{"line":12,"column":0},"end":{"line":12,"column":54}},"12":{"start":{"line":13,"column":0},"end":{"line":13,"column":46}},"13":{"start":{"line":15,"column":25},"end":{"line":15,"column":34}},"14":{"start":{"line":18,"column":0},"end":{"line":25,"column":4}},"15":{"start":{"line":27,"column":0},"end":{"line":27,"column":24}},"16":{"start":{"line":28,"column":0},"end":{"line":28,"column":24}},"17":{"start":{"line":29,"column":0},"end":{"line":29,"column":48}},"18":{"start":{"line":32,"column":0},"end":{"line":32,"column":33}},"19":{"start":{"line":33,"column":0},"end":{"line":33,"column":34}},"20":{"start":{"line":34,"column":0},"end":{"line":34,"column":35}},"21":{"start":{"line":35,"column":0},"end":{"line":35,"column":37}},"22":{"start":{"line":36,"column":0},"end":{"line":36,"column":38}},"23":{"start":{"line":37,"column":0},"end":{"line":37,"column":40}},"24":{"start":{"line":38,"column":0},"end":{"line":38,"column":42}},"25":{"start":{"line":39,"column":0},"end":{"line":39,"column":43}},"26":{"start":{"line":40,"column":0},"end":{"line":40,"column":33}},"27":{"start":{"line":41,"column":0},"end":{"line":41,"column":72}},"28":{"start":{"line":43,"column":0},"end":{"line":45,"column":3}},"29":{"start":{"line":44,"column":2},"end":{"line":44,"column":80}},"30":{"start":{"line":47,"column":0},"end":{"line":47,"column":19}}},"fnMap":{"0":{"name":"(anonymous_1)","decl":{"start":{"line":43,"column":13},"end":{"line":43,"column":14}},"loc":{"start":{"line":43,"column":45},"end":{"line":45,"column":1}}}},"branchMap":{},"s":{"0":7,"1":7,"2":7,"3":7,"4":7,"5":7,"6":7,"7":7,"8":7,"9":7,"10":7,"11":7,"12":7,"13":7,"14":7,"15":7,"16":7,"17":7,"18":7,"19":7,"20":7,"21":7,"22":7,"23":7,"24":7,"25":7,"26":7,"27":7,"28":7,"29":0,"30":7},"f":{"0":0},"b":{}}
,"D:\\nepalink-backend\\src\\config\\index.ts": {"path":"D:\\nepalink-backend\\src\\config\\index.ts","statementMap":{"0":{"start":{"line":1,"column":0},"end":{"line":1,"column":28}},"1":{"start":{"line":2,"column":0},"end":{"line":2,"column":16}},"2":{"start":{"line":5,"column":13},"end":{"line":6,"column":55}},"3":{"start":{"line":8,"column":13},"end":{"line":9,"column":66}},"4":{"start":{"line":11,"column":13},"end":{"line":12,"column":38}}},"fnMap":{},"branchMap":{"0":{"loc":{"start":{"line":6,"column":2},"end":{"line":6,"column":54}},"type":"cond-expr","locations":[{"start":{"line":6,"column":21},"end":{"line":6,"column":47}},{"start":{"line":6,"column":50},"end":{"line":6,"column":54}}]},"1":{"loc":{"start":{"line":9,"column":2},"end":{"line":9,"column":65}},"type":"binary-expr","locations":[{"start":{"line":9,"column":2},"end":{"line":9,"column":25}},{"start":{"line":9,"column":29},"end":{"line":9,"column":65}}]},"2":{"loc":{"start":{"line":12,"column":2},"end":{"line":12,"column":37}},"type":"binary-expr","locations":[{"start":{"line":12,"column":2},"end":{"line":12,"column":24}},{"start":{"line":12,"column":28},"end":{"line":12,"column":37}}]}},"s":{"0":7,"1":7,"2":7,"3":7,"4":7},"f":{},"b":{"0":[7,0],"1":[7,0],"2":[7,0]}}
,"D:\\nepalink-backend\\src\\controllers\\activity.controller.ts": {"path":"D:\\nepalink-backend\\src\\controllers\\activity.controller.ts","statementMap":{"0":{"start":{"line":2,"column":0},"end":{"line":2,"column":63}},"1":{"start":{"line":3,"column":0},"end":{"line":3,"column":57}},"2":{"start":{"line":4,"column":0},"end":{"line":4,"column":32}},"3":{"start":{"line":6,"column":24},"end":{"line":6,"column":45}},"4":{"start":{"line":11,"column":4},"end":{"line":53,"column":5}},"5":{"start":{"line":12,"column":20},"end":{"line":12,"column":36}},"6":{"start":{"line":13,"column":21},"end":{"line":13,"column":40}},"7":{"start":{"line":16,"column":6},"end":{"line":28,"column":7}},"8":{"start":{"line":17,"column":8},"end":{"line":20,"column":11}},"9":{"start":{"line":21,"column":13},"end":{"line":28,"column":7}},"10":{"start":{"line":22,"column":8},"end":{"line":25,"column":11}},"11":{"start":{"line":27,"column":8},"end":{"line":27,"column":82}},"12":{"start":{"line":30,"column":6},"end":{"line":32,"column":7}},"13":{"start":{"line":31,"column":8},"end":{"line":31,"column":93}},"14":{"start":{"line":34,"column":23},"end":{"line":45,"column":8}},"15":{"start":{"line":47,"column":6},"end":{"line":47,"column":51}},"16":{"start":{"line":49,"column":6},"end":{"line":49,"column":69}},"17":{"start":{"line":51,"column":6},"end":{"line":51,"column":49}},"18":{"start":{"line":52,"column":6},"end":{"line":52,"column":78}},"19":{"start":{"line":58,"column":4},"end":{"line":83,"column":5}},"20":{"start":{"line":59,"column":20},"end":{"line":59,"column":36}},"21":{"start":{"line":60,"column":6},"end":{"line":62,"column":7}},"22":{"start":{"line":61,"column":8},"end":{"line":61,"column":96}},"23":{"start":{"line":64,"column":23},"end":{"line":71,"column":8}},"24":{"start":{"line":73,"column":6},"end":{"line":75,"column":7}},"25":{"start":{"line":74,"column":8},"end":{"line":74,"column":87}},"26":{"start":{"line":77,"column":6},"end":{"line":77,"column":51}},"27":{"start":{"line":79,"column":6},"end":{"line":79,"column":57}},"28":{"start":{"line":81,"column":6},"end":{"line":81,"column":55}},"29":{"start":{"line":82,"column":6},"end":{"line":82,"column":78}},"30":{"start":{"line":88,"column":4},"end":{"line":110,"column":5}},"31":{"start":{"line":89,"column":20},"end":{"line":89,"column":36}},"32":{"start":{"line":90,"column":6},"end":{"line":92,"column":7}},"33":{"start":{"line":91,"column":8},"end":{"line":91,"column":97}},"34":{"start":{"line":94,"column":21},"end":{"line":94,"column":40}},"35":{"start":{"line":95,"column":27},"end":{"line":97,"column":16}},"36":{"start":{"line":99,"column":6},"end":{"line":99,"column":48}},"37":{"start":{"line":100,"column":6},"end":{"line":100,"column":54}},"38":{"start":{"line":102,"column":25},"end":{"line":102,"column":83}},"39":{"start":{"line":104,"column":6},"end":{"line":104,"column":55}},"40":{"start":{"line":106,"column":6},"end":{"line":106,"column":59}},"41":{"start":{"line":108,"column":6},"end":{"line":108,"column":54}},"42":{"start":{"line":109,"column":6},"end":{"line":109,"column":78}},"43":{"start":{"line":115,"column":4},"end":{"line":137,"column":5}},"44":{"start":{"line":116,"column":20},"end":{"line":116,"column":36}},"45":{"start":{"line":117,"column":6},"end":{"line":119,"column":7}},"46":{"start":{"line":118,"column":8},"end":{"line":118,"column":96}},"47":{"start":{"line":121,"column":21},"end":{"line":121,"column":40}},"48":{"start":{"line":122,"column":26},"end":{"line":124,"column":16}},"49":{"start":{"line":126,"column":6},"end":{"line":126,"column":47}},"50":{"start":{"line":127,"column":6},"end":{"line":127,"column":52}},"51":{"start":{"line":129,"column":25},"end":{"line":129,"column":81}},"52":{"start":{"line":131,"column":6},"end":{"line":131,"column":55}},"53":{"start":{"line":133,"column":6},"end":{"line":133,"column":59}},"54":{"start":{"line":135,"column":6},"end":{"line":135,"column":53}},"55":{"start":{"line":136,"column":6},"end":{"line":136,"column":78}},"56":{"start":{"line":8,"column":0},"end":{"line":8,"column":13}}},"fnMap":{"0":{"name":"(anonymous_1)","decl":{"start":{"line":10,"column":2},"end":{"line":10,"column":7}},"loc":{"start":{"line":10,"column":42},"end":{"line":54,"column":3}}},"1":{"name":"(anonymous_2)","decl":{"start":{"line":57,"column":2},"end":{"line":57,"column":7}},"loc":{"start":{"line":57,"column":48},"end":{"line":84,"column":3}}},"2":{"name":"(anonymous_3)","decl":{"start":{"line":87,"column":2},"end":{"line":87,"column":7}},"loc":{"start":{"line":87,"column":47},"end":{"line":111,"column":3}}},"3":{"name":"(anonymous_4)","decl":{"start":{"line":114,"column":2},"end":{"line":114,"column":7}},"loc":{"start":{"line":114,"column":46},"end":{"line":138,"column":3}}}},"branchMap":{"0":{"loc":{"start":{"line":13,"column":21},"end":{"line":13,"column":40}},"type":"binary-expr","locations":[{"start":{"line":13,"column":21},"end":{"line":13,"column":29}},{"start":{"line":13,"column":33},"end":{"line":13,"column":40}}]},"1":{"loc":{"start":{"line":16,"column":6},"end":{"line":28,"column":7}},"type":"if","locations":[{"start":{"line":16,"column":6},"end":{"line":28,"column":7}},{"start":{"line":21,"column":13},"end":{"line":28,"column":7}}]},"2":{"loc":{"start":{"line":21,"column":13},"end":{"line":28,"column":7}},"type":"if","locations":[{"start":{"line":21,"column":13},"end":{"line":28,"column":7}},{"start":{"line":26,"column":13},"end":{"line":28,"column":7}}]},"3":{"loc":{"start":{"line":30,"column":6},"end":{"line":32,"column":7}},"type":"if","locations":[{"start":{"line":30,"column":6},"end":{"line":32,"column":7}},{"start":{},"end":{}}]},"4":{"loc":{"start":{"line":44,"column":16},"end":{"line":44,"column":63}},"type":"cond-expr","locations":[{"start":{"line":44,"column":40},"end":{"line":44,"column":51}},{"start":{"line":44,"column":54},"end":{"line":44,"column":63}}]},"5":{"loc":{"start":{"line":60,"column":6},"end":{"line":62,"column":7}},"type":"if","locations":[{"start":{"line":60,"column":6},"end":{"line":62,"column":7}},{"start":{},"end":{}}]},"6":{"loc":{"start":{"line":73,"column":6},"end":{"line":75,"column":7}},"type":"if","locations":[{"start":{"line":73,"column":6},"end":{"line":75,"column":7}},{"start":{},"end":{}}]},"7":{"loc":{"start":{"line":90,"column":6},"end":{"line":92,"column":7}},"type":"if","locations":[{"start":{"line":90,"column":6},"end":{"line":92,"column":7}},{"start":{},"end":{}}]},"8":{"loc":{"start":{"line":94,"column":21},"end":{"line":94,"column":40}},"type":"binary-expr","locations":[{"start":{"line":94,"column":21},"end":{"line":94,"column":29}},{"start":{"line":94,"column":33},"end":{"line":94,"column":40}}]},"9":{"loc":{"start":{"line":95,"column":27},"end":{"line":97,"column":16}},"type":"cond-expr","locations":[{"start":{"line":96,"column":10},"end":{"line":96,"column":45}},{"start":{"line":97,"column":10},"end":{"line":97,"column":16}}]},"10":{"loc":{"start":{"line":117,"column":6},"end":{"line":119,"column":7}},"type":"if","locations":[{"start":{"line":117,"column":6},"end":{"line":119,"column":7}},{"start":{},"end":{}}]},"11":{"loc":{"start":{"line":121,"column":21},"end":{"line":121,"column":40}},"type":"binary-expr","locations":[{"start":{"line":121,"column":21},"end":{"line":121,"column":29}},{"start":{"line":121,"column":33},"end":{"line":121,"column":40}}]},"12":{"loc":{"start":{"line":122,"column":26},"end":{"line":124,"column":16}},"type":"cond-expr","locations":[{"start":{"line":123,"column":10},"end":{"line":123,"column":45}},{"start":{"line":124,"column":10},"end":{"line":124,"column":16}}]}},"s":{"0":7,"1":7,"2":7,"3":7,"4":0,"5":0,"6":0,"7":0,"8":0,"9":0,"10":0,"11":0,"12":0,"13":0,"14":0,"15":0,"16":0,"17":0,"18":0,"19":0,"20":0,"21":0,"22":0,"23":0,"24":0,"25":0,"26":0,"27":0,"28":0,"29":0,"30":0,"31":0,"32":0,"33":0,"34":0,"35":0,"36":0,"37":0,"38":0,"39":0,"40":0,"41":0,"42":0,"43":0,"44":0,"45":0,"46":0,"47":0,"48":0,"49":0,"50":0,"51":0,"52":0,"53":0,"54":0,"55":0,"56":7},"f":{"0":0,"1":0,"2":0,"3":0},"b":{"0":[0,0],"1":[0,0],"2":[0,0],"3":[0,0],"4":[0,0],"5":[0,0],"6":[0,0],"7":[0,0],"8":[0,0],"9":[0,0],"10":[0,0],"11":[0,0],"12":[0,0]}}
,"D:\\nepalink-backend\\src\\controllers\\admin.controller.ts": {"path":"D:\\nepalink-backend\\src\\controllers\\admin.controller.ts","statementMap":{"0":{"start":{"line":2,"column":0},"end":{"line":2,"column":57}},"1":{"start":{"line":4,"column":21},"end":{"line":4,"column":39}},"2":{"start":{"line":9,"column":4},"end":{"line":20,"column":5}},"3":{"start":{"line":10,"column":19},"end":{"line":10,"column":58}},"4":{"start":{"line":11,"column":20},"end":{"line":11,"column":61}},"5":{"start":{"line":12,"column":20},"end":{"line":12,"column":65}},"6":{"start":{"line":13,"column":19},"end":{"line":13,"column":43}},"7":{"start":{"line":14,"column":21},"end":{"line":14,"column":47}},"8":{"start":{"line":16,"column":21},"end":{"line":16,"column":84}},"9":{"start":{"line":17,"column":6},"end":{"line":17,"column":67}},"10":{"start":{"line":19,"column":6},"end":{"line":19,"column":78}},"11":{"start":{"line":25,"column":4},"end":{"line":33,"column":5}},"12":{"start":{"line":26,"column":19},"end":{"line":26,"column":64}},"13":{"start":{"line":27,"column":6},"end":{"line":29,"column":7}},"14":{"start":{"line":28,"column":8},"end":{"line":28,"column":83}},"15":{"start":{"line":30,"column":6},"end":{"line":30,"column":65}},"16":{"start":{"line":32,"column":6},"end":{"line":32,"column":78}},"17":{"start":{"line":38,"column":4},"end":{"line":49,"column":5}},"18":{"start":{"line":39,"column":24},"end":{"line":39,"column":39}},"19":{"start":{"line":40,"column":6},"end":{"line":43,"column":7}},"20":{"start":{"line":42,"column":8},"end":{"line":42,"column":42}},"21":{"start":{"line":44,"column":19},"end":{"line":44,"column":54}},"22":{"start":{"line":45,"column":6},"end":{"line":45,"column":65}},"23":{"start":{"line":47,"column":6},"end":{"line":47,"column":49}},"24":{"start":{"line":48,"column":6},"end":{"line":48,"column":78}},"25":{"start":{"line":54,"column":4},"end":{"line":68,"column":5}},"26":{"start":{"line":55,"column":30},"end":{"line":55,"column":45}},"27":{"start":{"line":56,"column":6},"end":{"line":59,"column":7}},"28":{"start":{"line":58,"column":8},"end":{"line":58,"column":48}},"29":{"start":{"line":60,"column":19},"end":{"line":60,"column":75}},"30":{"start":{"line":61,"column":6},"end":{"line":63,"column":7}},"31":{"start":{"line":62,"column":8},"end":{"line":62,"column":83}},"32":{"start":{"line":64,"column":6},"end":{"line":64,"column":65}},"33":{"start":{"line":66,"column":6},"end":{"line":66,"column":49}},"34":{"start":{"line":67,"column":6},"end":{"line":67,"column":78}},"35":{"start":{"line":73,"column":4},"end":{"line":81,"column":5}},"36":{"start":{"line":74,"column":22},"end":{"line":74,"column":66}},"37":{"start":{"line":75,"column":6},"end":{"line":77,"column":7}},"38":{"start":{"line":76,"column":8},"end":{"line":76,"column":83}},"39":{"start":{"line":78,"column":6},"end":{"line":78,"column":78}},"40":{"start":{"line":80,"column":6},"end":{"line":80,"column":78}},"41":{"start":{"line":86,"column":4},"end":{"line":91,"column":5}},"42":{"start":{"line":87,"column":24},"end":{"line":87,"column":57}},"43":{"start":{"line":88,"column":6},"end":{"line":88,"column":70}},"44":{"start":{"line":90,"column":6},"end":{"line":90,"column":78}},"45":{"start":{"line":6,"column":0},"end":{"line":6,"column":13}}},"fnMap":{"0":{"name":"(anonymous_0)","decl":{"start":{"line":8,"column":2},"end":{"line":8,"column":7}},"loc":{"start":{"line":8,"column":47},"end":{"line":21,"column":3}}},"1":{"name":"(anonymous_1)","decl":{"start":{"line":24,"column":2},"end":{"line":24,"column":7}},"loc":{"start":{"line":24,"column":47},"end":{"line":34,"column":3}}},"2":{"name":"(anonymous_2)","decl":{"start":{"line":37,"column":2},"end":{"line":37,"column":7}},"loc":{"start":{"line":37,"column":46},"end":{"line":50,"column":3}}},"3":{"name":"(anonymous_3)","decl":{"start":{"line":53,"column":2},"end":{"line":53,"column":7}},"loc":{"start":{"line":53,"column":46},"end":{"line":69,"column":3}}},"4":{"name":"(anonymous_4)","decl":{"start":{"line":72,"column":2},"end":{"line":72,"column":7}},"loc":{"start":{"line":72,"column":46},"end":{"line":82,"column":3}}},"5":{"name":"(anonymous_5)","decl":{"start":{"line":85,"column":2},"end":{"line":85,"column":7}},"loc":{"start":{"line":85,"column":48},"end":{"line":92,"column":3}}}},"branchMap":{"0":{"loc":{"start":{"line":10,"column":19},"end":{"line":10,"column":58}},"type":"binary-expr","locations":[{"start":{"line":10,"column":19},"end":{"line":10,"column":53}},{"start":{"line":10,"column":57},"end":{"line":10,"column":58}}]},"1":{"loc":{"start":{"line":11,"column":20},"end":{"line":11,"column":61}},"type":"binary-expr","locations":[{"start":{"line":11,"column":20},"end":{"line":11,"column":55}},{"start":{"line":11,"column":59},"end":{"line":11,"column":61}}]},"2":{"loc":{"start":{"line":12,"column":20},"end":{"line":12,"column":65}},"type":"binary-expr","locations":[{"start":{"line":12,"column":20},"end":{"line":12,"column":45}},{"start":{"line":12,"column":49},"end":{"line":12,"column":65}}]},"3":{"loc":{"start":{"line":27,"column":6},"end":{"line":29,"column":7}},"type":"if","locations":[{"start":{"line":27,"column":6},"end":{"line":29,"column":7}},{"start":{},"end":{}}]},"4":{"loc":{"start":{"line":40,"column":6},"end":{"line":43,"column":7}},"type":"if","locations":[{"start":{"line":40,"column":6},"end":{"line":43,"column":7}},{"start":{},"end":{}}]},"5":{"loc":{"start":{"line":56,"column":6},"end":{"line":59,"column":7}},"type":"if","locations":[{"start":{"line":56,"column":6},"end":{"line":59,"column":7}},{"start":{},"end":{}}]},"6":{"loc":{"start":{"line":61,"column":6},"end":{"line":63,"column":7}},"type":"if","locations":[{"start":{"line":61,"column":6},"end":{"line":63,"column":7}},{"start":{},"end":{}}]},"7":{"loc":{"start":{"line":75,"column":6},"end":{"line":77,"column":7}},"type":"if","locations":[{"start":{"line":75,"column":6},"end":{"line":77,"column":7}},{"start":{},"end":{}}]}},"s":{"0":7,"1":7,"2":0,"3":0,"4":0,"5":0,"6":0,"7":0,"8":0,"9":0,"10":0,"11":0,"12":0,"13":0,"14":0,"15":0,"16":0,"17":0,"18":0,"19":0,"20":0,"21":0,"22":0,"23":0,"24":0,"25":0,"26":0,"27":0,"28":0,"29":0,"30":0,"31":0,"32":0,"33":0,"34":0,"35":0,"36":0,"37":0,"38":0,"39":0,"40":0,"41":0,"42":0,"43":0,"44":0,"45":7},"f":{"0":0,"1":0,"2":0,"3":0,"4":0,"5":0},"b":{"0":[0,0],"1":[0,0],"2":[0,0],"3":[0,0],"4":[0,0],"5":[0,0],"6":[0,0],"7":[0,0]}}
,"D:\\nepalink-backend\\src\\controllers\\auth.controller.ts": {"path":"D:\\nepalink-backend\\src\\controllers\\auth.controller.ts","statementMap":{"0":{"start":{"line":2,"column":0},"end":{"line":2,"column":63}},"1":{"start":{"line":3,"column":0},"end":{"line":3,"column":55}},"2":{"start":{"line":5,"column":20},"end":{"line":5,"column":37}},"3":{"start":{"line":9,"column":4},"end":{"line":32,"column":5}},"4":{"start":{"line":10,"column":25},"end":{"line":10,"column":58}},"5":{"start":{"line":11,"column":6},"end":{"line":16,"column":7}},"6":{"start":{"line":12,"column":8},"end":{"line":15,"column":11}},"7":{"start":{"line":14,"column":56},"end":{"line":14,"column":69}},"8":{"start":{"line":18,"column":23},"end":{"line":18,"column":38}},"9":{"start":{"line":19,"column":19},"end":{"line":19,"column":43}},"10":{"start":{"line":20,"column":22},"end":{"line":20,"column":73}},"11":{"start":{"line":22,"column":6},"end":{"line":26,"column":9}},"12":{"start":{"line":28,"column":6},"end":{"line":31,"column":9}},"13":{"start":{"line":36,"column":4},"end":{"line":66,"column":5}},"14":{"start":{"line":37,"column":25},"end":{"line":37,"column":57}},"15":{"start":{"line":38,"column":6},"end":{"line":43,"column":7}},"16":{"start":{"line":39,"column":8},"end":{"line":42,"column":11}},"17":{"start":{"line":41,"column":56},"end":{"line":41,"column":69}},"18":{"start":{"line":45,"column":24},"end":{"line":45,"column":39}},"19":{"start":{"line":46,"column":30},"end":{"line":46,"column":68}},"20":{"start":{"line":49,"column":6},"end":{"line":53,"column":9}},"21":{"start":{"line":55,"column":6},"end":{"line":60,"column":9}},"22":{"start":{"line":62,"column":6},"end":{"line":65,"column":9}},"23":{"start":{"line":7,"column":0},"end":{"line":7,"column":13}}},"fnMap":{"0":{"name":"(anonymous_0)","decl":{"start":{"line":8,"column":2},"end":{"line":8,"column":7}},"loc":{"start":{"line":8,"column":44},"end":{"line":33,"column":3}}},"1":{"name":"(anonymous_1)","decl":{"start":{"line":14,"column":47},"end":{"line":14,"column":52}},"loc":{"start":{"line":14,"column":56},"end":{"line":14,"column":69}}},"2":{"name":"(anonymous_2)","decl":{"start":{"line":35,"column":2},"end":{"line":35,"column":7}},"loc":{"start":{"line":35,"column":41},"end":{"line":67,"column":3}}},"3":{"name":"(anonymous_3)","decl":{"start":{"line":41,"column":47},"end":{"line":41,"column":52}},"loc":{"start":{"line":41,"column":56},"end":{"line":41,"column":69}}}},"branchMap":{"0":{"loc":{"start":{"line":11,"column":6},"end":{"line":16,"column":7}},"type":"if","locations":[{"start":{"line":11,"column":6},"end":{"line":16,"column":7}},{"start":{},"end":{}}]},"1":{"loc":{"start":{"line":19,"column":19},"end":{"line":19,"column":43}},"type":"binary-expr","locations":[{"start":{"line":19,"column":19},"end":{"line":19,"column":32}},{"start":{"line":19,"column":36},"end":{"line":19,"column":43}}]},"2":{"loc":{"start":{"line":28,"column":24},"end":{"line":28,"column":47}},"type":"binary-expr","locations":[{"start":{"line":28,"column":24},"end":{"line":28,"column":40}},{"start":{"line":28,"column":44},"end":{"line":28,"column":47}}]},"3":{"loc":{"start":{"line":30,"column":17},"end":{"line":30,"column":57}},"type":"binary-expr","locations":[{"start":{"line":30,"column":17},"end":{"line":30,"column":30}},{"start":{"line":30,"column":34},"end":{"line":30,"column":57}}]},"4":{"loc":{"start":{"line":38,"column":6},"end":{"line":43,"column":7}},"type":"if","locations":[{"start":{"line":38,"column":6},"end":{"line":43,"column":7}},{"start":{},"end":{}}]},"5":{"loc":{"start":{"line":62,"column":24},"end":{"line":62,"column":47}},"type":"binary-expr","locations":[{"start":{"line":62,"column":24},"end":{"line":62,"column":40}},{"start":{"line":62,"column":44},"end":{"line":62,"column":47}}]},"6":{"loc":{"start":{"line":64,"column":17},"end":{"line":64,"column":57}},"type":"binary-expr","locations":[{"start":{"line":64,"column":17},"end":{"line":64,"column":30}},{"start":{"line":64,"column":34},"end":{"line":64,"column":57}}]}},"s":{"0":7,"1":7,"2":7,"3":2,"4":2,"5":2,"6":1,"7":3,"8":1,"9":1,"10":1,"11":1,"12":0,"13":0,"14":0,"15":0,"16":0,"17":0,"18":0,"19":0,"20":0,"21":0,"22":0,"23":7},"f":{"0":2,"1":3,"2":0,"3":0},"b":{"0":[1,1],"1":[1,0],"2":[0,0],"3":[0,0],"4":[0,0],"5":[0,0],"6":[0,0]}}
,"D:\\nepalink-backend\\src\\controllers\\booking.controller.ts": {"path":"D:\\nepalink-backend\\src\\controllers\\booking.controller.ts","statementMap":{"0":{"start":{"line":2,"column":0},"end":{"line":2,"column":61}},"1":{"start":{"line":3,"column":0},"end":{"line":3,"column":63}},"2":{"start":{"line":6,"column":23},"end":{"line":6,"column":43}},"3":{"start":{"line":7,"column":24},"end":{"line":7,"column":45}},"4":{"start":{"line":12,"column":4},"end":{"line":28,"column":5}},"5":{"start":{"line":13,"column":24},"end":{"line":13,"column":44}},"6":{"start":{"line":14,"column":32},"end":{"line":14,"column":40}},"7":{"start":{"line":16,"column":23},"end":{"line":16,"column":80}},"8":{"start":{"line":17,"column":6},"end":{"line":22,"column":7}},"9":{"start":{"line":18,"column":8},"end":{"line":21,"column":11}},"10":{"start":{"line":24,"column":22},"end":{"line":24,"column":85}},"11":{"start":{"line":25,"column":6},"end":{"line":25,"column":61}},"12":{"start":{"line":27,"column":6},"end":{"line":27,"column":71}},"13":{"start":{"line":33,"column":4},"end":{"line":52,"column":5}},"14":{"start":{"line":34,"column":22},"end":{"line":34,"column":82}},"15":{"start":{"line":35,"column":6},"end":{"line":37,"column":7}},"16":{"start":{"line":36,"column":8},"end":{"line":36,"column":86}},"17":{"start":{"line":39,"column":39},"end":{"line":39,"column":94}},"18":{"start":{"line":40,"column":6},"end":{"line":42,"column":7}},"19":{"start":{"line":41,"column":8},"end":{"line":41,"column":94}},"20":{"start":{"line":44,"column":6},"end":{"line":44,"column":87}},"21":{"start":{"line":45,"column":6},"end":{"line":47,"column":7}},"22":{"start":{"line":46,"column":8},"end":{"line":46,"column":87}},"23":{"start":{"line":49,"column":6},"end":{"line":49,"column":63}},"24":{"start":{"line":51,"column":6},"end":{"line":51,"column":71}},"25":{"start":{"line":57,"column":4},"end":{"line":65,"column":5}},"26":{"start":{"line":58,"column":22},"end":{"line":58,"column":82}},"27":{"start":{"line":59,"column":6},"end":{"line":61,"column":7}},"28":{"start":{"line":60,"column":8},"end":{"line":60,"column":86}},"29":{"start":{"line":62,"column":6},"end":{"line":62,"column":49}},"30":{"start":{"line":64,"column":6},"end":{"line":64,"column":71}},"31":{"start":{"line":70,"column":4},"end":{"line":83,"column":5}},"32":{"start":{"line":71,"column":20},"end":{"line":71,"column":36}},"33":{"start":{"line":72,"column":22},"end":{"line":72,"column":72}},"34":{"start":{"line":74,"column":6},"end":{"line":76,"column":7}},"35":{"start":{"line":75,"column":8},"end":{"line":75,"column":86}},"36":{"start":{"line":78,"column":24},"end":{"line":78,"column":79}},"37":{"start":{"line":79,"column":6},"end":{"line":79,"column":51}},"38":{"start":{"line":81,"column":25},"end":{"line":81,"column":73}},"39":{"start":{"line":82,"column":6},"end":{"line":82,"column":78}},"40":{"start":{"line":88,"column":4},"end":{"line":105,"column":5}},"41":{"start":{"line":89,"column":20},"end":{"line":89,"column":36}},"42":{"start":{"line":92,"column":6},"end":{"line":100,"column":7}},"43":{"start":{"line":94,"column":8},"end":{"line":94,"column":70}},"44":{"start":{"line":95,"column":13},"end":{"line":100,"column":7}},"45":{"start":{"line":97,"column":8},"end":{"line":97,"column":69}},"46":{"start":{"line":99,"column":8},"end":{"line":99,"column":83}},"47":{"start":{"line":102,"column":6},"end":{"line":102,"column":62}},"48":{"start":{"line":104,"column":6},"end":{"line":104,"column":71}},"49":{"start":{"line":9,"column":0},"end":{"line":9,"column":13}}},"fnMap":{"0":{"name":"(anonymous_0)","decl":{"start":{"line":11,"column":2},"end":{"line":11,"column":7}},"loc":{"start":{"line":11,"column":42},"end":{"line":29,"column":3}}},"1":{"name":"(anonymous_1)","decl":{"start":{"line":32,"column":2},"end":{"line":32,"column":7}},"loc":{"start":{"line":32,"column":42},"end":{"line":53,"column":3}}},"2":{"name":"(anonymous_2)","decl":{"start":{"line":56,"column":2},"end":{"line":56,"column":7}},"loc":{"start":{"line":56,"column":43},"end":{"line":66,"column":3}}},"3":{"name":"(anonymous_3)","decl":{"start":{"line":69,"column":2},"end":{"line":69,"column":7}},"loc":{"start":{"line":69,"column":42},"end":{"line":84,"column":3}}},"4":{"name":"(anonymous_4)","decl":{"start":{"line":87,"column":2},"end":{"line":87,"column":7}},"loc":{"start":{"line":87,"column":49},"end":{"line":106,"column":3}}}},"branchMap":{"0":{"loc":{"start":{"line":17,"column":6},"end":{"line":22,"column":7}},"type":"if","locations":[{"start":{"line":17,"column":6},"end":{"line":22,"column":7}},{"start":{},"end":{}}]},"1":{"loc":{"start":{"line":35,"column":6},"end":{"line":37,"column":7}},"type":"if","locations":[{"start":{"line":35,"column":6},"end":{"line":37,"column":7}},{"start":{},"end":{}}]},"2":{"loc":{"start":{"line":40,"column":6},"end":{"line":42,"column":7}},"type":"if","locations":[{"start":{"line":40,"column":6},"end":{"line":42,"column":7}},{"start":{},"end":{}}]},"3":{"loc":{"start":{"line":45,"column":6},"end":{"line":47,"column":7}},"type":"if","locations":[{"start":{"line":45,"column":6},"end":{"line":47,"column":7}},{"start":{},"end":{}}]},"4":{"loc":{"start":{"line":59,"column":6},"end":{"line":61,"column":7}},"type":"if","locations":[{"start":{"line":59,"column":6},"end":{"line":61,"column":7}},{"start":{},"end":{}}]},"5":{"loc":{"start":{"line":74,"column":6},"end":{"line":76,"column":7}},"type":"if","locations":[{"start":{"line":74,"column":6},"end":{"line":76,"column":7}},{"start":{},"end":{}}]},"6":{"loc":{"start":{"line":81,"column":25},"end":{"line":81,"column":73}},"type":"cond-expr","locations":[{"start":{"line":81,"column":64},"end":{"line":81,"column":67}},{"start":{"line":81,"column":70},"end":{"line":81,"column":73}}]},"7":{"loc":{"start":{"line":92,"column":6},"end":{"line":100,"column":7}},"type":"if","locations":[{"start":{"line":92,"column":6},"end":{"line":100,"column":7}},{"start":{"line":95,"column":13},"end":{"line":100,"column":7}}]},"8":{"loc":{"start":{"line":95,"column":13},"end":{"line":100,"column":7}},"type":"if","locations":[{"start":{"line":95,"column":13},"end":{"line":100,"column":7}},{"start":{"line":98,"column":13},"end":{"line":100,"column":7}}]}},"s":{"0":7,"1":7,"2":7,"3":7,"4":0,"5":0,"6":0,"7":0,"8":0,"9":0,"10":0,"11":0,"12":0,"13":0,"14":0,"15":0,"16":0,"17":0,"18":0,"19":0,"20":0,"21":0,"22":0,"23":0,"24":0,"25":0,"26":0,"27":0,"28":0,"29":0,"30":0,"31":0,"32":0,"33":0,"34":0,"35":0,"36":0,"37":0,"38":0,"39":0,"40":0,"41":0,"42":0,"43":0,"44":0,"45":0,"46":0,"47":0,"48":0,"49":7},"f":{"0":0,"1":0,"2":0,"3":0,"4":0},"b":{"0":[0,0],"1":[0,0],"2":[0,0],"3":[0,0],"4":[0,0],"5":[0,0],"6":[0,0],"7":[0,0],"8":[0,0]}}
,"D:\\nepalink-backend\\src\\controllers\\chat.controller.ts": {"path":"D:\\nepalink-backend\\src\\controllers\\chat.controller.ts","statementMap":{"0":{"start":{"line":2,"column":0},"end":{"line":2,"column":55}},"1":{"start":{"line":3,"column":0},"end":{"line":3,"column":57}},"2":{"start":{"line":5,"column":20},"end":{"line":5,"column":37}},"3":{"start":{"line":9,"column":4},"end":{"line":24,"column":5}},"4":{"start":{"line":10,"column":20},"end":{"line":10,"column":36}},"5":{"start":{"line":11,"column":29},"end":{"line":11,"column":39}},"6":{"start":{"line":12,"column":23},"end":{"line":12,"column":63}},"7":{"start":{"line":13,"column":6},"end":{"line":13,"column":100}},"8":{"start":{"line":13,"column":21},"end":{"line":13,"column":100}},"9":{"start":{"line":16,"column":8},"end":{"line":17,"column":48}},"10":{"start":{"line":18,"column":6},"end":{"line":18,"column":100}},"11":{"start":{"line":18,"column":26},"end":{"line":18,"column":100}},"12":{"start":{"line":20,"column":23},"end":{"line":20,"column":74}},"13":{"start":{"line":21,"column":6},"end":{"line":21,"column":57}},"14":{"start":{"line":23,"column":6},"end":{"line":23,"column":78}},"15":{"start":{"line":28,"column":4},"end":{"line":45,"column":5}},"16":{"start":{"line":29,"column":20},"end":{"line":29,"column":36}},"17":{"start":{"line":30,"column":29},"end":{"line":30,"column":39}},"18":{"start":{"line":31,"column":51},"end":{"line":31,"column":59}},"19":{"start":{"line":32,"column":6},"end":{"line":34,"column":7}},"20":{"start":{"line":33,"column":8},"end":{"line":33,"column":92}},"21":{"start":{"line":35,"column":27},"end":{"line":41,"column":8}},"22":{"start":{"line":42,"column":6},"end":{"line":42,"column":73}},"23":{"start":{"line":44,"column":6},"end":{"line":44,"column":78}},"24":{"start":{"line":49,"column":4},"end":{"line":56,"column":5}},"25":{"start":{"line":50,"column":20},"end":{"line":50,"column":36}},"26":{"start":{"line":51,"column":29},"end":{"line":51,"column":39}},"27":{"start":{"line":52,"column":6},"end":{"line":52,"column":63}},"28":{"start":{"line":53,"column":6},"end":{"line":53,"column":77}},"29":{"start":{"line":55,"column":6},"end":{"line":55,"column":78}},"30":{"start":{"line":7,"column":0},"end":{"line":7,"column":13}}},"fnMap":{"0":{"name":"(anonymous_0)","decl":{"start":{"line":8,"column":2},"end":{"line":8,"column":7}},"loc":{"start":{"line":8,"column":47},"end":{"line":25,"column":3}}},"1":{"name":"(anonymous_1)","decl":{"start":{"line":27,"column":2},"end":{"line":27,"column":7}},"loc":{"start":{"line":27,"column":47},"end":{"line":46,"column":3}}},"2":{"name":"(anonymous_2)","decl":{"start":{"line":48,"column":2},"end":{"line":48,"column":7}},"loc":{"start":{"line":48,"column":44},"end":{"line":57,"column":3}}}},"branchMap":{"0":{"loc":{"start":{"line":13,"column":6},"end":{"line":13,"column":100}},"type":"if","locations":[{"start":{"line":13,"column":6},"end":{"line":13,"column":100}},{"start":{},"end":{}}]},"1":{"loc":{"start":{"line":16,"column":8},"end":{"line":17,"column":48}},"type":"binary-expr","locations":[{"start":{"line":16,"column":8},"end":{"line":16,"column":49}},{"start":{"line":17,"column":8},"end":{"line":17,"column":48}}]},"2":{"loc":{"start":{"line":18,"column":6},"end":{"line":18,"column":100}},"type":"if","locations":[{"start":{"line":18,"column":6},"end":{"line":18,"column":100}},{"start":{},"end":{}}]},"3":{"loc":{"start":{"line":32,"column":6},"end":{"line":34,"column":7}},"type":"if","locations":[{"start":{"line":32,"column":6},"end":{"line":34,"column":7}},{"start":{},"end":{}}]},"4":{"loc":{"start":{"line":32,"column":10},"end":{"line":32,"column":49}},"type":"binary-expr","locations":[{"start":{"line":32,"column":10},"end":{"line":32,"column":18}},{"start":{"line":32,"column":22},"end":{"line":32,"column":49}}]}},"s":{"0":7,"1":7,"2":7,"3":0,"4":0,"5":0,"6":0,"7":0,"8":0,"9":0,"10":0,"11":0,"12":0,"13":0,"14":0,"15":0,"16":0,"17":0,"18":0,"19":0,"20":0,"21":0,"22":0,"23":0,"24":0,"25":0,"26":0,"27":0,"28":0,"29":0,"30":7},"f":{"0":0,"1":0,"2":0},"b":{"0":[0,0],"1":[0,0],"2":[0,0],"3":[0,0],"4":[0,0]}}
,"D:\\nepalink-backend\\src\\controllers\\contract.controller.ts": {"path":"D:\\nepalink-backend\\src\\controllers\\contract.controller.ts","statementMap":{"0":{"start":{"line":2,"column":0},"end":{"line":2,"column":63}},"1":{"start":{"line":3,"column":0},"end":{"line":3,"column":55}},"2":{"start":{"line":5,"column":24},"end":{"line":5,"column":45}},"3":{"start":{"line":9,"column":4},"end":{"line":26,"column":5}},"4":{"start":{"line":10,"column":22},"end":{"line":10,"column":69}},"5":{"start":{"line":11,"column":6},"end":{"line":13,"column":7}},"6":{"start":{"line":12,"column":8},"end":{"line":12,"column":86}},"7":{"start":{"line":15,"column":23},"end":{"line":21,"column":8}},"8":{"start":{"line":23,"column":6},"end":{"line":23,"column":69}},"9":{"start":{"line":25,"column":6},"end":{"line":25,"column":78}},"10":{"start":{"line":30,"column":4},"end":{"line":36,"column":5}},"11":{"start":{"line":31,"column":23},"end":{"line":31,"column":82}},"12":{"start":{"line":32,"column":6},"end":{"line":32,"column":100}},"13":{"start":{"line":32,"column":21},"end":{"line":32,"column":100}},"14":{"start":{"line":33,"column":6},"end":{"line":33,"column":57}},"15":{"start":{"line":35,"column":6},"end":{"line":35,"column":78}},"16":{"start":{"line":40,"column":4},"end":{"line":46,"column":5}},"17":{"start":{"line":41,"column":23},"end":{"line":41,"column":88}},"18":{"start":{"line":42,"column":6},"end":{"line":42,"column":100}},"19":{"start":{"line":42,"column":21},"end":{"line":42,"column":100}},"20":{"start":{"line":43,"column":6},"end":{"line":43,"column":57}},"21":{"start":{"line":45,"column":6},"end":{"line":45,"column":78}},"22":{"start":{"line":50,"column":4},"end":{"line":56,"column":5}},"23":{"start":{"line":51,"column":23},"end":{"line":51,"column":87}},"24":{"start":{"line":52,"column":6},"end":{"line":52,"column":100}},"25":{"start":{"line":52,"column":21},"end":{"line":52,"column":100}},"26":{"start":{"line":53,"column":6},"end":{"line":53,"column":57}},"27":{"start":{"line":55,"column":6},"end":{"line":55,"column":78}},"28":{"start":{"line":60,"column":4},"end":{"line":66,"column":5}},"29":{"start":{"line":61,"column":23},"end":{"line":61,"column":88}},"30":{"start":{"line":62,"column":6},"end":{"line":62,"column":100}},"31":{"start":{"line":62,"column":21},"end":{"line":62,"column":100}},"32":{"start":{"line":63,"column":6},"end":{"line":63,"column":57}},"33":{"start":{"line":65,"column":6},"end":{"line":65,"column":78}},"34":{"start":{"line":70,"column":4},"end":{"line":76,"column":5}},"35":{"start":{"line":71,"column":23},"end":{"line":71,"column":87}},"36":{"start":{"line":72,"column":6},"end":{"line":72,"column":100}},"37":{"start":{"line":72,"column":21},"end":{"line":72,"column":100}},"38":{"start":{"line":73,"column":6},"end":{"line":73,"column":57}},"39":{"start":{"line":75,"column":6},"end":{"line":75,"column":78}},"40":{"start":{"line":80,"column":4},"end":{"line":85,"column":5}},"41":{"start":{"line":81,"column":24},"end":{"line":81,"column":90}},"42":{"start":{"line":82,"column":6},"end":{"line":82,"column":58}},"43":{"start":{"line":84,"column":6},"end":{"line":84,"column":78}},"44":{"start":{"line":89,"column":4},"end":{"line":94,"column":5}},"45":{"start":{"line":90,"column":24},"end":{"line":90,"column":89}},"46":{"start":{"line":91,"column":6},"end":{"line":91,"column":58}},"47":{"start":{"line":93,"column":6},"end":{"line":93,"column":78}},"48":{"start":{"line":99,"column":4},"end":{"line":107,"column":5}},"49":{"start":{"line":100,"column":23},"end":{"line":100,"column":75}},"50":{"start":{"line":101,"column":6},"end":{"line":103,"column":7}},"51":{"start":{"line":102,"column":8},"end":{"line":102,"column":87}},"52":{"start":{"line":104,"column":6},"end":{"line":104,"column":57}},"53":{"start":{"line":106,"column":6},"end":{"line":106,"column":78}},"54":{"start":{"line":7,"column":0},"end":{"line":7,"column":13}}},"fnMap":{"0":{"name":"(anonymous_0)","decl":{"start":{"line":8,"column":2},"end":{"line":8,"column":7}},"loc":{"start":{"line":8,"column":42},"end":{"line":27,"column":3}}},"1":{"name":"(anonymous_1)","decl":{"start":{"line":29,"column":2},"end":{"line":29,"column":7}},"loc":{"start":{"line":29,"column":44},"end":{"line":37,"column":3}}},"2":{"name":"(anonymous_2)","decl":{"start":{"line":39,"column":2},"end":{"line":39,"column":7}},"loc":{"start":{"line":39,"column":62},"end":{"line":47,"column":3}}},"3":{"name":"(anonymous_3)","decl":{"start":{"line":49,"column":2},"end":{"line":49,"column":7}},"loc":{"start":{"line":49,"column":61},"end":{"line":57,"column":3}}},"4":{"name":"(anonymous_4)","decl":{"start":{"line":59,"column":2},"end":{"line":59,"column":7}},"loc":{"start":{"line":59,"column":62},"end":{"line":67,"column":3}}},"5":{"name":"(anonymous_5)","decl":{"start":{"line":69,"column":2},"end":{"line":69,"column":7}},"loc":{"start":{"line":69,"column":61},"end":{"line":77,"column":3}}},"6":{"name":"(anonymous_6)","decl":{"start":{"line":79,"column":2},"end":{"line":79,"column":7}},"loc":{"start":{"line":79,"column":47},"end":{"line":86,"column":3}}},"7":{"name":"(anonymous_7)","decl":{"start":{"line":88,"column":2},"end":{"line":88,"column":7}},"loc":{"start":{"line":88,"column":46},"end":{"line":95,"column":3}}},"8":{"name":"(anonymous_8)","decl":{"start":{"line":98,"column":2},"end":{"line":98,"column":7}},"loc":{"start":{"line":98,"column":43},"end":{"line":108,"column":3}}}},"branchMap":{"0":{"loc":{"start":{"line":11,"column":6},"end":{"line":13,"column":7}},"type":"if","locations":[{"start":{"line":11,"column":6},"end":{"line":13,"column":7}},{"start":{},"end":{}}]},"1":{"loc":{"start":{"line":32,"column":6},"end":{"line":32,"column":100}},"type":"if","locations":[{"start":{"line":32,"column":6},"end":{"line":32,"column":100}},{"start":{},"end":{}}]},"2":{"loc":{"start":{"line":42,"column":6},"end":{"line":42,"column":100}},"type":"if","locations":[{"start":{"line":42,"column":6},"end":{"line":42,"column":100}},{"start":{},"end":{}}]},"3":{"loc":{"start":{"line":52,"column":6},"end":{"line":52,"column":100}},"type":"if","locations":[{"start":{"line":52,"column":6},"end":{"line":52,"column":100}},{"start":{},"end":{}}]},"4":{"loc":{"start":{"line":62,"column":6},"end":{"line":62,"column":100}},"type":"if","locations":[{"start":{"line":62,"column":6},"end":{"line":62,"column":100}},{"start":{},"end":{}}]},"5":{"loc":{"start":{"line":72,"column":6},"end":{"line":72,"column":100}},"type":"if","locations":[{"start":{"line":72,"column":6},"end":{"line":72,"column":100}},{"start":{},"end":{}}]},"6":{"loc":{"start":{"line":101,"column":6},"end":{"line":103,"column":7}},"type":"if","locations":[{"start":{"line":101,"column":6},"end":{"line":103,"column":7}},{"start":{},"end":{}}]}},"s":{"0":7,"1":7,"2":7,"3":0,"4":0,"5":0,"6":0,"7":0,"8":0,"9":0,"10":0,"11":0,"12":0,"13":0,"14":0,"15":0,"16":0,"17":0,"18":0,"19":0,"20":0,"21":0,"22":0,"23":0,"24":0,"25":0,"26":0,"27":0,"28":0,"29":0,"30":0,"31":0,"32":0,"33":0,"34":0,"35":0,"36":0,"37":0,"38":0,"39":0,"40":0,"41":0,"42":0,"43":0,"44":0,"45":0,"46":0,"47":0,"48":0,"49":0,"50":0,"51":0,"52":0,"53":0,"54":7},"f":{"0":0,"1":0,"2":0,"3":0,"4":0,"5":0,"6":0,"7":0,"8":0},"b":{"0":[0,0],"1":[0,0],"2":[0,0],"3":[0,0],"4":[0,0],"5":[0,0],"6":[0,0]}}
,"D:\\nepalink-backend\\src\\controllers\\member.controller.ts": {"path":"D:\\nepalink-backend\\src\\controllers\\member.controller.ts","statementMap":{"0":{"start":{"line":2,"column":0},"end":{"line":2,"column":59}},"1":{"start":{"line":4,"column":22},"end":{"line":4,"column":41}},"2":{"start":{"line":8,"column":4},"end":{"line":13,"column":5}},"3":{"start":{"line":9,"column":24},"end":{"line":9,"column":79}},"4":{"start":{"line":10,"column":6},"end":{"line":10,"column":70}},"5":{"start":{"line":12,"column":6},"end":{"line":12,"column":78}},"6":{"start":{"line":17,"column":4},"end":{"line":22,"column":5}},"7":{"start":{"line":18,"column":25},"end":{"line":18,"column":81}},"8":{"start":{"line":19,"column":6},"end":{"line":19,"column":71}},"9":{"start":{"line":21,"column":6},"end":{"line":21,"column":78}},"10":{"start":{"line":26,"column":4},"end":{"line":31,"column":5}},"11":{"start":{"line":27,"column":24},"end":{"line":27,"column":79}},"12":{"start":{"line":28,"column":6},"end":{"line":28,"column":70}},"13":{"start":{"line":30,"column":6},"end":{"line":30,"column":78}},"14":{"start":{"line":6,"column":0},"end":{"line":6,"column":13}}},"fnMap":{"0":{"name":"(anonymous_0)","decl":{"start":{"line":7,"column":2},"end":{"line":7,"column":7}},"loc":{"start":{"line":7,"column":50},"end":{"line":14,"column":3}}},"1":{"name":"(anonymous_1)","decl":{"start":{"line":16,"column":2},"end":{"line":16,"column":7}},"loc":{"start":{"line":16,"column":51},"end":{"line":23,"column":3}}},"2":{"name":"(anonymous_2)","decl":{"start":{"line":25,"column":2},"end":{"line":25,"column":7}},"loc":{"start":{"line":25,"column":50},"end":{"line":32,"column":3}}}},"branchMap":{},"s":{"0":7,"1":7,"2":0,"3":0,"4":0,"5":0,"6":0,"7":0,"8":0,"9":0,"10":0,"11":0,"12":0,"13":0,"14":7},"f":{"0":0,"1":0,"2":0},"b":{}}
,"D:\\nepalink-backend\\src\\controllers\\password.controller.ts": {"path":"D:\\nepalink-backend\\src\\controllers\\password.controller.ts","statementMap":{"0":{"start":{"line":2,"column":0},"end":{"line":2,"column":28}},"1":{"start":{"line":3,"column":0},"end":{"line":3,"column":32}},"2":{"start":{"line":4,"column":0},"end":{"line":4,"column":49}},"3":{"start":{"line":5,"column":0},"end":{"line":5,"column":62}},"4":{"start":{"line":6,"column":0},"end":{"line":6,"column":59}},"5":{"start":{"line":10,"column":4},"end":{"line":28,"column":5}},"6":{"start":{"line":11,"column":24},"end":{"line":11,"column":32}},"7":{"start":{"line":12,"column":19},"end":{"line":12,"column":53}},"8":{"start":{"line":13,"column":6},"end":{"line":15,"column":7}},"9":{"start":{"line":14,"column":8},"end":{"line":14,"column":83}},"10":{"start":{"line":18,"column":20},"end":{"line":18,"column":58}},"11":{"start":{"line":19,"column":24},"end":{"line":19,"column":61}},"12":{"start":{"line":21,"column":6},"end":{"line":21,"column":75}},"13":{"start":{"line":23,"column":6},"end":{"line":23,"column":46}},"14":{"start":{"line":25,"column":6},"end":{"line":25,"column":82}},"15":{"start":{"line":27,"column":6},"end":{"line":27,"column":78}},"16":{"start":{"line":32,"column":4},"end":{"line":54,"column":5}},"17":{"start":{"line":33,"column":24},"end":{"line":33,"column":34}},"18":{"start":{"line":34,"column":27},"end":{"line":34,"column":35}},"19":{"start":{"line":36,"column":25},"end":{"line":36,"column":65}},"20":{"start":{"line":37,"column":6},"end":{"line":39,"column":7}},"21":{"start":{"line":38,"column":8},"end":{"line":38,"column":93}},"22":{"start":{"line":41,"column":19},"end":{"line":41,"column":62}},"23":{"start":{"line":42,"column":6},"end":{"line":44,"column":7}},"24":{"start":{"line":43,"column":8},"end":{"line":43,"column":83}},"25":{"start":{"line":46,"column":6},"end":{"line":46,"column":56}},"26":{"start":{"line":47,"column":6},"end":{"line":47,"column":24}},"27":{"start":{"line":49,"column":6},"end":{"line":49,"column":63}},"28":{"start":{"line":51,"column":6},"end":{"line":51,"column":91}},"29":{"start":{"line":53,"column":6},"end":{"line":53,"column":78}},"30":{"start":{"line":8,"column":0},"end":{"line":8,"column":13}}},"fnMap":{"0":{"name":"(anonymous_1)","decl":{"start":{"line":9,"column":2},"end":{"line":9,"column":7}},"loc":{"start":{"line":9,"column":50},"end":{"line":29,"column":3}}},"1":{"name":"(anonymous_2)","decl":{"start":{"line":31,"column":2},"end":{"line":31,"column":7}},"loc":{"start":{"line":31,"column":49},"end":{"line":55,"column":3}}}},"branchMap":{"0":{"loc":{"start":{"line":13,"column":6},"end":{"line":15,"column":7}},"type":"if","locations":[{"start":{"line":13,"column":6},"end":{"line":15,"column":7}},{"start":{},"end":{}}]},"1":{"loc":{"start":{"line":37,"column":6},"end":{"line":39,"column":7}},"type":"if","locations":[{"start":{"line":37,"column":6},"end":{"line":39,"column":7}},{"start":{},"end":{}}]},"2":{"loc":{"start":{"line":37,"column":10},"end":{"line":37,"column":58}},"type":"binary-expr","locations":[{"start":{"line":37,"column":10},"end":{"line":37,"column":21}},{"start":{"line":37,"column":25},"end":{"line":37,"column":58}}]},"3":{"loc":{"start":{"line":42,"column":6},"end":{"line":44,"column":7}},"type":"if","locations":[{"start":{"line":42,"column":6},"end":{"line":44,"column":7}},{"start":{},"end":{}}]}},"s":{"0":7,"1":7,"2":7,"3":7,"4":7,"5":0,"6":0,"7":0,"8":0,"9":0,"10":0,"11":0,"12":0,"13":0,"14":0,"15":0,"16":0,"17":0,"18":0,"19":0,"20":0,"21":0,"22":0,"23":0,"24":0,"25":0,"26":0,"27":0,"28":0,"29":0,"30":7},"f":{"0":0,"1":0},"b":{"0":[0,0],"1":[0,0],"2":[0,0],"3":[0,0]}}
,"D:\\nepalink-backend\\src\\controllers\\user.controller.ts": {"path":"D:\\nepalink-backend\\src\\controllers\\user.controller.ts","statementMap":{"0":{"start":{"line":2,"column":0},"end":{"line":2,"column":49}},"1":{"start":{"line":3,"column":0},"end":{"line":3,"column":24}},"2":{"start":{"line":4,"column":0},"end":{"line":4,"column":20}},"3":{"start":{"line":7,"column":27},"end":{"line":23,"column":1}},"4":{"start":{"line":8,"column":2},"end":{"line":22,"column":3}},"5":{"start":{"line":9,"column":19},"end":{"line":9,"column":32}},"6":{"start":{"line":10,"column":17},"end":{"line":10,"column":69}},"7":{"start":{"line":12,"column":4},"end":{"line":14,"column":5}},"8":{"start":{"line":13,"column":6},"end":{"line":13,"column":81}},"9":{"start":{"line":16,"column":4},"end":{"line":19,"column":7}},"10":{"start":{"line":21,"column":4},"end":{"line":21,"column":76}},"11":{"start":{"line":7,"column":13},"end":{"line":7,"column":27}},"12":{"start":{"line":26,"column":36},"end":{"line":60,"column":1}},"13":{"start":{"line":27,"column":2},"end":{"line":59,"column":3}},"14":{"start":{"line":28,"column":19},"end":{"line":28,"column":32}},"15":{"start":{"line":30,"column":4},"end":{"line":32,"column":5}},"16":{"start":{"line":31,"column":6},"end":{"line":31,"column":83}},"17":{"start":{"line":34,"column":17},"end":{"line":34,"column":49}},"18":{"start":{"line":35,"column":4},"end":{"line":37,"column":5}},"19":{"start":{"line":36,"column":6},"end":{"line":36,"column":81}},"20":{"start":{"line":40,"column":4},"end":{"line":45,"column":5}},"21":{"start":{"line":41,"column":22},"end":{"line":41,"column":74}},"22":{"start":{"line":42,"column":6},"end":{"line":44,"column":7}},"23":{"start":{"line":43,"column":8},"end":{"line":43,"column":31}},"24":{"start":{"line":48,"column":21},"end":{"line":48,"column":38}},"25":{"start":{"line":49,"column":4},"end":{"line":49,"column":29}},"26":{"start":{"line":50,"column":4},"end":{"line":50,"column":22}},"27":{"start":{"line":52,"column":4},"end":{"line":56,"column":7}},"28":{"start":{"line":58,"column":4},"end":{"line":58,"column":76}},"29":{"start":{"line":26,"column":13},"end":{"line":26,"column":36}}},"fnMap":{"0":{"name":"(anonymous_1)","decl":{"start":{"line":7,"column":27},"end":{"line":7,"column":32}},"loc":{"start":{"line":7,"column":65},"end":{"line":23,"column":1}}},"1":{"name":"(anonymous_2)","decl":{"start":{"line":26,"column":36},"end":{"line":26,"column":41}},"loc":{"start":{"line":26,"column":74},"end":{"line":60,"column":1}}}},"branchMap":{"0":{"loc":{"start":{"line":12,"column":4},"end":{"line":14,"column":5}},"type":"if","locations":[{"start":{"line":12,"column":4},"end":{"line":14,"column":5}},{"start":{},"end":{}}]},"1":{"loc":{"start":{"line":30,"column":4},"end":{"line":32,"column":5}},"type":"if","locations":[{"start":{"line":30,"column":4},"end":{"line":32,"column":5}},{"start":{},"end":{}}]},"2":{"loc":{"start":{"line":35,"column":4},"end":{"line":37,"column":5}},"type":"if","locations":[{"start":{"line":35,"column":4},"end":{"line":37,"column":5}},{"start":{},"end":{}}]},"3":{"loc":{"start":{"line":40,"column":4},"end":{"line":45,"column":5}},"type":"if","locations":[{"start":{"line":40,"column":4},"end":{"line":45,"column":5}},{"start":{},"end":{}}]},"4":{"loc":{"start":{"line":40,"column":8},"end":{"line":40,"column":64}},"type":"binary-expr","locations":[{"start":{"line":40,"column":8},"end":{"line":40,"column":21}},{"start":{"line":40,"column":25},"end":{"line":40,"column":64}}]},"5":{"loc":{"start":{"line":42,"column":6},"end":{"line":44,"column":7}},"type":"if","locations":[{"start":{"line":42,"column":6},"end":{"line":44,"column":7}},{"start":{},"end":{}}]}},"s":{"0":7,"1":7,"2":7,"3":7,"4":0,"5":0,"6":0,"7":0,"8":0,"9":0,"10":0,"11":7,"12":7,"13":0,"14":0,"15":0,"16":0,"17":0,"18":0,"19":0,"20":0,"21":0,"22":0,"23":0,"24":0,"25":0,"26":0,"27":0,"28":0,"29":7},"f":{"0":0,"1":0},"b":{"0":[0,0],"1":[0,0],"2":[0,0],"3":[0,0],"4":[0,0],"5":[0,0]}}
,"D:\\nepalink-backend\\src\\dtos\\user.dto.ts": {"path":"D:\\nepalink-backend\\src\\dtos\\user.dto.ts","statementMap":{"0":{"start":{"line":1,"column":0},"end":{"line":1,"column":20}},"1":{"start":{"line":4,"column":13},"end":{"line":9,"column":3}},"2":{"start":{"line":14,"column":13},"end":{"line":17,"column":3}}},"fnMap":{},"branchMap":{},"s":{"0":7,"1":7,"2":7},"f":{},"b":{}}
,"D:\\nepalink-backend\\src\\errors\\http-error.ts": {"path":"D:\\nepalink-backend\\src\\errors\\http-error.ts","statementMap":{"0":{"start":{"line":5,"column":4},"end":{"line":5,"column":19}},"1":{"start":{"line":6,"column":4},"end":{"line":6,"column":33}},"2":{"start":{"line":1,"column":0},"end":{"line":1,"column":13}}},"fnMap":{"0":{"name":"(anonymous_0)","decl":{"start":{"line":4,"column":2},"end":{"line":4,"column":14}},"loc":{"start":{"line":4,"column":49},"end":{"line":7,"column":3}}}},"branchMap":{},"s":{"0":0,"1":0,"2":7},"f":{"0":0},"b":{}}
,"D:\\nepalink-backend\\src\\middlewares\\auth.middleware.ts": {"path":"D:\\nepalink-backend\\src\\middlewares\\auth.middleware.ts","statementMap":{"0":{"start":{"line":2,"column":0},"end":{"line":2,"column":31}},"1":{"start":{"line":3,"column":0},"end":{"line":3,"column":39}},"2":{"start":{"line":6,"column":28},"end":{"line":30,"column":1}},"3":{"start":{"line":7,"column":2},"end":{"line":29,"column":3}},"4":{"start":{"line":9,"column":6},"end":{"line":9,"column":76}},"5":{"start":{"line":11,"column":4},"end":{"line":13,"column":5}},"6":{"start":{"line":12,"column":6},"end":{"line":12,"column":84}},"7":{"start":{"line":15,"column":25},"end":{"line":15,"column":54}},"8":{"start":{"line":18,"column":5},"end":{"line":21,"column":6}},"9":{"start":{"line":26,"column":4},"end":{"line":26,"column":11}},"10":{"start":{"line":28,"column":4},"end":{"line":28,"column":78}},"11":{"start":{"line":6,"column":13},"end":{"line":6,"column":28}},"12":{"start":{"line":33,"column":24},"end":{"line":38,"column":1}},"13":{"start":{"line":34,"column":2},"end":{"line":36,"column":3}},"14":{"start":{"line":35,"column":4},"end":{"line":35,"column":93}},"15":{"start":{"line":37,"column":2},"end":{"line":37,"column":9}},"16":{"start":{"line":33,"column":13},"end":{"line":33,"column":24}},"17":{"start":{"line":40,"column":23},"end":{"line":45,"column":1}},"18":{"start":{"line":41,"column":2},"end":{"line":43,"column":3}},"19":{"start":{"line":42,"column":4},"end":{"line":42,"column":92}},"20":{"start":{"line":44,"column":2},"end":{"line":44,"column":9}},"21":{"start":{"line":40,"column":13},"end":{"line":40,"column":23}},"22":{"start":{"line":47,"column":23},"end":{"line":52,"column":1}},"23":{"start":{"line":48,"column":2},"end":{"line":50,"column":3}},"24":{"start":{"line":49,"column":4},"end":{"line":49,"column":92}},"25":{"start":{"line":51,"column":2},"end":{"line":51,"column":9}},"26":{"start":{"line":47,"column":13},"end":{"line":47,"column":23}},"27":{"start":{"line":55,"column":31},"end":{"line":64,"column":1}},"28":{"start":{"line":56,"column":16},"end":{"line":56,"column":38}},"29":{"start":{"line":57,"column":2},"end":{"line":62,"column":3}},"30":{"start":{"line":58,"column":4},"end":{"line":61,"column":7}},"31":{"start":{"line":63,"column":2},"end":{"line":63,"column":9}},"32":{"start":{"line":55,"column":13},"end":{"line":55,"column":31}}},"fnMap":{"0":{"name":"(anonymous_1)","decl":{"start":{"line":6,"column":28},"end":{"line":6,"column":29}},"loc":{"start":{"line":6,"column":80},"end":{"line":30,"column":1}}},"1":{"name":"(anonymous_2)","decl":{"start":{"line":33,"column":24},"end":{"line":33,"column":25}},"loc":{"start":{"line":33,"column":76},"end":{"line":38,"column":1}}},"2":{"name":"(anonymous_3)","decl":{"start":{"line":40,"column":23},"end":{"line":40,"column":24}},"loc":{"start":{"line":40,"column":75},"end":{"line":45,"column":1}}},"3":{"name":"(anonymous_4)","decl":{"start":{"line":47,"column":23},"end":{"line":47,"column":24}},"loc":{"start":{"line":47,"column":75},"end":{"line":52,"column":1}}},"4":{"name":"(anonymous_5)","decl":{"start":{"line":55,"column":31},"end":{"line":55,"column":32}},"loc":{"start":{"line":55,"column":83},"end":{"line":64,"column":1}}}},"branchMap":{"0":{"loc":{"start":{"line":9,"column":6},"end":{"line":9,"column":76}},"type":"binary-expr","locations":[{"start":{"line":9,"column":6},"end":{"line":9,"column":29}},{"start":{"line":9,"column":33},"end":{"line":9,"column":76}}]},"1":{"loc":{"start":{"line":11,"column":4},"end":{"line":13,"column":5}},"type":"if","locations":[{"start":{"line":11,"column":4},"end":{"line":13,"column":5}},{"start":{},"end":{}}]},"2":{"loc":{"start":{"line":20,"column":11},"end":{"line":20,"column":36}},"type":"binary-expr","locations":[{"start":{"line":20,"column":11},"end":{"line":20,"column":22}},{"start":{"line":20,"column":26},"end":{"line":20,"column":36}}]},"3":{"loc":{"start":{"line":34,"column":2},"end":{"line":36,"column":3}},"type":"if","locations":[{"start":{"line":34,"column":2},"end":{"line":36,"column":3}},{"start":{},"end":{}}]},"4":{"loc":{"start":{"line":41,"column":2},"end":{"line":43,"column":3}},"type":"if","locations":[{"start":{"line":41,"column":2},"end":{"line":43,"column":3}},{"start":{},"end":{}}]},"5":{"loc":{"start":{"line":48,"column":2},"end":{"line":50,"column":3}},"type":"if","locations":[{"start":{"line":48,"column":2},"end":{"line":50,"column":3}},{"start":{},"end":{}}]},"6":{"loc":{"start":{"line":57,"column":2},"end":{"line":62,"column":3}},"type":"if","locations":[{"start":{"line":57,"column":2},"end":{"line":62,"column":3}},{"start":{},"end":{}}]}},"s":{"0":7,"1":7,"2":7,"3":46,"4":46,"5":46,"6":28,"7":18,"8":0,"9":0,"10":18,"11":7,"12":7,"13":0,"14":0,"15":0,"16":7,"17":7,"18":0,"19":0,"20":0,"21":7,"22":7,"23":0,"24":0,"25":0,"26":7,"27":7,"28":0,"29":0,"30":0,"31":0,"32":7},"f":{"0":46,"1":0,"2":0,"3":0,"4":0},"b":{"0":[46,46],"1":[28,18],"2":[0,0],"3":[0,0],"4":[0,0],"5":[0,0],"6":[0,0]}}
,"D:\\nepalink-backend\\src\\middlewares\\ismemberornurse.middleware.ts": {"path":"D:\\nepalink-backend\\src\\middlewares\\ismemberornurse.middleware.ts","statementMap":{"0":{"start":{"line":3,"column":31},"end":{"line":14,"column":1}},"1":{"start":{"line":4,"column":16},"end":{"line":4,"column":38}},"2":{"start":{"line":6,"column":2},"end":{"line":11,"column":3}},"3":{"start":{"line":7,"column":4},"end":{"line":10,"column":7}},"4":{"start":{"line":13,"column":2},"end":{"line":13,"column":9}},"5":{"start":{"line":3,"column":13},"end":{"line":3,"column":31}}},"fnMap":{"0":{"name":"(anonymous_0)","decl":{"start":{"line":3,"column":31},"end":{"line":3,"column":32}},"loc":{"start":{"line":3,"column":83},"end":{"line":14,"column":1}}}},"branchMap":{"0":{"loc":{"start":{"line":6,"column":2},"end":{"line":11,"column":3}},"type":"if","locations":[{"start":{"line":6,"column":2},"end":{"line":11,"column":3}},{"start":{},"end":{}}]}},"s":{"0":7,"1":0,"2":0,"3":0,"4":0,"5":7},"f":{"0":0},"b":{"0":[0,0]}}
,"D:\\nepalink-backend\\src\\models\\activity.model.ts": {"path":"D:\\nepalink-backend\\src\\models\\activity.model.ts","statementMap":{"0":{"start":{"line":1,"column":0},"end":{"line":1,"column":54}},"1":{"start":{"line":3,"column":23},"end":{"line":55,"column":null}},"2":{"start":{"line":104,"column":13},"end":{"line":104,"column":83}}},"fnMap":{},"branchMap":{},"s":{"0":7,"1":7,"2":7},"f":{},"b":{}}
,"D:\\nepalink-backend\\src\\models\\booking.model.ts": {"path":"D:\\nepalink-backend\\src\\models\\booking.model.ts","statementMap":{"0":{"start":{"line":1,"column":0},"end":{"line":1,"column":54}},"1":{"start":{"line":3,"column":22},"end":{"line":14,"column":null}},"2":{"start":{"line":26,"column":13},"end":{"line":26,"column":79}}},"fnMap":{},"branchMap":{},"s":{"0":7,"1":7,"2":7},"f":{},"b":{}}
,"D:\\nepalink-backend\\src\\models\\chat-message.model.ts": {"path":"D:\\nepalink-backend\\src\\models\\chat-message.model.ts","statementMap":{"0":{"start":{"line":1,"column":0},"end":{"line":1,"column":54}},"1":{"start":{"line":14,"column":34},"end":{"line":23,"column":null}},"2":{"start":{"line":26,"column":13},"end":{"line":29,"column":2}}},"fnMap":{},"branchMap":{},"s":{"0":7,"1":7,"2":7},"f":{},"b":{}}
,"D:\\nepalink-backend\\src\\models\\contract.model.ts": {"path":"D:\\nepalink-backend\\src\\models\\contract.model.ts","statementMap":{"0":{"start":{"line":1,"column":0},"end":{"line":1,"column":54}},"1":{"start":{"line":3,"column":23},"end":{"line":22,"column":null}},"2":{"start":{"line":41,"column":13},"end":{"line":41,"column":83}}},"fnMap":{},"branchMap":{},"s":{"0":7,"1":7,"2":7},"f":{},"b":{}}
,"D:\\nepalink-backend\\src\\models\\reset-token.model.ts": {"path":"D:\\nepalink-backend\\src\\models\\reset-token.model.ts","statementMap":{"0":{"start":{"line":1,"column":0},"end":{"line":1,"column":54}},"1":{"start":{"line":3,"column":25},"end":{"line":7,"column":2}},"2":{"start":{"line":15,"column":13},"end":{"line":15,"column":91}}},"fnMap":{},"branchMap":{},"s":{"0":7,"1":7,"2":7},"f":{},"b":{}}
,"D:\\nepalink-backend\\src\\models\\user.model.ts": {"path":"D:\\nepalink-backend\\src\\models\\user.model.ts","statementMap":{"0":{"start":{"line":1,"column":0},"end":{"line":1,"column":54}},"1":{"start":{"line":4,"column":27},"end":{"line":19,"column":null}},"2":{"start":{"line":35,"column":13},"end":{"line":35,"column":67}}},"fnMap":{},"branchMap":{},"s":{"0":7,"1":7,"2":7},"f":{},"b":{}}
,"D:\\nepalink-backend\\src\\repositories\\activity.repository.ts": {"path":"D:\\nepalink-backend\\src\\repositories\\activity.repository.ts","statementMap":{"0":{"start":{"line":1,"column":0},"end":{"line":1,"column":32}},"1":{"start":{"line":2,"column":0},"end":{"line":2,"column":68}},"2":{"start":{"line":6,"column":21},"end":{"line":6,"column":44}},"3":{"start":{"line":7,"column":4},"end":{"line":7,"column":33}},"4":{"start":{"line":14,"column":4},"end":{"line":16,"column":46}},"5":{"start":{"line":20,"column":25},"end":{"line":22,"column":16}},"6":{"start":{"line":24,"column":4},"end":{"line":26,"column":47}},"7":{"start":{"line":30,"column":24},"end":{"line":32,"column":15}},"8":{"start":{"line":34,"column":4},"end":{"line":36,"column":46}},"9":{"start":{"line":4,"column":0},"end":{"line":4,"column":13}}},"fnMap":{"0":{"name":"(anonymous_1)","decl":{"start":{"line":5,"column":2},"end":{"line":5,"column":7}},"loc":{"start":{"line":5,"column":39},"end":{"line":8,"column":3}}},"1":{"name":"(anonymous_2)","decl":{"start":{"line":10,"column":2},"end":{"line":10,"column":7}},"loc":{"start":{"line":12,"column":34},"end":{"line":17,"column":3}}},"2":{"name":"(anonymous_3)","decl":{"start":{"line":19,"column":2},"end":{"line":19,"column":7}},"loc":{"start":{"line":19,"column":47},"end":{"line":27,"column":3}}},"3":{"name":"(anonymous_4)","decl":{"start":{"line":29,"column":2},"end":{"line":29,"column":7}},"loc":{"start":{"line":29,"column":45},"end":{"line":37,"column":3}}}},"branchMap":{"0":{"loc":{"start":{"line":20,"column":25},"end":{"line":22,"column":16}},"type":"cond-expr","locations":[{"start":{"line":21,"column":8},"end":{"line":21,"column":45}},{"start":{"line":22,"column":8},"end":{"line":22,"column":16}}]},"1":{"loc":{"start":{"line":30,"column":24},"end":{"line":32,"column":15}},"type":"cond-expr","locations":[{"start":{"line":31,"column":8},"end":{"line":31,"column":44}},{"start":{"line":32,"column":8},"end":{"line":32,"column":15}}]}},"s":{"0":7,"1":7,"2":0,"3":0,"4":0,"5":0,"6":0,"7":0,"8":0,"9":7},"f":{"0":0,"1":0,"2":0,"3":0},"b":{"0":[0,0],"1":[0,0]}}
,"D:\\nepalink-backend\\src\\repositories\\admin.repository.ts": {"path":"D:\\nepalink-backend\\src\\repositories\\admin.repository.ts","statementMap":{"0":{"start":{"line":1,"column":0},"end":{"line":1,"column":49}},"1":{"start":{"line":2,"column":0},"end":{"line":2,"column":28}},"2":{"start":{"line":6,"column":23},"end":{"line":6,"column":25}},"3":{"start":{"line":9,"column":4},"end":{"line":9,"column":32}},"4":{"start":{"line":9,"column":14},"end":{"line":9,"column":32}},"5":{"start":{"line":12,"column":4},"end":{"line":17,"column":5}},"6":{"start":{"line":13,"column":6},"end":{"line":16,"column":8}},"7":{"start":{"line":20,"column":17},"end":{"line":20,"column":35}},"8":{"start":{"line":23,"column":28},"end":{"line":23,"column":30}},"9":{"start":{"line":24,"column":4},"end":{"line":27,"column":5}},"10":{"start":{"line":25,"column":29},"end":{"line":25,"column":44}},"11":{"start":{"line":26,"column":6},"end":{"line":26,"column":52}},"12":{"start":{"line":29,"column":18},"end":{"line":33,"column":23}},"13":{"start":{"line":35,"column":18},"end":{"line":35,"column":55}},"14":{"start":{"line":37,"column":4},"end":{"line":47,"column":6}},"15":{"start":{"line":51,"column":4},"end":{"line":51,"column":99}},"16":{"start":{"line":57,"column":25},"end":{"line":57,"column":61}},"17":{"start":{"line":58,"column":2},"end":{"line":65,"column":5}},"18":{"start":{"line":70,"column":4},"end":{"line":70,"column":64}},"19":{"start":{"line":74,"column":4},"end":{"line":74,"column":43}},"20":{"start":{"line":78,"column":23},"end":{"line":78,"column":55}},"21":{"start":{"line":79,"column":19},"end":{"line":79,"column":68}},"22":{"start":{"line":80,"column":20},"end":{"line":80,"column":70}},"23":{"start":{"line":81,"column":19},"end":{"line":81,"column":68}},"24":{"start":{"line":83,"column":4},"end":{"line":83,"column":51}},"25":{"start":{"line":4,"column":0},"end":{"line":4,"column":13}}},"fnMap":{"0":{"name":"(anonymous_1)","decl":{"start":{"line":5,"column":2},"end":{"line":5,"column":7}},"loc":{"start":{"line":5,"column":93},"end":{"line":48,"column":3}}},"1":{"name":"(anonymous_2)","decl":{"start":{"line":50,"column":2},"end":{"line":50,"column":7}},"loc":{"start":{"line":50,"column":30},"end":{"line":52,"column":3}}},"2":{"name":"(anonymous_3)","decl":{"start":{"line":56,"column":0},"end":{"line":56,"column":5}},"loc":{"start":{"line":56,"column":26},"end":{"line":66,"column":1}}},"3":{"name":"(anonymous_4)","decl":{"start":{"line":69,"column":2},"end":{"line":69,"column":7}},"loc":{"start":{"line":69,"column":40},"end":{"line":71,"column":3}}},"4":{"name":"(anonymous_5)","decl":{"start":{"line":73,"column":2},"end":{"line":73,"column":7}},"loc":{"start":{"line":73,"column":29},"end":{"line":75,"column":3}}},"5":{"name":"(anonymous_6)","decl":{"start":{"line":77,"column":2},"end":{"line":77,"column":7}},"loc":{"start":{"line":77,"column":20},"end":{"line":84,"column":3}}}},"branchMap":{"0":{"loc":{"start":{"line":9,"column":4},"end":{"line":9,"column":32}},"type":"if","locations":[{"start":{"line":9,"column":4},"end":{"line":9,"column":32}},{"start":{},"end":{}}]},"1":{"loc":{"start":{"line":12,"column":4},"end":{"line":17,"column":5}},"type":"if","locations":[{"start":{"line":12,"column":4},"end":{"line":17,"column":5}},{"start":{},"end":{}}]},"2":{"loc":{"start":{"line":24,"column":4},"end":{"line":27,"column":5}},"type":"if","locations":[{"start":{"line":24,"column":4},"end":{"line":27,"column":5}},{"start":{},"end":{}}]},"3":{"loc":{"start":{"line":26,"column":26},"end":{"line":26,"column":51}},"type":"cond-expr","locations":[{"start":{"line":26,"column":45},"end":{"line":26,"column":47}},{"start":{"line":26,"column":50},"end":{"line":26,"column":51}}]}},"s":{"0":7,"1":7,"2":0,"3":0,"4":0,"5":0,"6":0,"7":0,"8":0,"9":0,"10":0,"11":0,"12":0,"13":0,"14":0,"15":0,"16":0,"17":0,"18":0,"19":0,"20":0,"21":0,"22":0,"23":0,"24":0,"25":7},"f":{"0":0,"1":0,"2":0,"3":0,"4":0,"5":0},"b":{"0":[0,0],"1":[0,0],"2":[0,0],"3":[0,0]}}
,"D:\\nepalink-backend\\src\\repositories\\booking.repository.ts": {"path":"D:\\nepalink-backend\\src\\repositories\\booking.repository.ts","statementMap":{"0":{"start":{"line":1,"column":0},"end":{"line":1,"column":65}},"1":{"start":{"line":6,"column":20},"end":{"line":6,"column":42}},"2":{"start":{"line":7,"column":4},"end":{"line":7,"column":32}},"3":{"start":{"line":12,"column":4},"end":{"line":14,"column":14}},"4":{"start":{"line":19,"column":4},"end":{"line":22,"column":14}},"5":{"start":{"line":27,"column":4},"end":{"line":30,"column":14}},"6":{"start":{"line":38,"column":4},"end":{"line":44,"column":14}},"7":{"start":{"line":49,"column":4},"end":{"line":51,"column":14}},"8":{"start":{"line":56,"column":4},"end":{"line":56,"column":52}},"9":{"start":{"line":3,"column":0},"end":{"line":3,"column":13}}},"fnMap":{"0":{"name":"(anonymous_0)","decl":{"start":{"line":5,"column":2},"end":{"line":5,"column":7}},"loc":{"start":{"line":5,"column":38},"end":{"line":8,"column":3}}},"1":{"name":"(anonymous_1)","decl":{"start":{"line":11,"column":2},"end":{"line":11,"column":7}},"loc":{"start":{"line":11,"column":27},"end":{"line":15,"column":3}}},"2":{"name":"(anonymous_2)","decl":{"start":{"line":18,"column":2},"end":{"line":18,"column":7}},"loc":{"start":{"line":18,"column":37},"end":{"line":23,"column":3}}},"3":{"name":"(anonymous_3)","decl":{"start":{"line":26,"column":2},"end":{"line":26,"column":7}},"loc":{"start":{"line":26,"column":35},"end":{"line":31,"column":3}}},"4":{"name":"(anonymous_4)","decl":{"start":{"line":34,"column":2},"end":{"line":34,"column":7}},"loc":{"start":{"line":36,"column":61},"end":{"line":45,"column":3}}},"5":{"name":"(anonymous_5)","decl":{"start":{"line":48,"column":2},"end":{"line":48,"column":7}},"loc":{"start":{"line":48,"column":26},"end":{"line":52,"column":3}}},"6":{"name":"(anonymous_6)","decl":{"start":{"line":55,"column":2},"end":{"line":55,"column":7}},"loc":{"start":{"line":55,"column":25},"end":{"line":57,"column":3}}}},"branchMap":{},"s":{"0":7,"1":0,"2":0,"3":0,"4":0,"5":0,"6":0,"7":0,"8":0,"9":7},"f":{"0":0,"1":0,"2":0,"3":0,"4":0,"5":0,"6":0},"b":{}}
,"D:\\nepalink-backend\\src\\repositories\\contract.repository.ts": {"path":"D:\\nepalink-backend\\src\\repositories\\contract.repository.ts","statementMap":{"0":{"start":{"line":1,"column":0},"end":{"line":1,"column":68}},"1":{"start":{"line":6,"column":21},"end":{"line":9,"column":6}},"2":{"start":{"line":10,"column":4},"end":{"line":10,"column":33}},"3":{"start":{"line":14,"column":4},"end":{"line":15,"column":66}},"4":{"start":{"line":20,"column":6},"end":{"line":20,"column":94}},"5":{"start":{"line":21,"column":4},"end":{"line":22,"column":66}},"6":{"start":{"line":26,"column":21},"end":{"line":26,"column":53}},"7":{"start":{"line":27,"column":4},"end":{"line":27,"column":31}},"8":{"start":{"line":27,"column":19},"end":{"line":27,"column":31}},"9":{"start":{"line":29,"column":4},"end":{"line":35,"column":5}},"10":{"start":{"line":33,"column":6},"end":{"line":33,"column":37}},"11":{"start":{"line":34,"column":6},"end":{"line":34,"column":28}},"12":{"start":{"line":37,"column":4},"end":{"line":37,"column":79}},"13":{"start":{"line":41,"column":4},"end":{"line":42,"column":57}},"14":{"start":{"line":46,"column":4},"end":{"line":47,"column":58}},"15":{"start":{"line":51,"column":4},"end":{"line":55,"column":65}},"16":{"start":{"line":60,"column":4},"end":{"line":62,"column":57}},"17":{"start":{"line":3,"column":0},"end":{"line":3,"column":13}}},"fnMap":{"0":{"name":"(anonymous_0)","decl":{"start":{"line":4,"column":2},"end":{"line":4,"column":7}},"loc":{"start":{"line":4,"column":39},"end":{"line":11,"column":3}}},"1":{"name":"(anonymous_1)","decl":{"start":{"line":13,"column":2},"end":{"line":13,"column":7}},"loc":{"start":{"line":13,"column":60},"end":{"line":16,"column":3}}},"2":{"name":"(anonymous_2)","decl":{"start":{"line":18,"column":2},"end":{"line":18,"column":7}},"loc":{"start":{"line":18,"column":63},"end":{"line":23,"column":3}}},"3":{"name":"(anonymous_3)","decl":{"start":{"line":25,"column":2},"end":{"line":25,"column":7}},"loc":{"start":{"line":25,"column":63},"end":{"line":38,"column":3}}},"4":{"name":"(anonymous_4)","decl":{"start":{"line":40,"column":2},"end":{"line":40,"column":7}},"loc":{"start":{"line":40,"column":46},"end":{"line":43,"column":3}}},"5":{"name":"(anonymous_5)","decl":{"start":{"line":45,"column":2},"end":{"line":45,"column":7}},"loc":{"start":{"line":45,"column":44},"end":{"line":48,"column":3}}},"6":{"name":"(anonymous_6)","decl":{"start":{"line":50,"column":2},"end":{"line":50,"column":7}},"loc":{"start":{"line":50,"column":44},"end":{"line":56,"column":3}}},"7":{"name":"(anonymous_7)","decl":{"start":{"line":59,"column":2},"end":{"line":59,"column":7}},"loc":{"start":{"line":59,"column":26},"end":{"line":63,"column":3}}}},"branchMap":{"0":{"loc":{"start":{"line":20,"column":6},"end":{"line":20,"column":94}},"type":"cond-expr","locations":[{"start":{"line":20,"column":26},"end":{"line":20,"column":59}},{"start":{"line":20,"column":62},"end":{"line":20,"column":94}}]},"1":{"loc":{"start":{"line":27,"column":4},"end":{"line":27,"column":31}},"type":"if","locations":[{"start":{"line":27,"column":4},"end":{"line":27,"column":31}},{"start":{},"end":{}}]},"2":{"loc":{"start":{"line":29,"column":4},"end":{"line":35,"column":5}},"type":"if","locations":[{"start":{"line":29,"column":4},"end":{"line":35,"column":5}},{"start":{},"end":{}}]},"3":{"loc":{"start":{"line":30,"column":6},"end":{"line":31,"column":81}},"type":"binary-expr","locations":[{"start":{"line":30,"column":7},"end":{"line":30,"column":24}},{"start":{"line":30,"column":28},"end":{"line":30,"column":80}},{"start":{"line":31,"column":7},"end":{"line":31,"column":23}},{"start":{"line":31,"column":27},"end":{"line":31,"column":80}}]}},"s":{"0":7,"1":0,"2":0,"3":0,"4":0,"5":0,"6":0,"7":0,"8":0,"9":0,"10":0,"11":0,"12":0,"13":0,"14":0,"15":0,"16":0,"17":7},"f":{"0":0,"1":0,"2":0,"3":0,"4":0,"5":0,"6":0,"7":0},"b":{"0":[0,0],"1":[0,0],"2":[0,0],"3":[0,0,0,0]}}
,"D:\\nepalink-backend\\src\\repositories\\member.repository.ts": {"path":"D:\\nepalink-backend\\src\\repositories\\member.repository.ts","statementMap":{"0":{"start":{"line":1,"column":0},"end":{"line":1,"column":57}},"1":{"start":{"line":2,"column":0},"end":{"line":2,"column":57}},"2":{"start":{"line":6,"column":4},"end":{"line":7,"column":50}},"3":{"start":{"line":11,"column":24},"end":{"line":11,"column":78}},"4":{"start":{"line":12,"column":4},"end":{"line":14,"column":30}},"5":{"start":{"line":18,"column":27},"end":{"line":18,"column":75}},"6":{"start":{"line":19,"column":28},"end":{"line":19,"column":94}},"7":{"start":{"line":20,"column":32},"end":{"line":20,"column":102}},"8":{"start":{"line":22,"column":24},"end":{"line":22,"column":78}},"9":{"start":{"line":23,"column":28},"end":{"line":23,"column":100}},"10":{"start":{"line":25,"column":37},"end":{"line":25,"column":94}},"11":{"start":{"line":27,"column":4},"end":{"line":33,"column":6}},"12":{"start":{"line":4,"column":0},"end":{"line":4,"column":13}}},"fnMap":{"0":{"name":"(anonymous_0)","decl":{"start":{"line":5,"column":2},"end":{"line":5,"column":7}},"loc":{"start":{"line":5,"column":37},"end":{"line":8,"column":3}}},"1":{"name":"(anonymous_1)","decl":{"start":{"line":10,"column":2},"end":{"line":10,"column":7}},"loc":{"start":{"line":10,"column":38},"end":{"line":15,"column":3}}},"2":{"name":"(anonymous_2)","decl":{"start":{"line":17,"column":2},"end":{"line":17,"column":7}},"loc":{"start":{"line":17,"column":37},"end":{"line":34,"column":3}}}},"branchMap":{"0":{"loc":{"start":{"line":25,"column":37},"end":{"line":25,"column":94}},"type":"cond-expr","locations":[{"start":{"line":25,"column":58},"end":{"line":25,"column":90}},{"start":{"line":25,"column":93},"end":{"line":25,"column":94}}]}},"s":{"0":7,"1":7,"2":0,"3":0,"4":0,"5":0,"6":0,"7":0,"8":0,"9":0,"10":0,"11":0,"12":7},"f":{"0":0,"1":0,"2":0},"b":{"0":[0,0]}}
,"D:\\nepalink-backend\\src\\repositories\\user.repository.ts": {"path":"D:\\nepalink-backend\\src\\repositories\\user.repository.ts","statementMap":{"0":{"start":{"line":1,"column":0},"end":{"line":1,"column":56}},"1":{"start":{"line":2,"column":0},"end":{"line":2,"column":32}},"2":{"start":{"line":16,"column":17},"end":{"line":16,"column":40}},"3":{"start":{"line":17,"column":4},"end":{"line":17,"column":29}},"4":{"start":{"line":21,"column":4},"end":{"line":21,"column":46}},"5":{"start":{"line":25,"column":4},"end":{"line":25,"column":46}},"6":{"start":{"line":30,"column":4},"end":{"line":30,"column":58}},"7":{"start":{"line":30,"column":46},"end":{"line":30,"column":58}},"8":{"start":{"line":31,"column":4},"end":{"line":31,"column":60}},"9":{"start":{"line":36,"column":4},"end":{"line":36,"column":34}},"10":{"start":{"line":40,"column":4},"end":{"line":40,"column":76}},"11":{"start":{"line":44,"column":19},"end":{"line":44,"column":56}},"12":{"start":{"line":45,"column":4},"end":{"line":45,"column":33}},"13":{"start":{"line":48,"column":2},"end":{"line":48,"column":60}},"14":{"start":{"line":14,"column":0},"end":{"line":14,"column":13}}},"fnMap":{"0":{"name":"(anonymous_1)","decl":{"start":{"line":15,"column":2},"end":{"line":15,"column":7}},"loc":{"start":{"line":15,"column":43},"end":{"line":18,"column":3}}},"1":{"name":"(anonymous_2)","decl":{"start":{"line":20,"column":2},"end":{"line":20,"column":7}},"loc":{"start":{"line":20,"column":36},"end":{"line":22,"column":3}}},"2":{"name":"(anonymous_3)","decl":{"start":{"line":24,"column":2},"end":{"line":24,"column":7}},"loc":{"start":{"line":24,"column":36},"end":{"line":26,"column":3}}},"3":{"name":"(anonymous_4)","decl":{"start":{"line":29,"column":2},"end":{"line":29,"column":7}},"loc":{"start":{"line":29,"column":30},"end":{"line":32,"column":3}}},"4":{"name":"(anonymous_5)","decl":{"start":{"line":35,"column":2},"end":{"line":35,"column":7}},"loc":{"start":{"line":35,"column":19},"end":{"line":37,"column":3}}},"5":{"name":"(anonymous_6)","decl":{"start":{"line":39,"column":2},"end":{"line":39,"column":7}},"loc":{"start":{"line":39,"column":57},"end":{"line":41,"column":3}}},"6":{"name":"(anonymous_7)","decl":{"start":{"line":43,"column":2},"end":{"line":43,"column":7}},"loc":{"start":{"line":43,"column":29},"end":{"line":46,"column":3}}},"7":{"name":"(anonymous_8)","decl":{"start":{"line":47,"column":2},"end":{"line":47,"column":7}},"loc":{"start":{"line":47,"column":57},"end":{"line":49,"column":1}}}},"branchMap":{"0":{"loc":{"start":{"line":30,"column":4},"end":{"line":30,"column":58}},"type":"if","locations":[{"start":{"line":30,"column":4},"end":{"line":30,"column":58}},{"start":{},"end":{}}]},"1":{"loc":{"start":{"line":45,"column":11},"end":{"line":45,"column":32}},"type":"cond-expr","locations":[{"start":{"line":45,"column":20},"end":{"line":45,"column":24}},{"start":{"line":45,"column":27},"end":{"line":45,"column":32}}]}},"s":{"0":7,"1":7,"2":1,"3":1,"4":1,"5":1,"6":1,"7":1,"8":0,"9":0,"10":0,"11":0,"12":0,"13":0,"14":7},"f":{"0":1,"1":1,"2":1,"3":1,"4":0,"5":0,"6":0,"7":0},"b":{"0":[1,0],"1":[0,0]}}
,"D:\\nepalink-backend\\src\\routes\\activity.route.ts": {"path":"D:\\nepalink-backend\\src\\routes\\activity.route.ts","statementMap":{"0":{"start":{"line":1,"column":0},"end":{"line":1,"column":33}},"1":{"start":{"line":2,"column":0},"end":{"line":2,"column":98}},"2":{"start":{"line":3,"column":0},"end":{"line":3,"column":72}},"3":{"start":{"line":5,"column":19},"end":{"line":5,"column":43}},"4":{"start":{"line":6,"column":15},"end":{"line":6,"column":23}},"5":{"start":{"line":9,"column":0},"end":{"line":9,"column":84}},"6":{"start":{"line":12,"column":0},"end":{"line":12,"column":91}},"7":{"start":{"line":15,"column":0},"end":{"line":15,"column":83}},"8":{"start":{"line":18,"column":0},"end":{"line":18,"column":87}},"9":{"start":{"line":20,"column":0},"end":{"line":20,"column":22}}},"fnMap":{},"branchMap":{},"s":{"0":7,"1":7,"2":7,"3":7,"4":7,"5":7,"6":7,"7":7,"8":7,"9":7},"f":{},"b":{}}
,"D:\\nepalink-backend\\src\\routes\\admin.route.ts": {"path":"D:\\nepalink-backend\\src\\routes\\admin.route.ts","statementMap":{"0":{"start":{"line":1,"column":0},"end":{"line":1,"column":33}},"1":{"start":{"line":2,"column":0},"end":{"line":2,"column":71}},"2":{"start":{"line":3,"column":0},"end":{"line":3,"column":66}},"3":{"start":{"line":4,"column":0},"end":{"line":4,"column":59}},"4":{"start":{"line":6,"column":19},"end":{"line":6,"column":40}},"5":{"start":{"line":7,"column":15},"end":{"line":7,"column":23}},"6":{"start":{"line":10,"column":0},"end":{"line":10,"column":68}},"7":{"start":{"line":11,"column":0},"end":{"line":11,"column":72}},"8":{"start":{"line":14,"column":0},"end":{"line":14,"column":93}},"9":{"start":{"line":17,"column":0},"end":{"line":17,"column":98}},"10":{"start":{"line":20,"column":0},"end":{"line":20,"column":74}},"11":{"start":{"line":23,"column":0},"end":{"line":23,"column":73}},"12":{"start":{"line":25,"column":0},"end":{"line":25,"column":22}}},"fnMap":{},"branchMap":{},"s":{"0":7,"1":7,"2":7,"3":7,"4":7,"5":7,"6":7,"7":7,"8":7,"9":7,"10":7,"11":7,"12":7},"f":{},"b":{}}
[...]
,"D:\\nepalink-backend\\src\\services\\activity.service.ts": {"path":"D:\\nepalink-backend\\src\\services\\activity.service.ts","statementMap":{"0":{"start":{"line":1,"column":0},"end":{"line":1,"column":73}},"1":{"start":{"line":3,"column":13},"end":{"line":3,"column":37}},"2":{"start":{"line":7,"column":4},"end":{"line":7,"column":29}},"3":{"start":{"line":12,"column":4},"end":{"line":12,"column":47}},"4":{"start":{"line":16,"column":4},"end":{"line":16,"column":49}},"5":{"start":{"line":20,"column":4},"end":{"line":20,"column":47}},"6":{"start":{"line":5,"column":0},"end":{"line":5,"column":13}}},"fnMap":{"0":{"name":"(anonymous_0)","decl":{"start":{"line":6,"column":2},"end":{"line":6,"column":7}},"loc":{"start":{"line":6,"column":32},"end":{"line":8,"column":3}}},"1":{"name":"(anonymous_1)","decl":{"start":{"line":11,"column":2},"end":{"line":11,"column":7}},"loc":{"start":{"line":11,"column":50},"end":{"line":13,"column":3}}},"2":{"name":"(anonymous_2)","decl":{"start":{"line":15,"column":2},"end":{"line":15,"column":7}},"loc":{"start":{"line":15,"column":47},"end":{"line":17,"column":3}}},"3":{"name":"(anonymous_3)","decl":{"start":{"line":19,"column":2},"end":{"line":19,"column":7}},"loc":{"start":{"line":19,"column":45},"end":{"line":21,"column":3}}}},"branchMap":{},"s":{"0":7,"1":7,"2":0,"3":0,"4":0,"5":0,"6":7},"f":{"0":0,"1":0,"2":0,"3":0},"b":{}}
,"D:\\nepalink-backend\\src\\services\\admin.service.ts": {"path":"D:\\nepalink-backend\\src\\services\\admin.service.ts","statementMap":{"0":{"start":{"line":1,"column":0},"end":{"line":1,"column":67}},"1":{"start":{"line":2,"column":13},"end":{"line":2,"column":34}},"2":{"start":{"line":6,"column":4},"end":{"line":6,"column":61}},"3":{"start":{"line":8,"column":28},"end":{"line":8,"column":56}},"4":{"start":{"line":9,"column":26},"end":{"line":9,"column":55}},"5":{"start":{"line":10,"column":38},"end":{"line":10,"column":71}},"6":{"start":{"line":11,"column":27},"end":{"line":11,"column":54}},"7":{"start":{"line":12,"column":19},"end":{"line":12,"column":46}},"8":{"start":{"line":4,"column":0},"end":{"line":4,"column":13}}},"fnMap":{"0":{"name":"(anonymous_0)","decl":{"start":{"line":5,"column":2},"end":{"line":5,"column":13}},"loc":{"start":{"line":5,"column":87},"end":{"line":7,"column":3}}},"1":{"name":"(anonymous_1)","decl":{"start":{"line":8,"column":2},"end":{"line":8,"column":13}},"loc":{"start":{"line":8,"column":24},"end":{"line":8,"column":58}}},"2":{"name":"(anonymous_2)","decl":{"start":{"line":9,"column":2},"end":{"line":9,"column":12}},"loc":{"start":{"line":9,"column":22},"end":{"line":9,"column":57}}},"3":{"name":"(anonymous_3)","decl":{"start":{"line":10,"column":2},"end":{"line":10,"column":12}},"loc":{"start":{"line":10,"column":34},"end":{"line":10,"column":73}}},"4":{"name":"(anonymous_4)","decl":{"start":{"line":11,"column":2},"end":{"line":11,"column":12}},"loc":{"start":{"line":11,"column":23},"end":{"line":11,"column":56}}},"5":{"name":"(anonymous_5)","decl":{"start":{"line":12,"column":2},"end":{"line":12,"column":14}},"loc":{"start":{"line":12,"column":14},"end":{"line":12,"column":48}}}},"branchMap":{},"s":{"0":7,"1":7,"2":0,"3":0,"4":0,"5":0,"6":0,"7":0,"8":7},"f":{"0":0,"1":0,"2":0,"3":0,"4":0,"5":0},"b":{}}
,"D:\\nepalink-backend\\src\\services\\booking.service.ts": {"path":"D:\\nepalink-backend\\src\\services\\booking.service.ts","statementMap":{"0":{"start":{"line":2,"column":0},"end":{"line":2,"column":71}},"1":{"start":{"line":3,"column":0},"end":{"line":3,"column":53}},"2":{"start":{"line":5,"column":20},"end":{"line":5,"column":43}},"3":{"start":{"line":6,"column":24},"end":{"line":6,"column":45}},"4":{"start":{"line":11,"column":4},"end":{"line":11,"column":36}},"5":{"start":{"line":19,"column":4},"end":{"line":19,"column":48}},"6":{"start":{"line":25,"column":6},"end":{"line":27,"column":26}},"7":{"start":{"line":30,"column":6},"end":{"line":32,"column":25}},"8":{"start":{"line":34,"column":4},"end":{"line":40,"column":7}},"9":{"start":{"line":45,"column":4},"end":{"line":45,"column":46}},"10":{"start":{"line":50,"column":4},"end":{"line":50,"column":44}},"11":{"start":{"line":55,"column":4},"end":{"line":59,"column":7}},"12":{"start":{"line":64,"column":4},"end":{"line":64,"column":36}},"13":{"start":{"line":69,"column":20},"end":{"line":69,"column":50}},"14":{"start":{"line":70,"column":4},"end":{"line":70,"column":30}},"15":{"start":{"line":70,"column":18},"end":{"line":70,"column":30}},"16":{"start":{"line":73,"column":6},"end":{"line":75,"column":47}},"17":{"start":{"line":78,"column":6},"end":{"line":80,"column":46}},"18":{"start":{"line":82,"column":4},"end":{"line":87,"column":5}},"19":{"start":{"line":86,"column":6},"end":{"line":86,"column":71}},"20":{"start":{"line":89,"column":22},"end":{"line":89,"column":69}},"21":{"start":{"line":91,"column":4},"end":{"line":93,"column":5}},"22":{"start":{"line":92,"column":6},"end":{"line":92,"column":73}},"23":{"start":{"line":95,"column":4},"end":{"line":95,"column":21}},"24":{"start":{"line":8,"column":0},"end":{"line":8,"column":13}}},"fnMap":{"0":{"name":"(anonymous_0)","decl":{"start":{"line":10,"column":2},"end":{"line":10,"column":7}},"loc":{"start":{"line":10,"column":31},"end":{"line":12,"column":3}}},"1":{"name":"(anonymous_1)","decl":{"start":{"line":15,"column":2},"end":{"line":15,"column":7}},"loc":{"start":{"line":17,"column":61},"end":{"line":20,"column":3}}},"2":{"name":"(anonymous_2)","decl":{"start":{"line":23,"column":2},"end":{"line":23,"column":7}},"loc":{"start":{"line":23,"column":51},"end":{"line":41,"column":3}}},"3":{"name":"(anonymous_3)","decl":{"start":{"line":44,"column":2},"end":{"line":44,"column":7}},"loc":{"start":{"line":44,"column":44},"end":{"line":46,"column":3}}},"4":{"name":"(anonymous_4)","decl":{"start":{"line":49,"column":2},"end":{"line":49,"column":7}},"loc":{"start":{"line":49,"column":42},"end":{"line":51,"column":3}}},"5":{"name":"(anonymous_5)","decl":{"start":{"line":54,"column":2},"end":{"line":54,"column":7}},"loc":{"start":{"line":54,"column":59},"end":{"line":60,"column":3}}},"6":{"name":"(anonymous_6)","decl":{"start":{"line":63,"column":2},"end":{"line":63,"column":7}},"loc":{"start":{"line":63,"column":33},"end":{"line":65,"column":3}}},"7":{"name":"(anonymous_7)","decl":{"start":{"line":68,"column":2},"end":{"line":68,"column":7}},"loc":{"start":{"line":68,"column":68},"end":{"line":96,"column":3}}}},"branchMap":{"0":{"loc":{"start":{"line":25,"column":6},"end":{"line":27,"column":26}},"type":"cond-expr","locations":[{"start":{"line":26,"column":11},"end":{"line":26,"column":39}},{"start":{"line":27,"column":10},"end":{"line":27,"column":26}}]},"1":{"loc":{"start":{"line":25,"column":6},"end":{"line":25,"column":100}},"type":"binary-expr","locations":[{"start":{"line":25,"column":6},"end":{"line":25,"column":42}},{"start":{"line":25,"column":46},"end":{"line":25,"column":71}},{"start":{"line":25,"column":75},"end":{"line":25,"column":100}}]},"2":{"loc":{"start":{"line":30,"column":6},"end":{"line":32,"column":25}},"type":"cond-expr","locations":[{"start":{"line":31,"column":11},"end":{"line":31,"column":38}},{"start":{"line":32,"column":10},"end":{"line":32,"column":25}}]},"3":{"loc":{"start":{"line":30,"column":6},"end":{"line":30,"column":97}},"type":"binary-expr","locations":[{"start":{"line":30,"column":6},"end":{"line":30,"column":41}},{"start":{"line":30,"column":45},"end":{"line":30,"column":69}},{"start":{"line":30,"column":73},"end":{"line":30,"column":97}}]},"4":{"loc":{"start":{"line":70,"column":4},"end":{"line":70,"column":30}},"type":"if","locations":[{"start":{"line":70,"column":4},"end":{"line":70,"column":30}},{"start":{},"end":{}}]},"5":{"loc":{"start":{"line":73,"column":6},"end":{"line":75,"column":47}},"type":"cond-expr","locations":[{"start":{"line":74,"column":11},"end":{"line":74,"column":50}},{"start":{"line":75,"column":11},"end":{"line":75,"column":47}}]},"6":{"loc":{"start":{"line":73,"column":6},"end":{"line":73,"column":100}},"type":"binary-expr","locations":[{"start":{"line":73,"column":6},"end":{"line":73,"column":42}},{"start":{"line":73,"column":46},"end":{"line":73,"column":71}},{"start":{"line":73,"column":75},"end":{"line":73,"column":100}}]},"7":{"loc":{"start":{"line":78,"column":6},"end":{"line":80,"column":46}},"type":"cond-expr","locations":[{"start":{"line":79,"column":11},"end":{"line":79,"column":49}},{"start":{"line":80,"column":11},"end":{"line":80,"column":46}}]},"8":{"loc":{"start":{"line":78,"column":6},"end":{"line":78,"column":97}},"type":"binary-expr","locations":[{"start":{"line":78,"column":6},"end":{"line":78,"column":41}},{"start":{"line":78,"column":45},"end":{"line":78,"column":69}},{"start":{"line":78,"column":73},"end":{"line":78,"column":97}}]},"9":{"loc":{"start":{"line":82,"column":4},"end":{"line":87,"column":5}},"type":"if","locations":[{"start":{"line":82,"column":4},"end":{"line":87,"column":5}},{"start":{},"end":{}}]},"10":{"loc":{"start":{"line":83,"column":6},"end":{"line":84,"column":52}},"type":"binary-expr","locations":[{"start":{"line":83,"column":7},"end":{"line":83,"column":29}},{"start":{"line":83,"column":33},"end":{"line":83,"column":53}},{"start":{"line":84,"column":7},"end":{"line":84,"column":28}},{"start":{"line":84,"column":32},"end":{"line":84,"column":51}}]},"11":{"loc":{"start":{"line":91,"column":4},"end":{"line":93,"column":5}},"type":"if","locations":[{"start":{"line":91,"column":4},"end":{"line":93,"column":5}},{"start":{},"end":{}}]}},"s":{"0":7,"1":7,"2":7,"3":7,"4":0,"5":0,"6":0,"7":0,"8":0,"9":0,"10":0,"11":0,"12":0,"13":0,"14":0,"15":0,"16":0,"17":0,"18":0,"19":0,"20":0,"21":0,"22":0,"23":0,"24":7},"f":{"0":0,"1":0,"2":0,"3":0,"4":0,"5":0,"6":0,"7":0},"b":{"0":[0,0],"1":[0,0,0],"2":[0,0],"3":[0,0,0],"4":[0,0],"5":[0,0],"6":[0,0,0],"7":[0,0],"8":[0,0,0],"9":[0,0],"10":[0,0,0,0],"11":[0,0]}}
,"D:\\nepalink-backend\\src\\services\\chat.service.ts": {"path":"D:\\nepalink-backend\\src\\services\\chat.service.ts","statementMap":{"0":{"start":{"line":1,"column":0},"end":{"line":1,"column":64}},"1":{"start":{"line":2,"column":0},"end":{"line":2,"column":57}},"2":{"start":{"line":18,"column":21},"end":{"line":21,"column":6}},"3":{"start":{"line":22,"column":4},"end":{"line":22,"column":72}},"4":{"start":{"line":22,"column":19},"end":{"line":22,"column":72}},"5":{"start":{"line":23,"column":4},"end":{"line":23,"column":63}},"6":{"start":{"line":23,"column":21},"end":{"line":23,"column":63}},"7":{"start":{"line":25,"column":24},"end":{"line":32,"column":6}},"8":{"start":{"line":33,"column":4},"end":{"line":33,"column":36}},"9":{"start":{"line":37,"column":4},"end":{"line":40,"column":43}},"10":{"start":{"line":44,"column":4},"end":{"line":47,"column":6}},"11":{"start":{"line":4,"column":0},"end":{"line":4,"column":13}}},"fnMap":{"0":{"name":"(anonymous_0)","decl":{"start":{"line":5,"column":2},"end":{"line":5,"column":7}},"loc":{"start":{"line":17,"column":3},"end":{"line":34,"column":3}}},"1":{"name":"(anonymous_1)","decl":{"start":{"line":36,"column":2},"end":{"line":36,"column":7}},"loc":{"start":{"line":36,"column":48},"end":{"line":41,"column":3}}},"2":{"name":"(anonymous_2)","decl":{"start":{"line":43,"column":2},"end":{"line":43,"column":7}},"loc":{"start":{"line":43,"column":59},"end":{"line":48,"column":3}}}},"branchMap":{"0":{"loc":{"start":{"line":22,"column":4},"end":{"line":22,"column":72}},"type":"if","locations":[{"start":{"line":22,"column":4},"end":{"line":22,"column":72}},{"start":{},"end":{}}]},"1":{"loc":{"start":{"line":23,"column":4},"end":{"line":23,"column":63}},"type":"if","locations":[{"start":{"line":23,"column":4},"end":{"line":23,"column":63}},{"start":{},"end":{}}]}},"s":{"0":7,"1":7,"2":0,"3":0,"4":0,"5":0,"6":0,"7":0,"8":0,"9":0,"10":0,"11":7},"f":{"0":0,"1":0,"2":0},"b":{"0":[0,0],"1":[0,0]}}
,"D:\\nepalink-backend\\src\\services\\contract.service.ts": {"path":"D:\\nepalink-backend\\src\\services\\contract.service.ts","statementMap":{"0":{"start":{"line":1,"column":0},"end":{"line":1,"column":73}},"1":{"start":{"line":3,"column":13},"end":{"line":3,"column":37}},"2":{"start":{"line":7,"column":4},"end":{"line":7,"column":29}},"3":{"start":{"line":11,"column":4},"end":{"line":11,"column":41}},"4":{"start":{"line":15,"column":4},"end":{"line":15,"column":45}},"5":{"start":{"line":19,"column":4},"end":{"line":19,"column":45}},"6":{"start":{"line":23,"column":4},"end":{"line":23,"column":46}},"7":{"start":{"line":27,"column":4},"end":{"line":27,"column":48}},"8":{"start":{"line":31,"column":4},"end":{"line":31,"column":46}},"9":{"start":{"line":36,"column":4},"end":{"line":36,"column":28}},"10":{"start":{"line":5,"column":0},"end":{"line":5,"column":13}}},"fnMap":{"0":{"name":"(anonymous_0)","decl":{"start":{"line":6,"column":2},"end":{"line":6,"column":7}},"loc":{"start":{"line":6,"column":32},"end":{"line":8,"column":3}}},"1":{"name":"(anonymous_1)","decl":{"start":{"line":10,"column":2},"end":{"line":10,"column":7}},"loc":{"start":{"line":10,"column":44},"end":{"line":12,"column":3}}},"2":{"name":"(anonymous_2)","decl":{"start":{"line":14,"column":2},"end":{"line":14,"column":7}},"loc":{"start":{"line":14,"column":63},"end":{"line":16,"column":3}}},"3":{"name":"(anonymous_3)","decl":{"start":{"line":18,"column":2},"end":{"line":18,"column":7}},"loc":{"start":{"line":18,"column":63},"end":{"line":20,"column":3}}},"4":{"name":"(anonymous_4)","decl":{"start":{"line":22,"column":2},"end":{"line":22,"column":7}},"loc":{"start":{"line":22,"column":44},"end":{"line":24,"column":3}}},"5":{"name":"(anonymous_5)","decl":{"start":{"line":26,"column":2},"end":{"line":26,"column":7}},"loc":{"start":{"line":26,"column":46},"end":{"line":28,"column":3}}},"6":{"name":"(anonymous_6)","decl":{"start":{"line":30,"column":2},"end":{"line":30,"column":7}},"loc":{"start":{"line":30,"column":44},"end":{"line":32,"column":3}}},"7":{"name":"(anonymous_7)","decl":{"start":{"line":35,"column":2},"end":{"line":35,"column":7}},"loc":{"start":{"line":35,"column":34},"end":{"line":37,"column":3}}}},"branchMap":{},"s":{"0":7,"1":7,"2":0,"3":0,"4":0,"5":0,"6":0,"7":0,"8":0,"9":0,"10":7},"f":{"0":0,"1":0,"2":0,"3":0,"4":0,"5":0,"6":0,"7":0},"b":{}}
,"D:\\nepalink-backend\\src\\services\\member.service.ts": {"path":"D:\\nepalink-backend\\src\\services\\member.service.ts","statementMap":{"0":{"start":{"line":1,"column":0},"end":{"line":1,"column":69}},"1":{"start":{"line":3,"column":13},"end":{"line":3,"column":35}},"2":{"start":{"line":7,"column":4},"end":{"line":7,"column":39}},"3":{"start":{"line":11,"column":4},"end":{"line":11,"column":40}},"4":{"start":{"line":15,"column":4},"end":{"line":15,"column":39}},"5":{"start":{"line":5,"column":0},"end":{"line":5,"column":13}}},"fnMap":{"0":{"name":"(anonymous_0)","decl":{"start":{"line":6,"column":2},"end":{"line":6,"column":7}},"loc":{"start":{"line":6,"column":37},"end":{"line":8,"column":3}}},"1":{"name":"(anonymous_1)","decl":{"start":{"line":10,"column":2},"end":{"line":10,"column":7}},"loc":{"start":{"line":10,"column":38},"end":{"line":12,"column":3}}},"2":{"name":"(anonymous_2)","decl":{"start":{"line":14,"column":2},"end":{"line":14,"column":7}},"loc":{"start":{"line":14,"column":37},"end":{"line":16,"column":3}}}},"branchMap":{},"s":{"0":7,"1":7,"2":0,"3":0,"4":0,"5":7},"f":{"0":0,"1":0,"2":0},"b":{}}
,"D:\\nepalink-backend\\src\\services\\user.service.ts": {"path":"D:\\nepalink-backend\\src\\services\\user.service.ts","statementMap":{"0":{"start":{"line":1,"column":0},"end":{"line":1,"column":32}},"1":{"start":{"line":2,"column":0},"end":{"line":2,"column":31}},"2":{"start":{"line":3,"column":0},"end":{"line":3,"column":39}},"3":{"start":{"line":5,"column":0},"end":{"line":5,"column":49}},"4":{"start":{"line":6,"column":0},"end":{"line":6,"column":65}},"5":{"start":{"line":8,"column":23},"end":{"line":8,"column":43}},"6":{"start":{"line":12,"column":23},"end":{"line":12,"column":70}},"7":{"start":{"line":13,"column":4},"end":{"line":15,"column":5}},"8":{"start":{"line":14,"column":6},"end":{"line":14,"column":55}},"9":{"start":{"line":17,"column":23},"end":{"line":17,"column":70}},"10":{"start":{"line":18,"column":4},"end":{"line":20,"column":5}},"11":{"start":{"line":19,"column":6},"end":{"line":19,"column":62}},"12":{"start":{"line":22,"column":27},"end":{"line":22,"column":65}},"13":{"start":{"line":23,"column":4},"end":{"line":23,"column":35}},"14":{"start":{"line":26,"column":47},"end":{"line":26,"column":67}},"15":{"start":{"line":28,"column":20},"end":{"line":28,"column":70}},"16":{"start":{"line":30,"column":49},"end":{"line":30,"column":67}},"17":{"start":{"line":31,"column":4},"end":{"line":31,"column":31}},"18":{"start":{"line":35,"column":17},"end":{"line":35,"column":64}},"19":{"start":{"line":36,"column":4},"end":{"line":38,"column":5}},"20":{"start":{"line":37,"column":6},"end":{"line":37,"column":49}},"21":{"start":{"line":40,"column":26},"end":{"line":40,"column":78}},"22":{"start":{"line":41,"column":4},"end":{"line":43,"column":5}},"23":{"start":{"line":42,"column":6},"end":{"line":42,"column":54}},"24":{"start":{"line":45,"column":20},"end":{"line":51,"column":6}},"25":{"start":{"line":53,"column":18},"end":{"line":53,"column":69}},"26":{"start":{"line":55,"column":49},"end":{"line":55,"column":64}},"27":{"start":{"line":56,"column":4},"end":{"line":56,"column":48}},"28":{"start":{"line":60,"column":24},"end":{"line":60,"column":77}},"29":{"start":{"line":61,"column":4},"end":{"line":63,"column":5}},"30":{"start":{"line":62,"column":6},"end":{"line":62,"column":49}},"31":{"start":{"line":64,"column":49},"end":{"line":64,"column":71}},"32":{"start":{"line":65,"column":4},"end":{"line":65,"column":31}},"33":{"start":{"line":10,"column":0},"end":{"line":10,"column":13}}},"fnMap":{"0":{"name":"(anonymous_1)","decl":{"start":{"line":11,"column":2},"end":{"line":11,"column":7}},"loc":{"start":{"line":11,"column":80},"end":{"line":32,"column":3}}},"1":{"name":"(anonymous_2)","decl":{"start":{"line":34,"column":2},"end":{"line":34,"column":7}},"loc":{"start":{"line":34,"column":36},"end":{"line":57,"column":3}}},"2":{"name":"(anonymous_3)","decl":{"start":{"line":59,"column":2},"end":{"line":59,"column":7}},"loc":{"start":{"line":59,"column":56},"end":{"line":66,"column":3}}}},"branchMap":{"0":{"loc":{"start":{"line":13,"column":4},"end":{"line":15,"column":5}},"type":"if","locations":[{"start":{"line":13,"column":4},"end":{"line":15,"column":5}},{"start":{},"end":{}}]},"1":{"loc":{"start":{"line":18,"column":4},"end":{"line":20,"column":5}},"type":"if","locations":[{"start":{"line":18,"column":4},"end":{"line":20,"column":5}},{"start":{},"end":{}}]},"2":{"loc":{"start":{"line":26,"column":47},"end":{"line":26,"column":67}},"type":"binary-expr","locations":[{"start":{"line":26,"column":47},"end":{"line":26,"column":56}},{"start":{"line":26,"column":60},"end":{"line":26,"column":67}}]},"3":{"loc":{"start":{"line":36,"column":4},"end":{"line":38,"column":5}},"type":"if","locations":[{"start":{"line":36,"column":4},"end":{"line":38,"column":5}},{"start":{},"end":{}}]},"4":{"loc":{"start":{"line":41,"column":4},"end":{"line":43,"column":5}},"type":"if","locations":[{"start":{"line":41,"column":4},"end":{"line":43,"column":5}},{"start":{},"end":{}}]},"5":{"loc":{"start":{"line":61,"column":4},"end":{"line":63,"column":5}},"type":"if","locations":[{"start":{"line":61,"column":4},"end":{"line":63,"column":5}},{"start":{},"end":{}}]}},"s":{"0":7,"1":7,"2":7,"3":7,"4":7,"5":7,"6":1,"7":1,"8":0,"9":1,"10":1,"11":0,"12":1,"13":1,"14":1,"15":1,"16":1,"17":1,"18":0,"19":0,"20":0,"21":0,"22":0,"23":0,"24":0,"25":0,"26":0,"27":0,"28":0,"29":0,"30":0,"31":0,"32":0,"33":7},"f":{"0":1,"1":0,"2":0},"b":{"0":[0,1],"1":[0,1],"2":[1,0],"3":[0,0],"4":[0,0],"5":[0,0]}}
}
