TN:
SF:src\index.ts
FN:78,(anonymous_1)
FNF:1
FNH:0
FNDA:0,(anonymous_1)
DA:51,5
DA:52,5
DA:53,5
DA:54,5
DA:55,5
DA:56,5
DA:57,5
DA:58,5
DA:60,5
DA:62,5
DA:67,5
DA:68,5
DA:69,5
DA:71,5
DA:72,5
DA:73,5
DA:74,5
DA:76,5
DA:78,5
DA:79,0
DA:82,5
LF:21
LH:20
BRF:0
BRH:0
end_of_record
TN:
SF:src\config\index.ts
FNF:0
FNH:0
DA:1,5
DA:2,5
DA:5,5
DA:8,5
DA:11,5
LF:5
LH:5
BRDA:6,0,0,5
BRDA:6,0,1,0
BRDA:9,1,0,5
BRDA:9,1,1,0
BRDA:12,2,0,5
BRDA:12,2,1,0
BRF:6
BRH:3
end_of_record
TN:
SF:src\controllers\auth.controller.ts
FN:8,(anonymous_0)
FN:14,(anonymous_1)
FN:35,(anonymous_2)
FN:41,(anonymous_3)
FNF:4
FNH:2
FNDA:20,(anonymous_0)
FNDA:3,(anonymous_1)
FNDA:0,(anonymous_2)
FNDA:0,(anonymous_3)
DA:2,5
DA:3,5
DA:5,5
DA:7,5
DA:9,20
DA:10,20
DA:11,20
DA:12,1
DA:14,3
DA:18,19
DA:19,19
DA:20,19
DA:22,17
DA:28,2
DA:36,0
DA:37,0
DA:38,0
DA:39,0
DA:41,0
DA:45,0
DA:46,0
DA:49,0
DA:55,0
DA:62,0
LF:24
LH:14
BRDA:11,0,0,1
BRDA:11,0,1,19
BRDA:19,1,0,19
BRDA:19,1,1,19
BRDA:28,2,0,2
BRDA:28,2,1,0
BRDA:30,3,0,2
BRDA:30,3,1,0
BRDA:38,4,0,0
BRDA:38,4,1,0
BRDA:62,5,0,0
BRDA:62,5,1,0
BRDA:64,6,0,0
BRDA:64,6,1,0
BRF:14
BRH:6
end_of_record
TN:
SF:src\controllers\password.controller.ts
FN:9,(anonymous_1)
FN:31,(anonymous_2)
FNF:2
FNH:2
FNDA:2,(anonymous_1)
FNDA:4,(anonymous_2)
DA:2,5
DA:3,5
DA:4,5
DA:5,5
DA:6,5
DA:8,5
DA:10,2
DA:11,2
DA:12,2
DA:13,2
DA:14,1
DA:18,1
DA:19,1
DA:21,1
DA:23,1
DA:25,1
DA:27,0
DA:32,4
DA:33,4
DA:34,4
DA:36,4
DA:37,4
DA:38,2
DA:41,2
DA:42,2
DA:43,1
DA:46,1
DA:47,1
DA:49,1
DA:51,1
DA:53,0
LF:31
LH:29
BRDA:13,0,0,1
BRDA:13,0,1,1
BRDA:37,1,0,2
BRDA:37,1,1,2
BRDA:37,2,0,4
BRDA:37,2,1,3
BRDA:42,3,0,1
BRDA:42,3,1,1
BRF:8
BRH:8
end_of_record
TN:
SF:src\controllers\user.controller.ts
FN:7,(anonymous_1)
FN:26,(anonymous_2)
FNF:2
FNH:1
FNDA:0,(anonymous_1)
FNDA:5,(anonymous_2)
DA:2,5
DA:3,5
DA:4,5
DA:7,5
DA:8,0
DA:9,0
DA:10,0
DA:12,0
DA:13,0
DA:16,0
DA:21,0
DA:26,5
DA:27,5
DA:28,5
DA:30,5
DA:31,1
DA:34,4
DA:35,4
DA:36,0
DA:40,4
DA:41,0
DA:42,0
DA:43,0
DA:48,4
DA:49,4
DA:50,4
DA:52,4
DA:58,0
LF:28
LH:16
BRDA:12,0,0,0
BRDA:12,0,1,0
BRDA:30,1,0,1
BRDA:30,1,1,4
BRDA:35,2,0,0
BRDA:35,2,1,4
BRDA:40,3,0,0
BRDA:40,3,1,4
BRDA:40,4,0,4
BRDA:40,4,1,4
BRDA:42,5,0,0
BRDA:42,5,1,0
BRF:12
BRH:6
end_of_record
TN:
SF:src\dtos\user.dto.ts
FNF:0
FNH:0
DA:1,5
DA:4,5
DA:14,5
LF:3
LH:3
BRF:0
BRH:0
end_of_record
TN:
SF:src\errors\http-error.ts
FN:4,(anonymous_0)
FNF:1
FNH:1
FNDA:4,(anonymous_0)
DA:1,5
DA:5,4
DA:6,4
LF:3
LH:3
BRF:0
BRH:0
end_of_record
TN:
SF:src\middlewares\admin.middleware.ts
FN:5,(anonymous_1)
FNF:1
FNH:1
FNDA:16,(anonymous_1)
DA:2,5
DA:3,5
DA:5,5
DA:6,16
DA:8,16
DA:9,16
DA:10,0
DA:13,16
DA:15,16
DA:16,1
DA:20,15
DA:21,15
DA:23,0
LF:13
LH:11
BRDA:9,0,0,0
BRDA:9,0,1,16
BRDA:15,1,0,1
BRDA:15,1,1,15
BRF:4
BRH:3
end_of_record
TN:
SF:src\middlewares\upload.middleware.ts
FN:13,(anonymous_1)
FN:16,(anonymous_2)
FN:22,(anonymous_3)
FN:40,(anonymous_4)
FN:41,(anonymous_5)
FN:42,(anonymous_6)
FNF:6
FNH:4
FNDA:5,(anonymous_1)
FNDA:5,(anonymous_2)
FNDA:7,(anonymous_3)
FNDA:20,(anonymous_4)
FNDA:0,(anonymous_5)
FNDA:0,(anonymous_6)
DA:1,5
DA:2,5
DA:3,5
DA:4,5
DA:6,5
DA:8,5
DA:9,5
DA:10,0
DA:12,5
DA:14,5
DA:17,5
DA:18,5
DA:19,5
DA:22,5
DA:23,7
DA:24,7
DA:25,5
DA:27,2
DA:31,5
DA:39,5
DA:40,20
DA:41,0
DA:42,0
LF:23
LH:20
BRDA:9,0,0,0
BRDA:9,0,1,5
BRDA:24,1,0,5
BRDA:24,1,1,2
BRF:4
BRH:3
end_of_record
TN:
SF:src\models\reset-token.model.ts
FNF:0
FNH:0
DA:1,5
DA:3,5
DA:15,5
LF:3
LH:3
BRF:0
BRH:0
end_of_record
TN:
SF:src\models\user.model.ts
FNF:0
FNH:0
DA:1,5
DA:4,5
DA:35,5
LF:3
LH:3
BRF:0
BRH:0
end_of_record
TN:
SF:src\repositories\user.repository.ts
FN:15,(anonymous_1)
FN:20,(anonymous_2)
FN:24,(anonymous_3)
FN:29,(anonymous_4)
FN:35,(anonymous_5)
FN:39,(anonymous_6)
FN:43,(anonymous_7)
FNF:7
FNH:6
FNDA:21,(anonymous_1)
FNDA:19,(anonymous_2)
FNDA:18,(anonymous_3)
FNDA:5,(anonymous_4)
FNDA:0,(anonymous_5)
FNDA:1,(anonymous_6)
FNDA:1,(anonymous_7)
DA:1,5
DA:2,5
DA:14,5
DA:16,21
DA:17,21
DA:21,19
DA:25,18
DA:30,5
DA:31,4
DA:36,0
DA:40,1
DA:44,1
DA:45,1
LF:13
LH:12
BRDA:30,0,0,1
BRDA:30,0,1,4
BRDA:45,1,0,1
BRDA:45,1,1,0
BRF:4
BRH:3
end_of_record
TN:
SF:src\routes\admin.route.ts
FN:12,(anonymous_1)
FN:39,(anonymous_2)
FN:62,(anonymous_3)
FN:73,(anonymous_4)
FN:94,(anonymous_5)
FNF:5
FNH:5
FNDA:5,(anonymous_1)
FNDA:3,(anonymous_2)
FNDA:5,(anonymous_3)
FNDA:1,(anonymous_4)
FNDA:1,(anonymous_5)
DA:1,5
DA:2,5
DA:3,5
DA:4,5
DA:5,5
DA:6,5
DA:8,5
DA:9,5
DA:12,5
DA:13,5
DA:14,5
DA:15,5
DA:17,5
DA:18,5
DA:19,0
DA:23,5
DA:24,1
DA:28,4
DA:30,4
DA:31,4
DA:33,0
DA:34,0
DA:39,5
DA:40,3
DA:41,3
DA:42,3
DA:43,3
DA:45,3
DA:46,3
DA:48,3
DA:49,3
DA:50,3
DA:52,3
DA:53,3
DA:55,3
DA:57,0
DA:62,5
DA:63,5
DA:64,5
DA:65,5
DA:66,2
DA:68,0
DA:73,5
DA:74,1
DA:75,1
DA:76,1
DA:77,0
DA:81,1
DA:82,0
DA:85,1
DA:86,1
DA:87,1
DA:89,0
DA:94,5
DA:95,1
DA:96,1
DA:97,1
DA:98,1
DA:100,0
DA:104,5
LF:60
LH:51
BRDA:18,0,0,0
BRDA:18,0,1,5
BRDA:23,1,0,1
BRDA:23,1,1,4
BRDA:23,2,0,5
BRDA:23,2,1,4
BRDA:23,2,2,4
BRDA:23,2,3,4
BRDA:41,3,0,3
BRDA:41,3,1,2
BRDA:42,4,0,3
BRDA:42,4,1,2
BRDA:49,5,0,1
BRDA:49,5,1,2
BRDA:50,6,0,1
BRDA:50,6,1,2
BRDA:65,7,0,3
BRDA:65,7,1,2
BRDA:76,8,0,0
BRDA:76,8,1,1
BRDA:81,9,0,0
BRDA:81,9,1,1
BRDA:86,10,0,0
BRDA:86,10,1,1
BRDA:97,11,0,0
BRDA:97,11,1,1
BRF:26
BRH:21
end_of_record
TN:
SF:src\routes\auth.route.ts
FN:14,(anonymous_1)
FN:19,(anonymous_2)
FN:62,(anonymous_3)
FN:83,(anonymous_4)
FNF:4
FNH:3
FNDA:20,(anonymous_1)
FNDA:4,(anonymous_2)
FNDA:3,(anonymous_3)
FNDA:0,(anonymous_4)
DA:1,5
DA:2,5
DA:3,5
DA:4,5
DA:5,5
DA:6,5
DA:7,5
DA:9,5
DA:10,5
DA:11,5
DA:14,5
DA:15,20
DA:19,5
DA:20,4
DA:21,4
DA:22,4
DA:23,4
DA:24,1
DA:28,3
DA:29,3
DA:30,3
DA:31,1
DA:35,2
DA:38,2
DA:45,2
DA:57,0
DA:62,5
DA:63,3
DA:64,3
DA:65,3
DA:66,1
DA:69,2
DA:70,1
DA:72,1
DA:73,0
DA:76,1
DA:78,1
DA:83,5
DA:84,0
DA:85,0
DA:86,0
DA:87,0
DA:89,0
DA:90,0
DA:91,0
DA:93,0
DA:95,0
DA:99,5
LF:48
LH:37
BRDA:23,0,0,1
BRDA:23,0,1,3
BRDA:30,1,0,1
BRDA:30,1,1,2
BRDA:65,2,0,1
BRDA:65,2,1,2
BRDA:72,3,0,0
BRDA:72,3,1,1
BRDA:86,4,0,0
BRDA:86,4,1,0
BRDA:90,5,0,0
BRDA:90,5,1,0
BRF:12
BRH:7
end_of_record
TN:
SF:src\routes\password.route.ts
FN:8,(anonymous_0)
FN:13,(anonymous_1)
FNF:2
FNH:2
FNDA:2,(anonymous_0)
FNDA:4,(anonymous_1)
DA:1,5
DA:2,5
DA:4,5
DA:5,5
DA:8,5
DA:9,2
DA:13,5
DA:14,4
DA:17,5
LF:9
LH:9
BRF:0
BRH:0
end_of_record
TN:
SF:src\routes\user.routes.ts
FNF:0
FNH:0
DA:1,5
DA:2,5
DA:3,5
DA:5,5
DA:8,5
DA:10,5
LF:6
LH:6
BRF:0
BRH:0
end_of_record
TN:
SF:src\services\user.service.ts
FN:11,(anonymous_1)
FN:34,(anonymous_2)
FN:59,(anonymous_3)
FNF:3
FNH:1
FNDA:19,(anonymous_1)
FNDA:0,(anonymous_2)
FNDA:0,(anonymous_3)
DA:1,5
DA:2,5
DA:3,5
DA:5,5
DA:6,5
DA:8,5
DA:10,5
DA:12,19
DA:13,19
DA:14,1
DA:17,18
DA:18,18
DA:19,1
DA:22,17
DA:23,17
DA:26,17
DA:28,17
DA:30,17
DA:31,17
DA:35,0
DA:36,0
DA:37,0
DA:40,0
DA:41,0
DA:42,0
DA:45,0
DA:53,0
DA:55,0
DA:56,0
DA:60,0
DA:61,0
DA:62,0
DA:64,0
DA:65,0
LF:34
LH:19
BRDA:13,0,0,1
BRDA:13,0,1,18
BRDA:18,1,0,1
BRDA:18,1,1,17
BRDA:26,2,0,17
BRDA:26,2,1,0
BRDA:36,3,0,0
BRDA:36,3,1,0
BRDA:41,4,0,0
BRDA:41,4,1,0
BRDA:61,5,0,0
BRDA:61,5,1,0
BRF:12
BRH:5
end_of_record
