TN:
SF:src\index.ts
FN:43,(anonymous_1)
FNF:1
FNH:0
FNDA:0,(anonymous_1)
DA:1,7
DA:2,7
DA:3,7
DA:4,7
DA:5,7
DA:6,7
DA:7,7
DA:8,7
DA:9,7
DA:10,7
DA:11,7
DA:12,7
DA:13,7
DA:15,7
DA:18,7
DA:27,7
DA:28,7
DA:29,7
DA:32,7
DA:33,7
DA:34,7
DA:35,7
DA:36,7
DA:37,7
DA:38,7
DA:39,7
DA:40,7
DA:41,7
DA:43,7
DA:44,0
DA:47,7
LF:31
LH:30
BRF:0
BRH:0
end_of_record
TN:
SF:src\config\index.ts
FNF:0
FNH:0
DA:1,7
DA:2,7
DA:5,7
DA:8,7
DA:11,7
LF:5
LH:5
BRDA:6,0,0,7
BRDA:6,0,1,0
BRDA:9,1,0,7
BRDA:9,1,1,0
BRDA:12,2,0,7
BRDA:12,2,1,0
BRF:6
BRH:3
end_of_record
TN:
SF:src\controllers\activity.controller.ts
FN:10,(anonymous_1)
FN:57,(anonymous_2)
FN:87,(anonymous_3)
FN:114,(anonymous_4)
FNF:4
FNH:0
FNDA:0,(anonymous_1)
FNDA:0,(anonymous_2)
FNDA:0,(anonymous_3)
FNDA:0,(anonymous_4)
DA:2,7
DA:3,7
DA:4,7
DA:6,7
DA:8,7
DA:11,0
DA:12,0
DA:13,0
DA:16,0
DA:17,0
DA:21,0
DA:22,0
DA:27,0
DA:30,0
DA:31,0
DA:34,0
DA:47,0
DA:49,0
DA:51,0
DA:52,0
DA:58,0
DA:59,0
DA:60,0
DA:61,0
DA:64,0
DA:73,0
DA:74,0
DA:77,0
DA:79,0
DA:81,0
DA:82,0
DA:88,0
DA:89,0
DA:90,0
DA:91,0
DA:94,0
DA:95,0
DA:99,0
DA:100,0
DA:102,0
DA:104,0
DA:106,0
DA:108,0
DA:109,0
DA:115,0
DA:116,0
DA:117,0
DA:118,0
DA:121,0
DA:122,0
DA:126,0
DA:127,0
DA:129,0
DA:131,0
DA:133,0
DA:135,0
DA:136,0
LF:57
LH:5
BRDA:13,0,0,0
BRDA:13,0,1,0
BRDA:16,1,0,0
BRDA:16,1,1,0
BRDA:21,2,0,0
BRDA:21,2,1,0
BRDA:30,3,0,0
BRDA:30,3,1,0
BRDA:44,4,0,0
BRDA:44,4,1,0
BRDA:60,5,0,0
BRDA:60,5,1,0
BRDA:73,6,0,0
BRDA:73,6,1,0
BRDA:90,7,0,0
BRDA:90,7,1,0
BRDA:94,8,0,0
BRDA:94,8,1,0
BRDA:95,9,0,0
BRDA:95,9,1,0
BRDA:117,10,0,0
BRDA:117,10,1,0
BRDA:121,11,0,0
BRDA:121,11,1,0
BRDA:122,12,0,0
BRDA:122,12,1,0
BRF:26
BRH:0
end_of_record
TN:
SF:src\controllers\admin.controller.ts
FN:8,(anonymous_0)
FN:24,(anonymous_1)
FN:37,(anonymous_2)
FN:53,(anonymous_3)
FN:72,(anonymous_4)
FN:85,(anonymous_5)
FNF:6
FNH:0
FNDA:0,(anonymous_0)
FNDA:0,(anonymous_1)
FNDA:0,(anonymous_2)
FNDA:0,(anonymous_3)
FNDA:0,(anonymous_4)
FNDA:0,(anonymous_5)
DA:2,7
DA:4,7
DA:6,7
DA:9,0
DA:10,0
DA:11,0
DA:12,0
DA:13,0
DA:14,0
DA:16,0
DA:17,0
DA:19,0
DA:25,0
DA:26,0
DA:27,0
DA:28,0
DA:30,0
DA:32,0
DA:38,0
DA:39,0
DA:40,0
DA:42,0
DA:44,0
DA:45,0
DA:47,0
DA:48,0
DA:54,0
DA:55,0
DA:56,0
DA:58,0
DA:60,0
DA:61,0
DA:62,0
DA:64,0
DA:66,0
DA:67,0
DA:73,0
DA:74,0
DA:75,0
DA:76,0
DA:78,0
DA:80,0
DA:86,0
DA:87,0
DA:88,0
DA:90,0
LF:46
LH:3
BRDA:10,0,0,0
BRDA:10,0,1,0
BRDA:11,1,0,0
BRDA:11,1,1,0
BRDA:12,2,0,0
BRDA:12,2,1,0
BRDA:27,3,0,0
BRDA:27,3,1,0
BRDA:40,4,0,0
BRDA:40,4,1,0
BRDA:56,5,0,0
BRDA:56,5,1,0
BRDA:61,6,0,0
BRDA:61,6,1,0
BRDA:75,7,0,0
BRDA:75,7,1,0
BRF:16
BRH:0
end_of_record
TN:
SF:src\controllers\auth.controller.ts
FN:8,(anonymous_0)
FN:14,(anonymous_1)
FN:35,(anonymous_2)
FN:41,(anonymous_3)
FNF:4
FNH:2
FNDA:2,(anonymous_0)
FNDA:3,(anonymous_1)
FNDA:0,(anonymous_2)
FNDA:0,(anonymous_3)
DA:2,7
DA:3,7
DA:5,7
DA:7,7
DA:9,2
DA:10,2
DA:11,2
DA:12,1
DA:14,3
DA:18,1
DA:19,1
DA:20,1
DA:22,1
DA:28,0
DA:36,0
DA:37,0
DA:38,0
DA:39,0
DA:41,0
DA:45,0
DA:46,0
DA:49,0
DA:55,0
DA:62,0
LF:24
LH:13
BRDA:11,0,0,1
BRDA:11,0,1,1
BRDA:19,1,0,1
BRDA:19,1,1,0
BRDA:28,2,0,0
BRDA:28,2,1,0
BRDA:30,3,0,0
BRDA:30,3,1,0
BRDA:38,4,0,0
BRDA:38,4,1,0
BRDA:62,5,0,0
BRDA:62,5,1,0
BRDA:64,6,0,0
BRDA:64,6,1,0
BRF:14
BRH:3
end_of_record
TN:
SF:src\controllers\booking.controller.ts
FN:11,(anonymous_0)
FN:32,(anonymous_1)
FN:56,(anonymous_2)
FN:69,(anonymous_3)
FN:87,(anonymous_4)
FNF:5
FNH:0
FNDA:0,(anonymous_0)
FNDA:0,(anonymous_1)
FNDA:0,(anonymous_2)
FNDA:0,(anonymous_3)
FNDA:0,(anonymous_4)
DA:2,7
DA:3,7
DA:6,7
DA:7,7
DA:9,7
DA:12,0
DA:13,0
DA:14,0
DA:16,0
DA:17,0
DA:18,0
DA:24,0
DA:25,0
DA:27,0
DA:33,0
DA:34,0
DA:35,0
DA:36,0
DA:39,0
DA:40,0
DA:41,0
DA:44,0
DA:45,0
DA:46,0
DA:49,0
DA:51,0
DA:57,0
DA:58,0
DA:59,0
DA:60,0
DA:62,0
DA:64,0
DA:70,0
DA:71,0
DA:72,0
DA:74,0
DA:75,0
DA:78,0
DA:79,0
DA:81,0
DA:82,0
DA:88,0
DA:89,0
DA:92,0
DA:94,0
DA:95,0
DA:97,0
DA:99,0
DA:102,0
DA:104,0
LF:50
LH:5
BRDA:17,0,0,0
BRDA:17,0,1,0
BRDA:35,1,0,0
BRDA:35,1,1,0
BRDA:40,2,0,0
BRDA:40,2,1,0
BRDA:45,3,0,0
BRDA:45,3,1,0
BRDA:59,4,0,0
BRDA:59,4,1,0
BRDA:74,5,0,0
BRDA:74,5,1,0
BRDA:81,6,0,0
BRDA:81,6,1,0
BRDA:92,7,0,0
BRDA:92,7,1,0
BRDA:95,8,0,0
BRDA:95,8,1,0
BRF:18
BRH:0
end_of_record
TN:
SF:src\controllers\chat.controller.ts
FN:8,(anonymous_0)
FN:27,(anonymous_1)
FN:48,(anonymous_2)
FNF:3
FNH:0
FNDA:0,(anonymous_0)
FNDA:0,(anonymous_1)
FNDA:0,(anonymous_2)
DA:2,7
DA:3,7
DA:5,7
DA:7,7
DA:9,0
DA:10,0
DA:11,0
DA:12,0
DA:13,0
DA:16,0
DA:18,0
DA:20,0
DA:21,0
DA:23,0
DA:28,0
DA:29,0
DA:30,0
DA:31,0
DA:32,0
DA:33,0
DA:35,0
DA:42,0
DA:44,0
DA:49,0
DA:50,0
DA:51,0
DA:52,0
DA:53,0
DA:55,0
LF:29
LH:4
BRDA:13,0,0,0
BRDA:13,0,1,0
BRDA:16,1,0,0
BRDA:16,1,1,0
BRDA:18,2,0,0
BRDA:18,2,1,0
BRDA:32,3,0,0
BRDA:32,3,1,0
BRDA:32,4,0,0
BRDA:32,4,1,0
BRF:10
BRH:0
end_of_record
TN:
SF:src\controllers\contract.controller.ts
FN:8,(anonymous_0)
FN:29,(anonymous_1)
FN:39,(anonymous_2)
FN:49,(anonymous_3)
FN:59,(anonymous_4)
FN:69,(anonymous_5)
FN:79,(anonymous_6)
FN:88,(anonymous_7)
FN:98,(anonymous_8)
FNF:9
FNH:0
FNDA:0,(anonymous_0)
FNDA:0,(anonymous_1)
FNDA:0,(anonymous_2)
FNDA:0,(anonymous_3)
FNDA:0,(anonymous_4)
FNDA:0,(anonymous_5)
FNDA:0,(anonymous_6)
FNDA:0,(anonymous_7)
FNDA:0,(anonymous_8)
DA:2,7
DA:3,7
DA:5,7
DA:7,7
DA:9,0
DA:10,0
DA:11,0
DA:12,0
DA:15,0
DA:23,0
DA:25,0
DA:30,0
DA:31,0
DA:32,0
DA:33,0
DA:35,0
DA:40,0
DA:41,0
DA:42,0
DA:43,0
DA:45,0
DA:50,0
DA:51,0
DA:52,0
DA:53,0
DA:55,0
DA:60,0
DA:61,0
DA:62,0
DA:63,0
DA:65,0
DA:70,0
DA:71,0
DA:72,0
DA:73,0
DA:75,0
DA:80,0
DA:81,0
DA:82,0
DA:84,0
DA:89,0
DA:90,0
DA:91,0
DA:93,0
DA:99,0
DA:100,0
DA:101,0
DA:102,0
DA:104,0
DA:106,0
LF:50
LH:4
BRDA:11,0,0,0
BRDA:11,0,1,0
BRDA:32,1,0,0
BRDA:32,1,1,0
BRDA:42,2,0,0
BRDA:42,2,1,0
BRDA:52,3,0,0
BRDA:52,3,1,0
BRDA:62,4,0,0
BRDA:62,4,1,0
BRDA:72,5,0,0
BRDA:72,5,1,0
BRDA:101,6,0,0
BRDA:101,6,1,0
BRF:14
BRH:0
end_of_record
TN:
SF:src\controllers\member.controller.ts
FN:7,(anonymous_0)
FN:16,(anonymous_1)
FN:25,(anonymous_2)
FNF:3
FNH:0
FNDA:0,(anonymous_0)
FNDA:0,(anonymous_1)
FNDA:0,(anonymous_2)
DA:2,7
DA:4,7
DA:6,7
DA:8,0
DA:9,0
DA:10,0
DA:12,0
DA:17,0
DA:18,0
DA:19,0
DA:21,0
DA:26,0
DA:27,0
DA:28,0
DA:30,0
LF:15
LH:3
BRF:0
BRH:0
end_of_record
TN:
SF:src\controllers\password.controller.ts
FN:9,(anonymous_1)
FN:31,(anonymous_2)
FNF:2
FNH:0
FNDA:0,(anonymous_1)
FNDA:0,(anonymous_2)
DA:2,7
DA:3,7
DA:4,7
DA:5,7
DA:6,7
DA:8,7
DA:10,0
DA:11,0
DA:12,0
DA:13,0
DA:14,0
DA:18,0
DA:19,0
DA:21,0
DA:23,0
DA:25,0
DA:27,0
DA:32,0
DA:33,0
DA:34,0
DA:36,0
DA:37,0
DA:38,0
DA:41,0
DA:42,0
DA:43,0
DA:46,0
DA:47,0
DA:49,0
DA:51,0
DA:53,0
LF:31
LH:6
BRDA:13,0,0,0
BRDA:13,0,1,0
BRDA:37,1,0,0
BRDA:37,1,1,0
BRDA:37,2,0,0
BRDA:37,2,1,0
BRDA:42,3,0,0
BRDA:42,3,1,0
BRF:8
BRH:0
end_of_record
TN:
SF:src\controllers\user.controller.ts
FN:7,(anonymous_1)
FN:26,(anonymous_2)
FNF:2
FNH:0
FNDA:0,(anonymous_1)
FNDA:0,(anonymous_2)
DA:2,7
DA:3,7
DA:4,7
DA:7,7
DA:8,0
DA:9,0
DA:10,0
DA:12,0
DA:13,0
DA:16,0
DA:21,0
DA:26,7
DA:27,0
DA:28,0
DA:30,0
DA:31,0
DA:34,0
DA:35,0
DA:36,0
DA:40,0
DA:41,0
DA:42,0
DA:43,0
DA:48,0
DA:49,0
DA:50,0
DA:52,0
DA:58,0
LF:28
LH:5
BRDA:12,0,0,0
BRDA:12,0,1,0
BRDA:30,1,0,0
BRDA:30,1,1,0
BRDA:35,2,0,0
BRDA:35,2,1,0
BRDA:40,3,0,0
BRDA:40,3,1,0
BRDA:40,4,0,0
BRDA:40,4,1,0
BRDA:42,5,0,0
BRDA:42,5,1,0
BRF:12
BRH:0
end_of_record
TN:
SF:src\dtos\user.dto.ts
FNF:0
FNH:0
DA:1,7
DA:4,7
DA:14,7
LF:3
LH:3
BRF:0
BRH:0
end_of_record
TN:
SF:src\errors\http-error.ts
FN:4,(anonymous_0)
FNF:1
FNH:0
FNDA:0,(anonymous_0)
DA:1,7
DA:5,0
DA:6,0
LF:3
LH:1
BRF:0
BRH:0
end_of_record
TN:
SF:src\middlewares\auth.middleware.ts
FN:6,(anonymous_1)
FN:33,(anonymous_2)
FN:40,(anonymous_3)
FN:47,(anonymous_4)
FN:55,(anonymous_5)
FNF:5
FNH:1
FNDA:46,(anonymous_1)
FNDA:0,(anonymous_2)
FNDA:0,(anonymous_3)
FNDA:0,(anonymous_4)
FNDA:0,(anonymous_5)
DA:2,7
DA:3,7
DA:6,7
DA:7,46
DA:9,46
DA:11,46
DA:12,28
DA:15,18
DA:18,0
DA:26,0
DA:28,18
DA:33,7
DA:34,0
DA:35,0
DA:37,0
DA:40,7
DA:41,0
DA:42,0
DA:44,0
DA:47,7
DA:48,0
DA:49,0
DA:51,0
DA:55,7
DA:56,0
DA:57,0
DA:58,0
DA:63,0
LF:28
LH:13
BRDA:9,0,0,46
BRDA:9,0,1,46
BRDA:11,1,0,28
BRDA:11,1,1,18
BRDA:20,2,0,0
BRDA:20,2,1,0
BRDA:34,3,0,0
BRDA:34,3,1,0
BRDA:41,4,0,0
BRDA:41,4,1,0
BRDA:48,5,0,0
BRDA:48,5,1,0
BRDA:57,6,0,0
BRDA:57,6,1,0
BRF:14
BRH:4
end_of_record
TN:
SF:src\middlewares\ismemberornurse.middleware.ts
FN:3,(anonymous_0)
FNF:1
FNH:0
FNDA:0,(anonymous_0)
DA:3,7
DA:4,0
DA:6,0
DA:7,0
DA:13,0
LF:5
LH:1
BRDA:6,0,0,0
BRDA:6,0,1,0
BRF:2
BRH:0
end_of_record
TN:
SF:src\models\activity.model.ts
FNF:0
FNH:0
DA:1,7
DA:3,7
DA:104,7
LF:3
LH:3
BRF:0
BRH:0
end_of_record
TN:
SF:src\models\booking.model.ts
FNF:0
FNH:0
DA:1,7
DA:3,7
DA:26,7
LF:3
LH:3
BRF:0
BRH:0
end_of_record
TN:
SF:src\models\chat-message.model.ts
FNF:0
FNH:0
DA:1,7
DA:14,7
DA:26,7
LF:3
LH:3
BRF:0
BRH:0
end_of_record
TN:
SF:src\models\contract.model.ts
FNF:0
FNH:0
DA:1,7
DA:3,7
DA:41,7
LF:3
LH:3
BRF:0
BRH:0
end_of_record
TN:
SF:src\models\reset-token.model.ts
FNF:0
FNH:0
DA:1,7
DA:3,7
DA:15,7
LF:3
LH:3
BRF:0
BRH:0
end_of_record
TN:
SF:src\models\user.model.ts
FNF:0
FNH:0
DA:1,7
DA:4,7
DA:35,7
LF:3
LH:3
BRF:0
BRH:0
end_of_record
TN:
SF:src\repositories\activity.repository.ts
FN:5,(anonymous_1)
FN:10,(anonymous_2)
FN:19,(anonymous_3)
FN:29,(anonymous_4)
FNF:4
FNH:0
FNDA:0,(anonymous_1)
FNDA:0,(anonymous_2)
FNDA:0,(anonymous_3)
FNDA:0,(anonymous_4)
DA:1,7
DA:2,7
DA:4,7
DA:6,0
DA:7,0
DA:14,0
DA:20,0
DA:24,0
DA:30,0
DA:34,0
LF:10
LH:3
BRDA:20,0,0,0
BRDA:20,0,1,0
BRDA:30,1,0,0
BRDA:30,1,1,0
BRF:4
BRH:0
end_of_record
TN:
SF:src\repositories\admin.repository.ts
FN:5,(anonymous_1)
FN:50,(anonymous_2)
FN:56,(anonymous_3)
FN:69,(anonymous_4)
FN:73,(anonymous_5)
FN:77,(anonymous_6)
FNF:6
FNH:0
FNDA:0,(anonymous_1)
FNDA:0,(anonymous_2)
FNDA:0,(anonymous_3)
FNDA:0,(anonymous_4)
FNDA:0,(anonymous_5)
FNDA:0,(anonymous_6)
DA:1,7
DA:2,7
DA:4,7
DA:6,0
DA:9,0
DA:12,0
DA:13,0
DA:20,0
DA:23,0
DA:24,0
DA:25,0
DA:26,0
DA:29,0
DA:35,0
DA:37,0
DA:51,0
DA:57,0
DA:58,0
DA:70,0
DA:74,0
DA:78,0
DA:79,0
DA:80,0
DA:81,0
DA:83,0
LF:25
LH:3
BRDA:9,0,0,0
BRDA:9,0,1,0
BRDA:12,1,0,0
BRDA:12,1,1,0
BRDA:24,2,0,0
BRDA:24,2,1,0
BRDA:26,3,0,0
BRDA:26,3,1,0
BRF:8
BRH:0
end_of_record
TN:
SF:src\repositories\booking.repository.ts
FN:5,(anonymous_0)
FN:11,(anonymous_1)
FN:18,(anonymous_2)
FN:26,(anonymous_3)
FN:34,(anonymous_4)
FN:48,(anonymous_5)
FN:55,(anonymous_6)
FNF:7
FNH:0
FNDA:0,(anonymous_0)
FNDA:0,(anonymous_1)
FNDA:0,(anonymous_2)
FNDA:0,(anonymous_3)
FNDA:0,(anonymous_4)
FNDA:0,(anonymous_5)
FNDA:0,(anonymous_6)
DA:1,7
DA:3,7
DA:6,0
DA:7,0
DA:12,0
DA:19,0
DA:27,0
DA:38,0
DA:49,0
DA:56,0
LF:10
LH:2
BRF:0
BRH:0
end_of_record
TN:
SF:src\repositories\contract.repository.ts
FN:4,(anonymous_0)
FN:13,(anonymous_1)
FN:18,(anonymous_2)
FN:25,(anonymous_3)
FN:40,(anonymous_4)
FN:45,(anonymous_5)
FN:50,(anonymous_6)
FN:59,(anonymous_7)
FNF:8
FNH:0
FNDA:0,(anonymous_0)
FNDA:0,(anonymous_1)
FNDA:0,(anonymous_2)
FNDA:0,(anonymous_3)
FNDA:0,(anonymous_4)
FNDA:0,(anonymous_5)
FNDA:0,(anonymous_6)
FNDA:0,(anonymous_7)
DA:1,7
DA:3,7
DA:6,0
DA:10,0
DA:14,0
DA:20,0
DA:21,0
DA:26,0
DA:27,0
DA:29,0
DA:33,0
DA:34,0
DA:37,0
DA:41,0
DA:46,0
DA:51,0
DA:60,0
LF:17
LH:2
BRDA:20,0,0,0
BRDA:20,0,1,0
BRDA:27,1,0,0
BRDA:27,1,1,0
BRDA:29,2,0,0
BRDA:29,2,1,0
BRDA:30,3,0,0
BRDA:30,3,1,0
BRDA:30,3,2,0
BRDA:30,3,3,0
BRF:10
BRH:0
end_of_record
TN:
SF:src\repositories\member.repository.ts
FN:5,(anonymous_0)
FN:10,(anonymous_1)
FN:17,(anonymous_2)
FNF:3
FNH:0
FNDA:0,(anonymous_0)
FNDA:0,(anonymous_1)
FNDA:0,(anonymous_2)
DA:1,7
DA:2,7
DA:4,7
DA:6,0
DA:11,0
DA:12,0
DA:18,0
DA:19,0
DA:20,0
DA:22,0
DA:23,0
DA:25,0
DA:27,0
LF:13
LH:3
BRDA:25,0,0,0
BRDA:25,0,1,0
BRF:2
BRH:0
end_of_record
TN:
SF:src\repositories\user.repository.ts
FN:15,(anonymous_1)
FN:20,(anonymous_2)
FN:24,(anonymous_3)
FN:29,(anonymous_4)
FN:35,(anonymous_5)
FN:39,(anonymous_6)
FN:43,(anonymous_7)
FN:47,(anonymous_8)
FNF:8
FNH:4
FNDA:1,(anonymous_1)
FNDA:1,(anonymous_2)
FNDA:1,(anonymous_3)
FNDA:1,(anonymous_4)
FNDA:0,(anonymous_5)
FNDA:0,(anonymous_6)
FNDA:0,(anonymous_7)
FNDA:0,(anonymous_8)
DA:1,7
DA:2,7
DA:14,7
DA:16,1
DA:17,1
DA:21,1
DA:25,1
DA:30,1
DA:31,0
DA:36,0
DA:40,0
DA:44,0
DA:45,0
DA:48,0
LF:14
LH:8
BRDA:30,0,0,1
BRDA:30,0,1,0
BRDA:45,1,0,0
BRDA:45,1,1,0
BRF:4
BRH:1
end_of_record
TN:
SF:src\routes\activity.route.ts
FNF:0
FNH:0
DA:1,7
DA:2,7
DA:3,7
DA:5,7
DA:6,7
DA:9,7
DA:12,7
DA:15,7
DA:18,7
DA:20,7
LF:10
LH:10
BRF:0
BRH:0
end_of_record
TN:
SF:src\routes\admin.route.ts
FNF:0
FNH:0
DA:1,7
DA:2,7
DA:3,7
DA:4,7
DA:6,7
DA:7,7
DA:10,7
DA:11,7
DA:14,7
DA:17,7
DA:20,7
DA:23,7
DA:25,7
LF:13
LH:13
BRF:0
BRH:0
end_of_record
TN:
SF:src\routes\auth.route.ts
FN:14,(anonymous_1)
FN:19,(anonymous_2)
FN:62,(anonymous_3)
FN:83,(anonymous_4)
FN:100,(anonymous_5)
FNF:5
FNH:2
FNDA:2,(anonymous_1)
FNDA:2,(anonymous_2)
FNDA:0,(anonymous_3)
FNDA:0,(anonymous_4)
FNDA:0,(anonymous_5)
DA:1,7
DA:2,7
DA:3,7
DA:4,7
DA:5,7
DA:6,7
DA:7,7
DA:9,7
DA:10,7
DA:11,7
DA:14,7
DA:15,2
DA:19,7
DA:20,2
DA:21,2
DA:22,2
DA:23,2
DA:24,2
DA:28,0
DA:29,0
DA:30,0
DA:31,0
DA:35,0
DA:37,0
DA:45,0
DA:57,0
DA:62,7
DA:63,0
DA:64,0
DA:65,0
DA:66,0
DA:69,0
DA:70,0
DA:72,0
DA:73,0
DA:76,0
DA:78,0
DA:83,7
DA:84,0
DA:85,0
DA:86,0
DA:87,0
DA:89,0
DA:90,0
DA:91,0
DA:93,0
DA:95,0
DA:100,7
DA:101,0
DA:106,0
DA:109,7
LF:51
LH:22
BRDA:23,0,0,2
BRDA:23,0,1,0
BRDA:30,1,0,0
BRDA:30,1,1,0
BRDA:65,2,0,0
BRDA:65,2,1,0
BRDA:72,3,0,0
BRDA:72,3,1,0
BRDA:86,4,0,0
BRDA:86,4,1,0
BRDA:90,5,0,0
BRDA:90,5,1,0
BRF:12
BRH:1
end_of_record
TN:
SF:src\routes\booking.route.ts
FNF:0
FNH:0
DA:1,7
DA:2,7
DA:3,7
DA:4,7
DA:6,7
DA:7,7
DA:10,7
DA:13,7
DA:16,7
DA:19,7
DA:22,7
DA:24,7
LF:12
LH:12
BRF:0
BRH:0
end_of_record
TN:
SF:src\routes\chat.routes.ts
FN:8,(anonymous_0)
FN:9,(anonymous_1)
FN:10,(anonymous_2)
FNF:3
FNH:0
FNDA:0,(anonymous_0)
FNDA:0,(anonymous_1)
FNDA:0,(anonymous_2)
DA:1,7
DA:2,7
DA:3,7
DA:5,7
DA:6,7
DA:8,7
DA:9,7
DA:10,7
DA:12,7
LF:9
LH:9
BRF:0
BRH:0
end_of_record
TN:
SF:src\routes\contract.routes.ts
FN:9,(anonymous_0)
FN:12,(anonymous_1)
FN:15,(anonymous_2)
FN:16,(anonymous_3)
FN:19,(anonymous_4)
FN:20,(anonymous_5)
FN:23,(anonymous_6)
FN:24,(anonymous_7)
FN:27,(anonymous_8)
FNF:9
FNH:0
FNDA:0,(anonymous_0)
FNDA:0,(anonymous_1)
FNDA:0,(anonymous_2)
FNDA:0,(anonymous_3)
FNDA:0,(anonymous_4)
FNDA:0,(anonymous_5)
FNDA:0,(anonymous_6)
FNDA:0,(anonymous_7)
FNDA:0,(anonymous_8)
DA:1,7
DA:2,7
DA:3,7
DA:5,7
DA:6,7
DA:9,7
DA:12,7
DA:15,7
DA:16,7
DA:19,7
DA:20,7
DA:23,7
DA:24,7
DA:27,7
DA:29,7
LF:15
LH:15
BRF:0
BRH:0
end_of_record
TN:
SF:src\routes\member.routes.ts
FNF:0
FNH:0
DA:1,7
DA:2,7
DA:3,7
DA:5,7
DA:6,7
DA:8,7
DA:9,7
DA:10,7
DA:12,7
LF:9
LH:9
BRF:0
BRH:0
end_of_record
TN:
SF:src\routes\password.route.ts
FN:8,(anonymous_0)
FN:13,(anonymous_1)
FNF:2
FNH:0
FNDA:0,(anonymous_0)
FNDA:0,(anonymous_1)
DA:1,7
DA:2,7
DA:4,7
DA:5,7
DA:8,7
DA:9,0
DA:13,7
DA:14,0
DA:17,7
LF:9
LH:7
BRF:0
BRH:0
end_of_record
TN:
SF:src\routes\user.routes.ts
FN:10,(anonymous_1)
FN:23,(anonymous_2)
FN:39,(anonymous_3)
FNF:3
FNH:1
FNDA:1,(anonymous_1)
FNDA:0,(anonymous_2)
FNDA:0,(anonymous_3)
DA:1,7
DA:2,7
DA:3,7
DA:4,7
DA:6,7
DA:7,7
DA:10,7
DA:11,1
DA:12,1
DA:13,1
DA:14,1
DA:16,0
DA:18,0
DA:23,7
DA:24,0
DA:25,0
DA:26,0
DA:27,0
DA:29,0
DA:31,0
DA:36,7
DA:39,7
DA:40,0
DA:41,0
DA:42,0
DA:43,0
DA:44,0
DA:46,0
DA:47,0
DA:49,0
DA:53,7
LF:31
LH:15
BRDA:13,0,0,1
BRDA:13,0,1,0
BRDA:26,1,0,0
BRDA:26,1,1,0
BRDA:42,2,0,0
BRDA:42,2,1,0
BRF:6
BRH:1
end_of_record
TN:
SF:src\services\activity.service.ts
FN:6,(anonymous_0)
FN:11,(anonymous_1)
FN:15,(anonymous_2)
FN:19,(anonymous_3)
FNF:4
FNH:0
FNDA:0,(anonymous_0)
FNDA:0,(anonymous_1)
FNDA:0,(anonymous_2)
FNDA:0,(anonymous_3)
DA:1,7
DA:3,7
DA:5,7
DA:7,0
DA:12,0
DA:16,0
DA:20,0
LF:7
LH:3
BRF:0
BRH:0
end_of_record
TN:
SF:src\services\admin.service.ts
FN:5,(anonymous_0)
FN:8,(anonymous_1)
FN:9,(anonymous_2)
FN:10,(anonymous_3)
FN:11,(anonymous_4)
FN:12,(anonymous_5)
FNF:6
FNH:0
FNDA:0,(anonymous_0)
FNDA:0,(anonymous_1)
FNDA:0,(anonymous_2)
FNDA:0,(anonymous_3)
FNDA:0,(anonymous_4)
FNDA:0,(anonymous_5)
DA:1,7
DA:2,7
DA:4,7
DA:6,0
DA:8,0
DA:9,0
DA:10,0
DA:11,0
DA:12,0
LF:9
LH:3
BRF:0
BRH:0
end_of_record
TN:
SF:src\services\booking.service.ts
FN:10,(anonymous_0)
FN:15,(anonymous_1)
FN:23,(anonymous_2)
FN:44,(anonymous_3)
FN:49,(anonymous_4)
FN:54,(anonymous_5)
FN:63,(anonymous_6)
FN:68,(anonymous_7)
FNF:8
FNH:0
FNDA:0,(anonymous_0)
FNDA:0,(anonymous_1)
FNDA:0,(anonymous_2)
FNDA:0,(anonymous_3)
FNDA:0,(anonymous_4)
FNDA:0,(anonymous_5)
FNDA:0,(anonymous_6)
FNDA:0,(anonymous_7)
DA:2,7
DA:3,7
DA:5,7
DA:6,7
DA:8,7
DA:11,0
DA:19,0
DA:25,0
DA:30,0
DA:34,0
DA:45,0
DA:50,0
DA:55,0
DA:64,0
DA:69,0
DA:70,0
DA:73,0
DA:78,0
DA:82,0
DA:86,0
DA:89,0
DA:91,0
DA:92,0
DA:95,0
LF:24
LH:5
BRDA:25,0,0,0
BRDA:25,0,1,0
BRDA:25,1,0,0
BRDA:25,1,1,0
BRDA:25,1,2,0
BRDA:30,2,0,0
BRDA:30,2,1,0
BRDA:30,3,0,0
BRDA:30,3,1,0
BRDA:30,3,2,0
BRDA:70,4,0,0
BRDA:70,4,1,0
BRDA:73,5,0,0
BRDA:73,5,1,0
BRDA:73,6,0,0
BRDA:73,6,1,0
BRDA:73,6,2,0
BRDA:78,7,0,0
BRDA:78,7,1,0
BRDA:78,8,0,0
BRDA:78,8,1,0
BRDA:78,8,2,0
BRDA:82,9,0,0
BRDA:82,9,1,0
BRDA:83,10,0,0
BRDA:83,10,1,0
BRDA:83,10,2,0
BRDA:83,10,3,0
BRDA:91,11,0,0
BRDA:91,11,1,0
BRF:30
BRH:0
end_of_record
TN:
SF:src\services\chat.service.ts
FN:5,(anonymous_0)
FN:36,(anonymous_1)
FN:43,(anonymous_2)
FNF:3
FNH:0
FNDA:0,(anonymous_0)
FNDA:0,(anonymous_1)
FNDA:0,(anonymous_2)
DA:1,7
DA:2,7
DA:4,7
DA:18,0
DA:22,0
DA:23,0
DA:25,0
DA:33,0
DA:37,0
DA:44,0
LF:10
LH:3
BRDA:22,0,0,0
BRDA:22,0,1,0
BRDA:23,1,0,0
BRDA:23,1,1,0
BRF:4
BRH:0
end_of_record
TN:
SF:src\services\contract.service.ts
FN:6,(anonymous_0)
FN:10,(anonymous_1)
FN:14,(anonymous_2)
FN:18,(anonymous_3)
FN:22,(anonymous_4)
FN:26,(anonymous_5)
FN:30,(anonymous_6)
FN:35,(anonymous_7)
FNF:8
FNH:0
FNDA:0,(anonymous_0)
FNDA:0,(anonymous_1)
FNDA:0,(anonymous_2)
FNDA:0,(anonymous_3)
FNDA:0,(anonymous_4)
FNDA:0,(anonymous_5)
FNDA:0,(anonymous_6)
FNDA:0,(anonymous_7)
DA:1,7
DA:3,7
DA:5,7
DA:7,0
DA:11,0
DA:15,0
DA:19,0
DA:23,0
DA:27,0
DA:31,0
DA:36,0
LF:11
LH:3
BRF:0
BRH:0
end_of_record
TN:
SF:src\services\member.service.ts
FN:6,(anonymous_0)
FN:10,(anonymous_1)
FN:14,(anonymous_2)
FNF:3
FNH:0
FNDA:0,(anonymous_0)
FNDA:0,(anonymous_1)
FNDA:0,(anonymous_2)
DA:1,7
DA:3,7
DA:5,7
DA:7,0
DA:11,0
DA:15,0
LF:6
LH:3
BRF:0
BRH:0
end_of_record
TN:
SF:src\services\user.service.ts
FN:11,(anonymous_1)
FN:34,(anonymous_2)
FN:59,(anonymous_3)
FNF:3
FNH:1
FNDA:1,(anonymous_1)
FNDA:0,(anonymous_2)
FNDA:0,(anonymous_3)
DA:1,7
DA:2,7
DA:3,7
DA:5,7
DA:6,7
DA:8,7
DA:10,7
DA:12,1
DA:13,1
DA:14,0
DA:17,1
DA:18,1
DA:19,0
DA:22,1
DA:23,1
DA:26,1
DA:28,1
DA:30,1
DA:31,1
DA:35,0
DA:36,0
DA:37,0
DA:40,0
DA:41,0
DA:42,0
DA:45,0
DA:53,0
DA:55,0
DA:56,0
DA:60,0
DA:61,0
DA:62,0
DA:64,0
DA:65,0
LF:34
LH:17
BRDA:13,0,0,0
BRDA:13,0,1,1
BRDA:18,1,0,0
BRDA:18,1,1,1
BRDA:26,2,0,1
BRDA:26,2,1,0
BRDA:36,3,0,0
BRDA:36,3,1,0
BRDA:41,4,0,0
BRDA:41,4,1,0
BRDA:61,5,0,0
BRDA:61,5,1,0
BRF:12
BRH:3
end_of_record
